[0.012s] Invoking command in '/home/ugie_home/Wook/blog_ws/build/node_default': CMAKE_PREFIX_PATH=${CMAKE_PREFIX_PATH}:/opt/ros/humble /usr/bin/cmake /home/ugie_home/Wook/blog_ws/src/node_default -DAMENT_CMAKE_SYMLINK_INSTALL=1 -DCMAKE_INSTALL_PREFIX=/home/ugie_home/Wook/blog_ws/install/node_default
[0.050s] -- The C compiler identification is GNU 11.4.0
[0.090s] -- The CXX compiler identification is GNU 11.4.0
[0.096s] -- Detecting C compiler ABI info
[0.147s] -- Detecting C compiler ABI info - done
[0.152s] -- Check for working C compiler: /usr/bin/cc - skipped
[0.152s] -- Detecting C compile features
[0.152s] -- Detecting C compile features - done
[0.154s] -- Detecting CXX compiler ABI info
[0.213s] -- Detecting CXX compiler ABI info - done
[0.218s] -- Check for working CXX compiler: /usr/bin/c++ - skipped
[0.218s] -- Detecting CXX compile features
[0.219s] -- Detecting CXX compile features - done
[0.221s] -- Found ament_cmake: 1.3.11 (/opt/ros/humble/share/ament_cmake/cmake)
[0.325s] -- Found Python3: /usr/bin/python3 (found version "3.10.12") found components: Interpreter 
[0.370s] -- Override CMake install command with custom implementation using symlinks instead of copying resources
[0.397s] -- Found rclcpp: 16.0.12 (/opt/ros/humble/share/rclcpp/cmake)
[0.428s] -- Found rosidl_generator_c: 3.1.6 (/opt/ros/humble/share/rosidl_generator_c/cmake)
[0.432s] -- Found rosidl_adapter: 3.1.6 (/opt/ros/humble/share/rosidl_adapter/cmake)
[0.438s] -- Found rosidl_generator_cpp: 3.1.6 (/opt/ros/humble/share/rosidl_generator_cpp/cmake)
[0.447s] -- Using all available rosidl_typesupport_c: rosidl_typesupport_fastrtps_c;rosidl_typesupport_introspection_c
[0.458s] -- Using all available rosidl_typesupport_cpp: rosidl_typesupport_fastrtps_cpp;rosidl_typesupport_introspection_cpp
[0.491s] -- Found rmw_implementation_cmake: 6.1.2 (/opt/ros/humble/share/rmw_implementation_cmake/cmake)
[0.493s] -- Found rmw_fastrtps_cpp: 6.2.7 (/opt/ros/humble/share/rmw_fastrtps_cpp/cmake)
[0.561s] -- Found OpenSSL: /usr/lib/x86_64-linux-gnu/libcrypto.so (found version "3.0.2")  
[0.588s] -- Found FastRTPS: /opt/ros/humble/include  
[0.631s] -- Using RMW implementation 'rmw_fastrtps_cpp' as default
[0.638s] -- Looking for pthread.h
[0.691s] -- Looking for pthread.h - found
[0.691s] -- Performing Test CMAKE_HAVE_LIBC_PTHREAD
[0.745s] -- Performing Test CMAKE_HAVE_LIBC_PTHREAD - Success
[0.746s] -- Found Threads: TRUE  
[0.783s] -- Found ament_lint_auto: 0.12.12 (/opt/ros/humble/share/ament_lint_auto/cmake)
[0.839s] -- Added test 'cppcheck' to perform static code analysis on C / C++ code
[0.839s] -- Configured cppcheck include dirs: $<BUILD_INTERFACE:/home/ugie_home/Wook/blog_ws/src/node_default/include>
[0.839s] -- Configured cppcheck exclude dirs and/or files: 
[0.840s] -- Added test 'lint_cmake' to check CMake code style
[0.840s] -- Added test 'uncrustify' to check C / C++ code style
[0.841s] -- Configured uncrustify additional arguments: 
[0.841s] -- Added test 'xmllint' to check XML markup files
[0.842s] -- Configuring done
[0.851s] -- Generating done
[0.854s] -- Build files have been written to: /home/ugie_home/Wook/blog_ws/build/node_default
[0.861s] Invoked command in '/home/ugie_home/Wook/blog_ws/build/node_default' returned '0': CMAKE_PREFIX_PATH=${CMAKE_PREFIX_PATH}:/opt/ros/humble /usr/bin/cmake /home/ugie_home/Wook/blog_ws/src/node_default -DAMENT_CMAKE_SYMLINK_INSTALL=1 -DCMAKE_INSTALL_PREFIX=/home/ugie_home/Wook/blog_ws/install/node_default
[0.863s] Invoking command in '/home/ugie_home/Wook/blog_ws/build/node_default': CMAKE_PREFIX_PATH=${CMAKE_PREFIX_PATH}:/opt/ros/humble /usr/bin/cmake --build /home/ugie_home/Wook/blog_ws/build/node_default -- -j12 -l12
[0.903s] [ 50%] [32mBuilding CXX object CMakeFiles/node_2.dir/src/node_2.cpp.o[0m
[0.903s] [ 50%] [32mBuilding CXX object CMakeFiles/node_1.dir/src/node_1.cpp.o[0m
[3.457s] [ 75%] [32m[1mLinking CXX executable node_2[0m
[3.538s] [ 75%] Built target node_2
[3.941s] [100%] [32m[1mLinking CXX executable node_1[0m
[4.020s] [100%] Built target node_1
[4.029s] Invoked command in '/home/ugie_home/Wook/blog_ws/build/node_default' returned '0': CMAKE_PREFIX_PATH=${CMAKE_PREFIX_PATH}:/opt/ros/humble /usr/bin/cmake --build /home/ugie_home/Wook/blog_ws/build/node_default -- -j12 -l12
[4.030s] Invoking command in '/home/ugie_home/Wook/blog_ws/build/node_default': CMAKE_PREFIX_PATH=${CMAKE_PREFIX_PATH}:/opt/ros/humble /usr/bin/cmake --install /home/ugie_home/Wook/blog_ws/build/node_default
[4.036s] -- Install configuration: ""
[4.036s] -- Execute custom install script
[4.036s] -- Symlinking: /home/ugie_home/Wook/blog_ws/install/node_default/lib/node_default/node_1
[4.043s] -- Symlinking: /home/ugie_home/Wook/blog_ws/install/node_default/lib/node_default/node_2
[4.050s] -- Symlinking: /home/ugie_home/Wook/blog_ws/install/node_default/share/ament_index/resource_index/package_run_dependencies/node_default
[4.057s] -- Symlinking: /home/ugie_home/Wook/blog_ws/install/node_default/share/ament_index/resource_index/parent_prefix_path/node_default
[4.063s] -- Symlinking: /home/ugie_home/Wook/blog_ws/install/node_default/share/node_default/environment/ament_prefix_path.sh
[4.070s] -- Symlinking: /home/ugie_home/Wook/blog_ws/install/node_default/share/node_default/environment/ament_prefix_path.dsv
[4.077s] -- Symlinking: /home/ugie_home/Wook/blog_ws/install/node_default/share/node_default/environment/path.sh
[4.084s] -- Symlinking: /home/ugie_home/Wook/blog_ws/install/node_default/share/node_default/environment/path.dsv
[4.091s] -- Symlinking: /home/ugie_home/Wook/blog_ws/install/node_default/share/node_default/local_setup.bash
[4.098s] -- Symlinking: /home/ugie_home/Wook/blog_ws/install/node_default/share/node_default/local_setup.sh
[4.104s] -- Symlinking: /home/ugie_home/Wook/blog_ws/install/node_default/share/node_default/local_setup.zsh
[4.112s] -- Symlinking: /home/ugie_home/Wook/blog_ws/install/node_default/share/node_default/local_setup.dsv
[4.119s] -- Symlinking: /home/ugie_home/Wook/blog_ws/install/node_default/share/node_default/package.dsv
[4.127s] -- Symlinking: /home/ugie_home/Wook/blog_ws/install/node_default/share/ament_index/resource_index/packages/node_default
[4.134s] -- Symlinking: /home/ugie_home/Wook/blog_ws/install/node_default/share/node_default/cmake/node_defaultConfig.cmake
[4.141s] -- Symlinking: /home/ugie_home/Wook/blog_ws/install/node_default/share/node_default/cmake/node_defaultConfig-version.cmake
[4.148s] -- Symlinking: /home/ugie_home/Wook/blog_ws/install/node_default/share/node_default/package.xml
[4.158s] Invoked command in '/home/ugie_home/Wook/blog_ws/build/node_default' returned '0': CMAKE_PREFIX_PATH=${CMAKE_PREFIX_PATH}:/opt/ros/humble /usr/bin/cmake --install /home/ugie_home/Wook/blog_ws/build/node_default
