-- Found ament_cmake: 1.3.11 (/opt/ros/humble/share/ament_cmake/cmake)
-- Override CMake install command with custom implementation using symlinks instead of copying resources
-- Found rclcpp: 16.0.12 (/opt/ros/humble/share/rclcpp/cmake)
-- Found rosidl_generator_c: 3.1.6 (/opt/ros/humble/share/rosidl_generator_c/cmake)
-- Found rosidl_adapter: 3.1.6 (/opt/ros/humble/share/rosidl_adapter/cmake)
-- Found rosidl_generator_cpp: 3.1.6 (/opt/ros/humble/share/rosidl_generator_cpp/cmake)
-- Using all available rosidl_typesupport_c: rosidl_typesupport_fastrtps_c;rosidl_typesupport_introspection_c
-- Using all available rosidl_typesupport_cpp: rosidl_typesupport_fastrtps_cpp;rosidl_typesupport_introspection_cpp
-- Found rmw_implementation_cmake: 6.1.2 (/opt/ros/humble/share/rmw_implementation_cmake/cmake)
-- Found rmw_fastrtps_cpp: 6.2.7 (/opt/ros/humble/share/rmw_fastrtps_cpp/cmake)
-- Using RMW implementation 'rmw_fastrtps_cpp' as default
-- Found rclcpp_action: 16.0.12 (/opt/ros/humble/share/rclcpp_action/cmake)
-- Found custom_interfaces: 0.0.0 (/home/ugie_home/Wook/blog_ws/install/custom_interfaces/share/custom_interfaces/cmake)
-- Found ament_lint_auto: 0.12.12 (/opt/ros/humble/share/ament_lint_auto/cmake)
-- Added test 'cppcheck' to perform static code analysis on C / C++ code
-- Configured cppcheck include dirs: $<BUILD_INTERFACE:/home/ugie_home/Wook/blog_ws/src/node_action/include>
-- Configured cppcheck exclude dirs and/or files: 
-- Added test 'lint_cmake' to check CMake code style
-- Added test 'uncrustify' to check C / C++ code style
-- Configured uncrustify additional arguments: 
-- Added test 'xmllint' to check XML markup files
-- Configuring done
-- Generating done
-- Build files have been written to: /home/ugie_home/Wook/blog_ws/build/node_action
[ 25%] [32mBuilding CXX object CMakeFiles/action_server.dir/src/action_server.cpp.o[0m
[ 50%] [32mBuilding CXX object CMakeFiles/action_client.dir/src/action_client.cpp.o[0m
[ 75%] [32m[1mLinking CXX executable action_server[0m
[100%] [32m[1mLinking CXX executable action_client[0m
[100%] Built target action_server
[100%] Built target action_client
-- Install configuration: ""
-- Execute custom install script
-- Symlinking: /home/ugie_home/Wook/blog_ws/install/node_action/lib/node_action/action_client
-- Symlinking: /home/ugie_home/Wook/blog_ws/install/node_action/lib/node_action/action_server
-- Symlinking: /home/ugie_home/Wook/blog_ws/install/node_action/share/ament_index/resource_index/package_run_dependencies/node_action
-- Symlinking: /home/ugie_home/Wook/blog_ws/install/node_action/share/ament_index/resource_index/parent_prefix_path/node_action
-- Symlinking: /home/ugie_home/Wook/blog_ws/install/node_action/share/node_action/environment/ament_prefix_path.sh
-- Symlinking: /home/ugie_home/Wook/blog_ws/install/node_action/share/node_action/environment/ament_prefix_path.dsv
-- Symlinking: /home/ugie_home/Wook/blog_ws/install/node_action/share/node_action/environment/path.sh
-- Symlinking: /home/ugie_home/Wook/blog_ws/install/node_action/share/node_action/environment/path.dsv
-- Symlinking: /home/ugie_home/Wook/blog_ws/install/node_action/share/node_action/local_setup.bash
-- Symlinking: /home/ugie_home/Wook/blog_ws/install/node_action/share/node_action/local_setup.sh
-- Symlinking: /home/ugie_home/Wook/blog_ws/install/node_action/share/node_action/local_setup.zsh
-- Symlinking: /home/ugie_home/Wook/blog_ws/install/node_action/share/node_action/local_setup.dsv
-- Symlinking: /home/ugie_home/Wook/blog_ws/install/node_action/share/node_action/package.dsv
-- Symlinking: /home/ugie_home/Wook/blog_ws/install/node_action/share/ament_index/resource_index/packages/node_action
-- Symlinking: /home/ugie_home/Wook/blog_ws/install/node_action/share/node_action/cmake/node_actionConfig.cmake
-- Symlinking: /home/ugie_home/Wook/blog_ws/install/node_action/share/node_action/cmake/node_actionConfig-version.cmake
-- Symlinking: /home/ugie_home/Wook/blog_ws/install/node_action/share/node_action/package.xml
