[0.012s] Invoking command in '/home/ugie_home/Wook/blog_ws/build/node_service': CMAKE_PREFIX_PATH=${CMAKE_PREFIX_PATH}:/opt/ros/humble /usr/bin/cmake --build /home/ugie_home/Wook/blog_ws/build/node_service -- -j12 -l12
[0.051s] [ 50%] Built target service_client
[0.052s] [100%] Built target service_server
[0.068s] Invoked command in '/home/ugie_home/Wook/blog_ws/build/node_service' returned '0': CMAKE_PREFIX_PATH=${CMAKE_PREFIX_PATH}:/opt/ros/humble /usr/bin/cmake --build /home/ugie_home/Wook/blog_ws/build/node_service -- -j12 -l12
[0.069s] Invoking command in '/home/ugie_home/Wook/blog_ws/build/node_service': CMAKE_PREFIX_PATH=${CMAKE_PREFIX_PATH}:/opt/ros/humble /usr/bin/cmake --install /home/ugie_home/Wook/blog_ws/build/node_service
[0.073s] -- Install configuration: ""
[0.074s] -- Execute custom install script
[0.074s] -- Up-to-date symlink: /home/ugie_home/Wook/blog_ws/install/node_service/lib/node_service/service_client
[0.074s] -- Up-to-date symlink: /home/ugie_home/Wook/blog_ws/install/node_service/lib/node_service/service_server
[0.074s] -- Up-to-date symlink: /home/ugie_home/Wook/blog_ws/install/node_service/share/ament_index/resource_index/package_run_dependencies/node_service
[0.074s] -- Up-to-date symlink: /home/ugie_home/Wook/blog_ws/install/node_service/share/ament_index/resource_index/parent_prefix_path/node_service
[0.075s] -- Up-to-date symlink: /home/ugie_home/Wook/blog_ws/install/node_service/share/node_service/environment/ament_prefix_path.sh
[0.075s] -- Up-to-date symlink: /home/ugie_home/Wook/blog_ws/install/node_service/share/node_service/environment/ament_prefix_path.dsv
[0.075s] -- Up-to-date symlink: /home/ugie_home/Wook/blog_ws/install/node_service/share/node_service/environment/path.sh
[0.075s] -- Up-to-date symlink: /home/ugie_home/Wook/blog_ws/install/node_service/share/node_service/environment/path.dsv
[0.075s] -- Up-to-date symlink: /home/ugie_home/Wook/blog_ws/install/node_service/share/node_service/local_setup.bash
[0.075s] -- Up-to-date symlink: /home/ugie_home/Wook/blog_ws/install/node_service/share/node_service/local_setup.sh
[0.075s] -- Up-to-date symlink: /home/ugie_home/Wook/blog_ws/install/node_service/share/node_service/local_setup.zsh
[0.075s] -- Up-to-date symlink: /home/ugie_home/Wook/blog_ws/install/node_service/share/node_service/local_setup.dsv
[0.076s] -- Symlinking: /home/ugie_home/Wook/blog_ws/install/node_service/share/node_service/package.dsv
[0.082s] -- Up-to-date symlink: /home/ugie_home/Wook/blog_ws/install/node_service/share/ament_index/resource_index/packages/node_service
[0.082s] -- Up-to-date symlink: /home/ugie_home/Wook/blog_ws/install/node_service/share/node_service/cmake/node_serviceConfig.cmake
[0.082s] -- Up-to-date symlink: /home/ugie_home/Wook/blog_ws/install/node_service/share/node_service/cmake/node_serviceConfig-version.cmake
[0.083s] -- Up-to-date symlink: /home/ugie_home/Wook/blog_ws/install/node_service/share/node_service/package.xml
[0.094s] Invoked command in '/home/ugie_home/Wook/blog_ws/build/node_service' returned '0': CMAKE_PREFIX_PATH=${CMAKE_PREFIX_PATH}:/opt/ros/humble /usr/bin/cmake --install /home/ugie_home/Wook/blog_ws/build/node_service
