[0.012s] Invoking command in '/home/ugie_home/Wook/blog_ws/build/node_service': CMAKE_PREFIX_PATH=${CMAKE_PREFIX_PATH}:/opt/ros/humble /usr/bin/cmake --build /home/ugie_home/Wook/blog_ws/build/node_service -- -j12 -l12
[0.045s] [35m[1mConsolidate compiler generated dependencies of target service_client[0m
[0.045s] [35m[1mConsolidate compiler generated dependencies of target service_server[0m
[0.064s] [ 50%] Built target service_client
[0.066s] [100%] Built target service_server
[0.083s] Invoked command in '/home/ugie_home/Wook/blog_ws/build/node_service' returned '0': CMAKE_PREFIX_PATH=${CMAKE_PREFIX_PATH}:/opt/ros/humble /usr/bin/cmake --build /home/ugie_home/Wook/blog_ws/build/node_service -- -j12 -l12
[0.084s] Invoking command in '/home/ugie_home/Wook/blog_ws/build/node_service': CMAKE_PREFIX_PATH=${CMAKE_PREFIX_PATH}:/opt/ros/humble /usr/bin/cmake --install /home/ugie_home/Wook/blog_ws/build/node_service
[0.090s] -- Install configuration: ""
[0.090s] -- Execute custom install script
[0.090s] -- Up-to-date symlink: /home/ugie_home/Wook/blog_ws/install/node_service/lib/node_service/service_client
[0.091s] -- Up-to-date symlink: /home/ugie_home/Wook/blog_ws/install/node_service/lib/node_service/service_server
[0.091s] -- Up-to-date symlink: /home/ugie_home/Wook/blog_ws/install/node_service/share/ament_index/resource_index/package_run_dependencies/node_service
[0.091s] -- Up-to-date symlink: /home/ugie_home/Wook/blog_ws/install/node_service/share/ament_index/resource_index/parent_prefix_path/node_service
[0.091s] -- Up-to-date symlink: /home/ugie_home/Wook/blog_ws/install/node_service/share/node_service/environment/ament_prefix_path.sh
[0.091s] -- Up-to-date symlink: /home/ugie_home/Wook/blog_ws/install/node_service/share/node_service/environment/ament_prefix_path.dsv
[0.091s] -- Up-to-date symlink: /home/ugie_home/Wook/blog_ws/install/node_service/share/node_service/environment/path.sh
[0.092s] -- Up-to-date symlink: /home/ugie_home/Wook/blog_ws/install/node_service/share/node_service/environment/path.dsv
[0.092s] -- Up-to-date symlink: /home/ugie_home/Wook/blog_ws/install/node_service/share/node_service/local_setup.bash
[0.092s] -- Up-to-date symlink: /home/ugie_home/Wook/blog_ws/install/node_service/share/node_service/local_setup.sh
[0.092s] -- Up-to-date symlink: /home/ugie_home/Wook/blog_ws/install/node_service/share/node_service/local_setup.zsh
[0.092s] -- Up-to-date symlink: /home/ugie_home/Wook/blog_ws/install/node_service/share/node_service/local_setup.dsv
[0.092s] -- Symlinking: /home/ugie_home/Wook/blog_ws/install/node_service/share/node_service/package.dsv
[0.099s] -- Up-to-date symlink: /home/ugie_home/Wook/blog_ws/install/node_service/share/ament_index/resource_index/packages/node_service
[0.099s] -- Up-to-date symlink: /home/ugie_home/Wook/blog_ws/install/node_service/share/node_service/cmake/node_serviceConfig.cmake
[0.099s] -- Up-to-date symlink: /home/ugie_home/Wook/blog_ws/install/node_service/share/node_service/cmake/node_serviceConfig-version.cmake
[0.100s] -- Up-to-date symlink: /home/ugie_home/Wook/blog_ws/install/node_service/share/node_service/package.xml
[0.113s] Invoked command in '/home/ugie_home/Wook/blog_ws/build/node_service' returned '0': CMAKE_PREFIX_PATH=${CMAKE_PREFIX_PATH}:/opt/ros/humble /usr/bin/cmake --install /home/ugie_home/Wook/blog_ws/build/node_service
