[0.016s] Invoking command in '/home/ugie_home/Wook/blog_ws/build/custom_interfaces': CMAKE_PREFIX_PATH=${CMAKE_PREFIX_PATH}:/opt/ros/humble /usr/bin/cmake --build /home/ugie_home/Wook/blog_ws/build/custom_interfaces -- -j12 -l12
[0.034s] -- Found ament_cmake: 1.3.11 (/opt/ros/humble/share/ament_cmake/cmake)
[0.120s] -- Override CMake install command with custom implementation using symlinks instead of copying resources
[0.129s] -- Found rosidl_default_generators: 1.2.0 (/opt/ros/humble/share/rosidl_default_generators/cmake)
[0.131s] -- Using all available rosidl_typesupport_c: rosidl_typesupport_fastrtps_c;rosidl_typesupport_introspection_c
[0.134s] -- Found rosidl_adapter: 3.1.6 (/opt/ros/humble/share/rosidl_adapter/cmake)
[0.160s] -- Using all available rosidl_typesupport_cpp: rosidl_typesupport_fastrtps_cpp;rosidl_typesupport_introspection_cpp
[0.176s] -- Found action_msgs: 1.2.1 (/opt/ros/humble/share/action_msgs/cmake)
[0.373s] -- Found ament_cmake_ros: 0.10.0 (/opt/ros/humble/share/ament_cmake_ros/cmake)
[0.514s] -- Using all available rosidl_typesupport_c: rosidl_typesupport_fastrtps_c;rosidl_typesupport_introspection_c
[0.693s] -- Using all available rosidl_typesupport_cpp: rosidl_typesupport_fastrtps_cpp;rosidl_typesupport_introspection_cpp
[0.709s] -- Found python_cmake_module: 0.10.0 (/opt/ros/humble/share/python_cmake_module/cmake)
[0.725s] -- Using PYTHON_EXECUTABLE: /usr/bin/python3
[0.725s] -- Using PYTHON_INCLUDE_DIRS: /usr/include/python3.10
[0.725s] -- Using PYTHON_LIBRARIES: /usr/lib/x86_64-linux-gnu/libpython3.10.so
[0.745s] -- Found ament_lint_auto: 0.12.12 (/opt/ros/humble/share/ament_lint_auto/cmake)
[0.756s] -- Added test 'lint_cmake' to check CMake code style
[0.758s] -- Added test 'xmllint' to check XML markup files
[0.760s] -- Configuring done
[0.785s] -- Generating done
[0.794s] -- Build files have been written to: /home/ugie_home/Wook/blog_ws/build/custom_interfaces
[0.812s] [35m[1mConsolidate compiler generated dependencies of target custom_interfaces__rosidl_generator_c[0m
[0.819s] [  3%] Built target custom_interfaces__cpp
[0.820s] [ 12%] Built target custom_interfaces__rosidl_generator_c
[0.826s] [ 12%] Built target ament_cmake_python_symlink_custom_interfaces
[0.827s] [35m[1mConsolidate compiler generated dependencies of target custom_interfaces__rosidl_typesupport_cpp[0m
[0.827s] [35m[1mConsolidate compiler generated dependencies of target custom_interfaces__rosidl_typesupport_fastrtps_cpp[0m
[0.827s] [35m[1mConsolidate compiler generated dependencies of target custom_interfaces__rosidl_typesupport_introspection_cpp[0m
[0.828s] [35m[1mConsolidate compiler generated dependencies of target custom_interfaces__rosidl_typesupport_introspection_c[0m
[0.828s] [35m[1mConsolidate compiler generated dependencies of target custom_interfaces__rosidl_typesupport_fastrtps_c[0m
[0.830s] [35m[1mConsolidate compiler generated dependencies of target custom_interfaces__rosidl_typesupport_c[0m
[0.838s] [ 25%] Built target custom_interfaces__rosidl_typesupport_introspection_c
[0.838s] [ 32%] Built target custom_interfaces__rosidl_typesupport_cpp
[0.838s] [ 41%] Built target custom_interfaces__rosidl_typesupport_fastrtps_cpp
[0.839s] [ 51%] Built target custom_interfaces__rosidl_typesupport_introspection_cpp
[0.839s] [ 61%] Built target custom_interfaces__rosidl_typesupport_fastrtps_c
[0.840s] [ 70%] Built target custom_interfaces__rosidl_typesupport_c
[0.855s] [ 70%] Built target custom_interfaces
[0.870s] [ 74%] Built target custom_interfaces__py
[0.877s] [35m[1mConsolidate compiler generated dependencies of target custom_interfaces__rosidl_generator_py[0m
[0.887s] [ 80%] Built target custom_interfaces__rosidl_generator_py
[0.895s] [35m[1mConsolidate compiler generated dependencies of target custom_interfaces__rosidl_typesupport_fastrtps_c__pyext[0m
[0.895s] [35m[1mConsolidate compiler generated dependencies of target custom_interfaces__rosidl_typesupport_introspection_c__pyext[0m
[0.895s] [35m[1mConsolidate compiler generated dependencies of target custom_interfaces__rosidl_typesupport_c__pyext[0m
[0.904s] [ 93%] Built target custom_interfaces__rosidl_typesupport_fastrtps_c__pyext
[0.905s] [ 96%] Built target custom_interfaces__rosidl_typesupport_c__pyext
[0.905s] [100%] Built target custom_interfaces__rosidl_typesupport_introspection_c__pyext
[1.000s] running egg_info
[1.001s] writing custom_interfaces.egg-info/PKG-INFO
[1.001s] writing dependency_links to custom_interfaces.egg-info/dependency_links.txt
[1.001s] writing top-level names to custom_interfaces.egg-info/top_level.txt
[1.003s] reading manifest file 'custom_interfaces.egg-info/SOURCES.txt'
[1.003s] writing manifest file 'custom_interfaces.egg-info/SOURCES.txt'
[1.021s] [100%] Built target ament_cmake_python_build_custom_interfaces_egg
[1.031s] Invoked command in '/home/ugie_home/Wook/blog_ws/build/custom_interfaces' returned '0': CMAKE_PREFIX_PATH=${CMAKE_PREFIX_PATH}:/opt/ros/humble /usr/bin/cmake --build /home/ugie_home/Wook/blog_ws/build/custom_interfaces -- -j12 -l12
[1.032s] Invoking command in '/home/ugie_home/Wook/blog_ws/build/custom_interfaces': CMAKE_PREFIX_PATH=${CMAKE_PREFIX_PATH}:/opt/ros/humble /usr/bin/cmake --install /home/ugie_home/Wook/blog_ws/build/custom_interfaces
[1.038s] -- Install configuration: ""
[1.038s] -- Execute custom install script
[1.038s] -- Up-to-date symlink: /home/ugie_home/Wook/blog_ws/install/custom_interfaces/share/ament_index/resource_index/rosidl_interfaces/custom_interfaces
[1.039s] -- Up-to-date symlink: /home/ugie_home/Wook/blog_ws/install/custom_interfaces/include/custom_interfaces/custom_interfaces/action/detail/fibonacci__functions.h
[1.039s] -- Up-to-date symlink: /home/ugie_home/Wook/blog_ws/install/custom_interfaces/include/custom_interfaces/custom_interfaces/action/detail/fibonacci__struct.h
[1.039s] -- Up-to-date symlink: /home/ugie_home/Wook/blog_ws/install/custom_interfaces/include/custom_interfaces/custom_interfaces/action/detail/fibonacci__type_support.h
[1.039s] -- Up-to-date symlink: /home/ugie_home/Wook/blog_ws/install/custom_interfaces/include/custom_interfaces/custom_interfaces/action/fibonacci.h
[1.039s] -- Up-to-date symlink: /home/ugie_home/Wook/blog_ws/install/custom_interfaces/include/custom_interfaces/custom_interfaces/msg/rosidl_generator_c__visibility_control.h
[1.039s] -- Up-to-date symlink: /home/ugie_home/Wook/blog_ws/install/custom_interfaces/share/custom_interfaces/environment/library_path.sh
[1.039s] -- Up-to-date symlink: /home/ugie_home/Wook/blog_ws/install/custom_interfaces/share/custom_interfaces/environment/library_path.dsv
[1.040s] -- Up-to-date symlink: /home/ugie_home/Wook/blog_ws/install/custom_interfaces/include/custom_interfaces/custom_interfaces/action/detail/fibonacci__rosidl_typesupport_fastrtps_c.h
[1.040s] -- Up-to-date symlink: /home/ugie_home/Wook/blog_ws/install/custom_interfaces/include/custom_interfaces/custom_interfaces/msg/rosidl_typesupport_fastrtps_c__visibility_control.h
[1.040s] -- Up-to-date symlink: /home/ugie_home/Wook/blog_ws/install/custom_interfaces/include/custom_interfaces/custom_interfaces/action/detail/fibonacci__rosidl_typesupport_introspection_c.h
[1.040s] -- Up-to-date symlink: /home/ugie_home/Wook/blog_ws/install/custom_interfaces/include/custom_interfaces/custom_interfaces/msg/rosidl_typesupport_introspection_c__visibility_control.h
[1.040s] -- Up-to-date symlink: /home/ugie_home/Wook/blog_ws/install/custom_interfaces/include/custom_interfaces/custom_interfaces/action/detail/fibonacci__builder.hpp
[1.040s] -- Up-to-date symlink: /home/ugie_home/Wook/blog_ws/install/custom_interfaces/include/custom_interfaces/custom_interfaces/action/detail/fibonacci__struct.hpp
[1.040s] -- Up-to-date symlink: /home/ugie_home/Wook/blog_ws/install/custom_interfaces/include/custom_interfaces/custom_interfaces/action/detail/fibonacci__traits.hpp
[1.040s] -- Up-to-date symlink: /home/ugie_home/Wook/blog_ws/install/custom_interfaces/include/custom_interfaces/custom_interfaces/action/detail/fibonacci__type_support.hpp
[1.041s] -- Up-to-date symlink: /home/ugie_home/Wook/blog_ws/install/custom_interfaces/include/custom_interfaces/custom_interfaces/action/fibonacci.hpp
[1.041s] -- Up-to-date symlink: /home/ugie_home/Wook/blog_ws/install/custom_interfaces/include/custom_interfaces/custom_interfaces/msg/rosidl_generator_cpp__visibility_control.hpp
[1.041s] -- Up-to-date symlink: /home/ugie_home/Wook/blog_ws/install/custom_interfaces/include/custom_interfaces/custom_interfaces/action/detail/fibonacci__rosidl_typesupport_fastrtps_cpp.hpp
[1.041s] -- Up-to-date symlink: /home/ugie_home/Wook/blog_ws/install/custom_interfaces/include/custom_interfaces/custom_interfaces/msg/rosidl_typesupport_fastrtps_cpp__visibility_control.h
[1.041s] -- Up-to-date symlink: /home/ugie_home/Wook/blog_ws/install/custom_interfaces/include/custom_interfaces/custom_interfaces/action/detail/fibonacci__rosidl_typesupport_introspection_cpp.hpp
[1.041s] -- Up-to-date symlink: /home/ugie_home/Wook/blog_ws/install/custom_interfaces/share/custom_interfaces/environment/pythonpath.sh
[1.041s] -- Up-to-date symlink: /home/ugie_home/Wook/blog_ws/install/custom_interfaces/share/custom_interfaces/environment/pythonpath.dsv
[1.042s] -- Up-to-date symlink: /home/ugie_home/Wook/blog_ws/install/custom_interfaces/local/lib/python3.10/dist-packages/custom_interfaces-0.0.0-py3.10.egg-info/PKG-INFO
[1.042s] -- Up-to-date symlink: /home/ugie_home/Wook/blog_ws/install/custom_interfaces/local/lib/python3.10/dist-packages/custom_interfaces-0.0.0-py3.10.egg-info/SOURCES.txt
[1.042s] -- Up-to-date symlink: /home/ugie_home/Wook/blog_ws/install/custom_interfaces/local/lib/python3.10/dist-packages/custom_interfaces-0.0.0-py3.10.egg-info/dependency_links.txt
[1.042s] -- Up-to-date symlink: /home/ugie_home/Wook/blog_ws/install/custom_interfaces/local/lib/python3.10/dist-packages/custom_interfaces-0.0.0-py3.10.egg-info/top_level.txt
[1.042s] -- Up-to-date symlink: /home/ugie_home/Wook/blog_ws/install/custom_interfaces/local/lib/python3.10/dist-packages/custom_interfaces/__init__.py
[1.042s] -- Up-to-date symlink: /home/ugie_home/Wook/blog_ws/install/custom_interfaces/local/lib/python3.10/dist-packages/custom_interfaces/_custom_interfaces_s.ep.rosidl_typesupport_c.c
[1.043s] -- Up-to-date symlink: /home/ugie_home/Wook/blog_ws/install/custom_interfaces/local/lib/python3.10/dist-packages/custom_interfaces/_custom_interfaces_s.ep.rosidl_typesupport_fastrtps_c.c
[1.043s] -- Up-to-date symlink: /home/ugie_home/Wook/blog_ws/install/custom_interfaces/local/lib/python3.10/dist-packages/custom_interfaces/_custom_interfaces_s.ep.rosidl_typesupport_introspection_c.c
[1.043s] -- Up-to-date symlink: /home/ugie_home/Wook/blog_ws/install/custom_interfaces/local/lib/python3.10/dist-packages/custom_interfaces/action/__init__.py
[1.043s] -- Up-to-date symlink: /home/ugie_home/Wook/blog_ws/install/custom_interfaces/local/lib/python3.10/dist-packages/custom_interfaces/action/_fibonacci.py
[1.043s] -- Up-to-date symlink: /home/ugie_home/Wook/blog_ws/install/custom_interfaces/local/lib/python3.10/dist-packages/custom_interfaces/action/_fibonacci_s.c
[1.043s] -- Up-to-date symlink: /home/ugie_home/Wook/blog_ws/install/custom_interfaces/local/lib/python3.10/dist-packages/custom_interfaces/custom_interfaces_s__rosidl_typesupport_c.cpython-310-x86_64-linux-gnu.so
[1.043s] -- Up-to-date symlink: /home/ugie_home/Wook/blog_ws/install/custom_interfaces/local/lib/python3.10/dist-packages/custom_interfaces/custom_interfaces_s__rosidl_typesupport_fastrtps_c.cpython-310-x86_64-linux-gnu.so
[1.043s] -- Up-to-date symlink: /home/ugie_home/Wook/blog_ws/install/custom_interfaces/local/lib/python3.10/dist-packages/custom_interfaces/custom_interfaces_s__rosidl_typesupport_introspection_c.cpython-310-x86_64-linux-gnu.so
[1.043s] -- Up-to-date symlink: /home/ugie_home/Wook/blog_ws/install/custom_interfaces/local/lib/python3.10/dist-packages/custom_interfaces/libcustom_interfaces__rosidl_generator_py.so
[1.043s] -- Up-to-date symlink: /home/ugie_home/Wook/blog_ws/install/custom_interfaces/local/lib/python3.10/dist-packages/custom_interfaces/custom_interfaces_s__rosidl_typesupport_fastrtps_c.cpython-310-x86_64-linux-gnu.so
[1.044s] -- Up-to-date symlink: /home/ugie_home/Wook/blog_ws/install/custom_interfaces/local/lib/python3.10/dist-packages/custom_interfaces/custom_interfaces_s__rosidl_typesupport_introspection_c.cpython-310-x86_64-linux-gnu.so
[1.044s] -- Up-to-date symlink: /home/ugie_home/Wook/blog_ws/install/custom_interfaces/local/lib/python3.10/dist-packages/custom_interfaces/custom_interfaces_s__rosidl_typesupport_c.cpython-310-x86_64-linux-gnu.so
[1.044s] -- Up-to-date symlink: /home/ugie_home/Wook/blog_ws/install/custom_interfaces/share/custom_interfaces/action/Fibonacci.idl
[1.044s] -- Up-to-date symlink: /home/ugie_home/Wook/blog_ws/install/custom_interfaces/share/custom_interfaces/action/Fibonacci.action
[1.044s] -- Up-to-date symlink: /home/ugie_home/Wook/blog_ws/install/custom_interfaces/share/ament_index/resource_index/package_run_dependencies/custom_interfaces
[1.044s] -- Up-to-date symlink: /home/ugie_home/Wook/blog_ws/install/custom_interfaces/share/ament_index/resource_index/parent_prefix_path/custom_interfaces
[1.044s] -- Up-to-date symlink: /home/ugie_home/Wook/blog_ws/install/custom_interfaces/share/custom_interfaces/environment/ament_prefix_path.sh
[1.044s] -- Up-to-date symlink: /home/ugie_home/Wook/blog_ws/install/custom_interfaces/share/custom_interfaces/environment/ament_prefix_path.dsv
[1.045s] -- Up-to-date symlink: /home/ugie_home/Wook/blog_ws/install/custom_interfaces/share/custom_interfaces/environment/path.sh
[1.045s] -- Up-to-date symlink: /home/ugie_home/Wook/blog_ws/install/custom_interfaces/share/custom_interfaces/environment/path.dsv
[1.045s] -- Up-to-date symlink: /home/ugie_home/Wook/blog_ws/install/custom_interfaces/share/custom_interfaces/local_setup.bash
[1.045s] -- Up-to-date symlink: /home/ugie_home/Wook/blog_ws/install/custom_interfaces/share/custom_interfaces/local_setup.sh
[1.045s] -- Up-to-date symlink: /home/ugie_home/Wook/blog_ws/install/custom_interfaces/share/custom_interfaces/local_setup.zsh
[1.045s] -- Up-to-date symlink: /home/ugie_home/Wook/blog_ws/install/custom_interfaces/share/custom_interfaces/local_setup.dsv
[1.045s] -- Symlinking: /home/ugie_home/Wook/blog_ws/install/custom_interfaces/share/custom_interfaces/package.dsv
[1.052s] -- Up-to-date symlink: /home/ugie_home/Wook/blog_ws/install/custom_interfaces/share/ament_index/resource_index/packages/custom_interfaces
[1.052s] -- Up-to-date symlink: /home/ugie_home/Wook/blog_ws/install/custom_interfaces/share/custom_interfaces/cmake/rosidl_cmake-extras.cmake
[1.052s] -- Up-to-date symlink: /home/ugie_home/Wook/blog_ws/install/custom_interfaces/share/custom_interfaces/cmake/ament_cmake_export_dependencies-extras.cmake
[1.052s] -- Up-to-date symlink: /home/ugie_home/Wook/blog_ws/install/custom_interfaces/share/custom_interfaces/cmake/ament_cmake_export_include_directories-extras.cmake
[1.052s] -- Up-to-date symlink: /home/ugie_home/Wook/blog_ws/install/custom_interfaces/share/custom_interfaces/cmake/ament_cmake_export_libraries-extras.cmake
[1.052s] -- Up-to-date symlink: /home/ugie_home/Wook/blog_ws/install/custom_interfaces/share/custom_interfaces/cmake/ament_cmake_export_targets-extras.cmake
[1.053s] -- Up-to-date symlink: /home/ugie_home/Wook/blog_ws/install/custom_interfaces/share/custom_interfaces/cmake/rosidl_cmake_export_typesupport_targets-extras.cmake
[1.053s] -- Up-to-date symlink: /home/ugie_home/Wook/blog_ws/install/custom_interfaces/share/custom_interfaces/cmake/rosidl_cmake_export_typesupport_libraries-extras.cmake
[1.053s] -- Up-to-date symlink: /home/ugie_home/Wook/blog_ws/install/custom_interfaces/share/custom_interfaces/cmake/custom_interfacesConfig.cmake
[1.053s] -- Up-to-date symlink: /home/ugie_home/Wook/blog_ws/install/custom_interfaces/share/custom_interfaces/cmake/custom_interfacesConfig-version.cmake
[1.053s] -- Up-to-date symlink: /home/ugie_home/Wook/blog_ws/install/custom_interfaces/share/custom_interfaces/package.xml
[1.053s] -- Up-to-date: /home/ugie_home/Wook/blog_ws/install/custom_interfaces/lib/libcustom_interfaces__rosidl_generator_c.so
[1.054s] -- Up-to-date: /home/ugie_home/Wook/blog_ws/install/custom_interfaces/lib/libcustom_interfaces__rosidl_typesupport_fastrtps_c.so
[1.054s] -- Up-to-date: /home/ugie_home/Wook/blog_ws/install/custom_interfaces/lib/libcustom_interfaces__rosidl_typesupport_introspection_c.so
[1.054s] -- Up-to-date: /home/ugie_home/Wook/blog_ws/install/custom_interfaces/lib/libcustom_interfaces__rosidl_typesupport_c.so
[1.054s] -- Up-to-date: /home/ugie_home/Wook/blog_ws/install/custom_interfaces/lib/libcustom_interfaces__rosidl_typesupport_fastrtps_cpp.so
[1.055s] -- Up-to-date: /home/ugie_home/Wook/blog_ws/install/custom_interfaces/lib/libcustom_interfaces__rosidl_typesupport_introspection_cpp.so
[1.055s] -- Up-to-date: /home/ugie_home/Wook/blog_ws/install/custom_interfaces/lib/libcustom_interfaces__rosidl_typesupport_cpp.so
[1.078s] Listing '/home/ugie_home/Wook/blog_ws/install/custom_interfaces/local/lib/python3.10/dist-packages/custom_interfaces'...
[1.078s] Compiling '/home/ugie_home/Wook/blog_ws/install/custom_interfaces/local/lib/python3.10/dist-packages/custom_interfaces/__init__.py'...
[1.078s] Listing '/home/ugie_home/Wook/blog_ws/install/custom_interfaces/local/lib/python3.10/dist-packages/custom_interfaces/action'...
[1.081s] -- Up-to-date: /home/ugie_home/Wook/blog_ws/install/custom_interfaces/lib/libcustom_interfaces__rosidl_generator_py.so
[1.081s] -- Up-to-date: /home/ugie_home/Wook/blog_ws/install/custom_interfaces/share/custom_interfaces/cmake/export_custom_interfaces__rosidl_generator_cExport.cmake
[1.081s] -- Up-to-date: /home/ugie_home/Wook/blog_ws/install/custom_interfaces/share/custom_interfaces/cmake/export_custom_interfaces__rosidl_generator_cExport-noconfig.cmake
[1.081s] -- Up-to-date: /home/ugie_home/Wook/blog_ws/install/custom_interfaces/share/custom_interfaces/cmake/export_custom_interfaces__rosidl_typesupport_fastrtps_cExport.cmake
[1.081s] -- Up-to-date: /home/ugie_home/Wook/blog_ws/install/custom_interfaces/share/custom_interfaces/cmake/export_custom_interfaces__rosidl_typesupport_fastrtps_cExport-noconfig.cmake
[1.081s] -- Up-to-date: /home/ugie_home/Wook/blog_ws/install/custom_interfaces/share/custom_interfaces/cmake/custom_interfaces__rosidl_typesupport_introspection_cExport.cmake
[1.082s] -- Up-to-date: /home/ugie_home/Wook/blog_ws/install/custom_interfaces/share/custom_interfaces/cmake/custom_interfaces__rosidl_typesupport_introspection_cExport-noconfig.cmake
[1.082s] -- Up-to-date: /home/ugie_home/Wook/blog_ws/install/custom_interfaces/share/custom_interfaces/cmake/custom_interfaces__rosidl_typesupport_cExport.cmake
[1.082s] -- Up-to-date: /home/ugie_home/Wook/blog_ws/install/custom_interfaces/share/custom_interfaces/cmake/custom_interfaces__rosidl_typesupport_cExport-noconfig.cmake
[1.082s] -- Up-to-date: /home/ugie_home/Wook/blog_ws/install/custom_interfaces/share/custom_interfaces/cmake/export_custom_interfaces__rosidl_generator_cppExport.cmake
[1.082s] -- Up-to-date: /home/ugie_home/Wook/blog_ws/install/custom_interfaces/share/custom_interfaces/cmake/export_custom_interfaces__rosidl_typesupport_fastrtps_cppExport.cmake
[1.082s] -- Up-to-date: /home/ugie_home/Wook/blog_ws/install/custom_interfaces/share/custom_interfaces/cmake/export_custom_interfaces__rosidl_typesupport_fastrtps_cppExport-noconfig.cmake
[1.082s] -- Up-to-date: /home/ugie_home/Wook/blog_ws/install/custom_interfaces/share/custom_interfaces/cmake/custom_interfaces__rosidl_typesupport_introspection_cppExport.cmake
[1.082s] -- Up-to-date: /home/ugie_home/Wook/blog_ws/install/custom_interfaces/share/custom_interfaces/cmake/custom_interfaces__rosidl_typesupport_introspection_cppExport-noconfig.cmake
[1.082s] -- Up-to-date: /home/ugie_home/Wook/blog_ws/install/custom_interfaces/share/custom_interfaces/cmake/custom_interfaces__rosidl_typesupport_cppExport.cmake
[1.082s] -- Up-to-date: /home/ugie_home/Wook/blog_ws/install/custom_interfaces/share/custom_interfaces/cmake/custom_interfaces__rosidl_typesupport_cppExport-noconfig.cmake
[1.082s] -- Up-to-date: /home/ugie_home/Wook/blog_ws/install/custom_interfaces/share/custom_interfaces/cmake/export_custom_interfaces__rosidl_generator_pyExport.cmake
[1.082s] -- Up-to-date: /home/ugie_home/Wook/blog_ws/install/custom_interfaces/share/custom_interfaces/cmake/export_custom_interfaces__rosidl_generator_pyExport-noconfig.cmake
[1.084s] Invoked command in '/home/ugie_home/Wook/blog_ws/build/custom_interfaces' returned '0': CMAKE_PREFIX_PATH=${CMAKE_PREFIX_PATH}:/opt/ros/humble /usr/bin/cmake --install /home/ugie_home/Wook/blog_ws/build/custom_interfaces
