[0.074s] DEBUG:colcon:Command line arguments: ['/usr/bin/colcon', 'build', '--symlink-install']
[0.074s] DEBUG:colcon:Parsed command line arguments: Namespace(log_base=None, log_level=None, verb_name='build', build_base='build', install_base='install', merge_install=False, symlink_install=True, test_result_base=None, continue_on_error=False, executor='parallel', parallel_workers=12, event_handlers=None, ignore_user_meta=False, metas=['./colcon.meta'], base_paths=['.'], packages_ignore=None, packages_ignore_regex=None, paths=None, packages_up_to=None, packages_up_to_regex=None, packages_above=None, packages_above_and_dependencies=None, packages_above_depth=None, packages_select_by_dep=None, packages_skip_by_dep=None, packages_skip_up_to=None, packages_select_build_failed=False, packages_skip_build_finished=False, packages_select_test_failures=False, packages_skip_test_passed=False, packages_select=None, packages_skip=None, packages_select_regex=None, packages_skip_regex=None, packages_start=None, packages_end=None, allow_overriding=[], cmake_args=None, cmake_target=None, cmake_target_skip_unavailable=False, cmake_clean_cache=False, cmake_clean_first=False, cmake_force_configure=False, ament_cmake_args=None, catkin_cmake_args=None, catkin_skip_building_tests=False, mixin_files=None, mixin=None, verb_parser=<colcon_mixin.mixin.mixin_argument.MixinArgumentDecorator object at 0x751c1094ad70>, verb_extension=<colcon_core.verb.build.BuildVerb object at 0x751c10a63ca0>, main=<bound method BuildVerb.main of <colcon_core.verb.build.BuildVerb object at 0x751c10a63ca0>>, mixin_verb=('build',))
[0.195s] Level 1:colcon.colcon_core.package_discovery:discover_packages(colcon_meta) check parameters
[0.195s] Level 1:colcon.colcon_core.package_discovery:discover_packages(recursive) check parameters
[0.195s] Level 1:colcon.colcon_core.package_discovery:discover_packages(ignore) check parameters
[0.195s] Level 1:colcon.colcon_core.package_discovery:discover_packages(path) check parameters
[0.195s] Level 1:colcon.colcon_core.package_discovery:discover_packages(colcon_meta) discover
[0.196s] Level 1:colcon.colcon_core.package_discovery:discover_packages(recursive) discover
[0.196s] INFO:colcon.colcon_core.package_discovery:Crawling recursively for packages in '/home/ugie_home/Wook/blog_ws'
[0.196s] Level 1:colcon.colcon_core.package_identification:_identify(.) by extensions ['ignore', 'ignore_ament_install']
[0.196s] Level 1:colcon.colcon_core.package_identification:_identify(.) by extension 'ignore'
[0.196s] Level 1:colcon.colcon_core.package_identification:_identify(.) by extension 'ignore_ament_install'
[0.196s] Level 1:colcon.colcon_core.package_identification:_identify(.) by extensions ['colcon_pkg']
[0.196s] Level 1:colcon.colcon_core.package_identification:_identify(.) by extension 'colcon_pkg'
[0.196s] Level 1:colcon.colcon_core.package_identification:_identify(.) by extensions ['colcon_meta']
[0.196s] Level 1:colcon.colcon_core.package_identification:_identify(.) by extension 'colcon_meta'
[0.196s] Level 1:colcon.colcon_core.package_identification:_identify(.) by extensions ['ros']
[0.196s] Level 1:colcon.colcon_core.package_identification:_identify(.) by extension 'ros'
[0.203s] Level 1:colcon.colcon_core.package_identification:_identify(.) by extensions ['cmake', 'python']
[0.203s] Level 1:colcon.colcon_core.package_identification:_identify(.) by extension 'cmake'
[0.203s] Level 1:colcon.colcon_core.package_identification:_identify(.) by extension 'python'
[0.203s] Level 1:colcon.colcon_core.package_identification:_identify(.) by extensions ['python_setup_py']
[0.203s] Level 1:colcon.colcon_core.package_identification:_identify(.) by extension 'python_setup_py'
[0.203s] Level 1:colcon.colcon_core.package_identification:_identify(build) by extensions ['ignore', 'ignore_ament_install']
[0.203s] Level 1:colcon.colcon_core.package_identification:_identify(build) by extension 'ignore'
[0.203s] Level 1:colcon.colcon_core.package_identification:_identify(build) ignored
[0.203s] Level 1:colcon.colcon_core.package_identification:_identify(install) by extensions ['ignore', 'ignore_ament_install']
[0.203s] Level 1:colcon.colcon_core.package_identification:_identify(install) by extension 'ignore'
[0.203s] Level 1:colcon.colcon_core.package_identification:_identify(install) ignored
[0.204s] Level 1:colcon.colcon_core.package_identification:_identify(log) by extensions ['ignore', 'ignore_ament_install']
[0.204s] Level 1:colcon.colcon_core.package_identification:_identify(log) by extension 'ignore'
[0.204s] Level 1:colcon.colcon_core.package_identification:_identify(log) ignored
[0.204s] Level 1:colcon.colcon_core.package_identification:_identify(src) by extensions ['ignore', 'ignore_ament_install']
[0.204s] Level 1:colcon.colcon_core.package_identification:_identify(src) by extension 'ignore'
[0.204s] Level 1:colcon.colcon_core.package_identification:_identify(src) by extension 'ignore_ament_install'
[0.204s] Level 1:colcon.colcon_core.package_identification:_identify(src) by extensions ['colcon_pkg']
[0.204s] Level 1:colcon.colcon_core.package_identification:_identify(src) by extension 'colcon_pkg'
[0.204s] Level 1:colcon.colcon_core.package_identification:_identify(src) by extensions ['colcon_meta']
[0.204s] Level 1:colcon.colcon_core.package_identification:_identify(src) by extension 'colcon_meta'
[0.204s] Level 1:colcon.colcon_core.package_identification:_identify(src) by extensions ['ros']
[0.204s] Level 1:colcon.colcon_core.package_identification:_identify(src) by extension 'ros'
[0.204s] Level 1:colcon.colcon_core.package_identification:_identify(src) by extensions ['cmake', 'python']
[0.204s] Level 1:colcon.colcon_core.package_identification:_identify(src) by extension 'cmake'
[0.204s] Level 1:colcon.colcon_core.package_identification:_identify(src) by extension 'python'
[0.204s] Level 1:colcon.colcon_core.package_identification:_identify(src) by extensions ['python_setup_py']
[0.204s] Level 1:colcon.colcon_core.package_identification:_identify(src) by extension 'python_setup_py'
[0.204s] Level 1:colcon.colcon_core.package_identification:_identify(src/custom_interfaces) by extensions ['ignore', 'ignore_ament_install']
[0.204s] Level 1:colcon.colcon_core.package_identification:_identify(src/custom_interfaces) by extension 'ignore'
[0.204s] Level 1:colcon.colcon_core.package_identification:_identify(src/custom_interfaces) by extension 'ignore_ament_install'
[0.204s] Level 1:colcon.colcon_core.package_identification:_identify(src/custom_interfaces) by extensions ['colcon_pkg']
[0.204s] Level 1:colcon.colcon_core.package_identification:_identify(src/custom_interfaces) by extension 'colcon_pkg'
[0.204s] Level 1:colcon.colcon_core.package_identification:_identify(src/custom_interfaces) by extensions ['colcon_meta']
[0.204s] Level 1:colcon.colcon_core.package_identification:_identify(src/custom_interfaces) by extension 'colcon_meta'
[0.204s] Level 1:colcon.colcon_core.package_identification:_identify(src/custom_interfaces) by extensions ['ros']
[0.204s] Level 1:colcon.colcon_core.package_identification:_identify(src/custom_interfaces) by extension 'ros'
[0.207s] DEBUG:colcon.colcon_core.package_identification:Package 'src/custom_interfaces' with type 'ros.ament_cmake' and name 'custom_interfaces'
[0.207s] Level 1:colcon.colcon_core.package_identification:_identify(src/node_action) by extensions ['ignore', 'ignore_ament_install']
[0.207s] Level 1:colcon.colcon_core.package_identification:_identify(src/node_action) by extension 'ignore'
[0.207s] Level 1:colcon.colcon_core.package_identification:_identify(src/node_action) by extension 'ignore_ament_install'
[0.207s] Level 1:colcon.colcon_core.package_identification:_identify(src/node_action) by extensions ['colcon_pkg']
[0.207s] Level 1:colcon.colcon_core.package_identification:_identify(src/node_action) by extension 'colcon_pkg'
[0.207s] Level 1:colcon.colcon_core.package_identification:_identify(src/node_action) by extensions ['colcon_meta']
[0.207s] Level 1:colcon.colcon_core.package_identification:_identify(src/node_action) by extension 'colcon_meta'
[0.207s] Level 1:colcon.colcon_core.package_identification:_identify(src/node_action) by extensions ['ros']
[0.207s] Level 1:colcon.colcon_core.package_identification:_identify(src/node_action) by extension 'ros'
[0.207s] DEBUG:colcon.colcon_core.package_identification:Package 'src/node_action' with type 'ros.ament_cmake' and name 'node_action'
[0.207s] Level 1:colcon.colcon_core.package_identification:_identify(src/node_default) by extensions ['ignore', 'ignore_ament_install']
[0.208s] Level 1:colcon.colcon_core.package_identification:_identify(src/node_default) by extension 'ignore'
[0.208s] Level 1:colcon.colcon_core.package_identification:_identify(src/node_default) by extension 'ignore_ament_install'
[0.208s] Level 1:colcon.colcon_core.package_identification:_identify(src/node_default) by extensions ['colcon_pkg']
[0.208s] Level 1:colcon.colcon_core.package_identification:_identify(src/node_default) by extension 'colcon_pkg'
[0.208s] Level 1:colcon.colcon_core.package_identification:_identify(src/node_default) by extensions ['colcon_meta']
[0.208s] Level 1:colcon.colcon_core.package_identification:_identify(src/node_default) by extension 'colcon_meta'
[0.208s] Level 1:colcon.colcon_core.package_identification:_identify(src/node_default) by extensions ['ros']
[0.208s] Level 1:colcon.colcon_core.package_identification:_identify(src/node_default) by extension 'ros'
[0.208s] DEBUG:colcon.colcon_core.package_identification:Package 'src/node_default' with type 'ros.ament_cmake' and name 'node_default'
[0.208s] Level 1:colcon.colcon_core.package_identification:_identify(src/node_service) by extensions ['ignore', 'ignore_ament_install']
[0.208s] Level 1:colcon.colcon_core.package_identification:_identify(src/node_service) by extension 'ignore'
[0.208s] Level 1:colcon.colcon_core.package_identification:_identify(src/node_service) by extension 'ignore_ament_install'
[0.208s] Level 1:colcon.colcon_core.package_identification:_identify(src/node_service) by extensions ['colcon_pkg']
[0.208s] Level 1:colcon.colcon_core.package_identification:_identify(src/node_service) by extension 'colcon_pkg'
[0.208s] Level 1:colcon.colcon_core.package_identification:_identify(src/node_service) by extensions ['colcon_meta']
[0.208s] Level 1:colcon.colcon_core.package_identification:_identify(src/node_service) by extension 'colcon_meta'
[0.208s] Level 1:colcon.colcon_core.package_identification:_identify(src/node_service) by extensions ['ros']
[0.208s] Level 1:colcon.colcon_core.package_identification:_identify(src/node_service) by extension 'ros'
[0.209s] DEBUG:colcon.colcon_core.package_identification:Package 'src/node_service' with type 'ros.ament_cmake' and name 'node_service'
[0.209s] Level 1:colcon.colcon_core.package_identification:_identify(src/node_topic) by extensions ['ignore', 'ignore_ament_install']
[0.209s] Level 1:colcon.colcon_core.package_identification:_identify(src/node_topic) by extension 'ignore'
[0.209s] Level 1:colcon.colcon_core.package_identification:_identify(src/node_topic) by extension 'ignore_ament_install'
[0.209s] Level 1:colcon.colcon_core.package_identification:_identify(src/node_topic) by extensions ['colcon_pkg']
[0.209s] Level 1:colcon.colcon_core.package_identification:_identify(src/node_topic) by extension 'colcon_pkg'
[0.209s] Level 1:colcon.colcon_core.package_identification:_identify(src/node_topic) by extensions ['colcon_meta']
[0.209s] Level 1:colcon.colcon_core.package_identification:_identify(src/node_topic) by extension 'colcon_meta'
[0.209s] Level 1:colcon.colcon_core.package_identification:_identify(src/node_topic) by extensions ['ros']
[0.209s] Level 1:colcon.colcon_core.package_identification:_identify(src/node_topic) by extension 'ros'
[0.210s] DEBUG:colcon.colcon_core.package_identification:Package 'src/node_topic' with type 'ros.ament_cmake' and name 'node_topic'
[0.210s] Level 1:colcon.colcon_core.package_discovery:discover_packages(recursive) using defaults
[0.210s] Level 1:colcon.colcon_core.package_discovery:discover_packages(ignore) discover
[0.210s] Level 1:colcon.colcon_core.package_discovery:discover_packages(ignore) using defaults
[0.210s] Level 1:colcon.colcon_core.package_discovery:discover_packages(path) discover
[0.210s] Level 1:colcon.colcon_core.package_discovery:discover_packages(path) using defaults
[0.228s] Level 1:colcon.colcon_core.package_discovery:discover_packages(prefix_path) check parameters
[0.228s] Level 1:colcon.colcon_core.package_discovery:discover_packages(prefix_path) discover
[0.230s] DEBUG:colcon.colcon_installed_package_information.package_discovery:Found 5 installed packages in /home/ugie_home/Wook/blog_ws/install
[0.231s] DEBUG:colcon.colcon_installed_package_information.package_discovery:Found 420 installed packages in /opt/ros/humble
[0.232s] Level 1:colcon.colcon_core.package_discovery:discover_packages(prefix_path) using defaults
[0.269s] Level 5:colcon.colcon_core.verb:set package 'custom_interfaces' build argument 'cmake_args' from command line to 'None'
[0.269s] Level 5:colcon.colcon_core.verb:set package 'custom_interfaces' build argument 'cmake_target' from command line to 'None'
[0.269s] Level 5:colcon.colcon_core.verb:set package 'custom_interfaces' build argument 'cmake_target_skip_unavailable' from command line to 'False'
[0.269s] Level 5:colcon.colcon_core.verb:set package 'custom_interfaces' build argument 'cmake_clean_cache' from command line to 'False'
[0.269s] Level 5:colcon.colcon_core.verb:set package 'custom_interfaces' build argument 'cmake_clean_first' from command line to 'False'
[0.269s] Level 5:colcon.colcon_core.verb:set package 'custom_interfaces' build argument 'cmake_force_configure' from command line to 'False'
[0.269s] Level 5:colcon.colcon_core.verb:set package 'custom_interfaces' build argument 'ament_cmake_args' from command line to 'None'
[0.269s] Level 5:colcon.colcon_core.verb:set package 'custom_interfaces' build argument 'catkin_cmake_args' from command line to 'None'
[0.269s] Level 5:colcon.colcon_core.verb:set package 'custom_interfaces' build argument 'catkin_skip_building_tests' from command line to 'False'
[0.269s] DEBUG:colcon.colcon_core.verb:Building package 'custom_interfaces' with the following arguments: {'ament_cmake_args': None, 'build_base': '/home/ugie_home/Wook/blog_ws/build/custom_interfaces', 'catkin_cmake_args': None, 'catkin_skip_building_tests': False, 'cmake_args': None, 'cmake_clean_cache': False, 'cmake_clean_first': False, 'cmake_force_configure': False, 'cmake_target': None, 'cmake_target_skip_unavailable': False, 'install_base': '/home/ugie_home/Wook/blog_ws/install/custom_interfaces', 'merge_install': False, 'path': '/home/ugie_home/Wook/blog_ws/src/custom_interfaces', 'symlink_install': True, 'test_result_base': None}
[0.269s] Level 5:colcon.colcon_core.verb:set package 'node_default' build argument 'cmake_args' from command line to 'None'
[0.269s] Level 5:colcon.colcon_core.verb:set package 'node_default' build argument 'cmake_target' from command line to 'None'
[0.269s] Level 5:colcon.colcon_core.verb:set package 'node_default' build argument 'cmake_target_skip_unavailable' from command line to 'False'
[0.269s] Level 5:colcon.colcon_core.verb:set package 'node_default' build argument 'cmake_clean_cache' from command line to 'False'
[0.269s] Level 5:colcon.colcon_core.verb:set package 'node_default' build argument 'cmake_clean_first' from command line to 'False'
[0.269s] Level 5:colcon.colcon_core.verb:set package 'node_default' build argument 'cmake_force_configure' from command line to 'False'
[0.269s] Level 5:colcon.colcon_core.verb:set package 'node_default' build argument 'ament_cmake_args' from command line to 'None'
[0.269s] Level 5:colcon.colcon_core.verb:set package 'node_default' build argument 'catkin_cmake_args' from command line to 'None'
[0.269s] Level 5:colcon.colcon_core.verb:set package 'node_default' build argument 'catkin_skip_building_tests' from command line to 'False'
[0.269s] DEBUG:colcon.colcon_core.verb:Building package 'node_default' with the following arguments: {'ament_cmake_args': None, 'build_base': '/home/ugie_home/Wook/blog_ws/build/node_default', 'catkin_cmake_args': None, 'catkin_skip_building_tests': False, 'cmake_args': None, 'cmake_clean_cache': False, 'cmake_clean_first': False, 'cmake_force_configure': False, 'cmake_target': None, 'cmake_target_skip_unavailable': False, 'install_base': '/home/ugie_home/Wook/blog_ws/install/node_default', 'merge_install': False, 'path': '/home/ugie_home/Wook/blog_ws/src/node_default', 'symlink_install': True, 'test_result_base': None}
[0.270s] Level 5:colcon.colcon_core.verb:set package 'node_service' build argument 'cmake_args' from command line to 'None'
[0.270s] Level 5:colcon.colcon_core.verb:set package 'node_service' build argument 'cmake_target' from command line to 'None'
[0.270s] Level 5:colcon.colcon_core.verb:set package 'node_service' build argument 'cmake_target_skip_unavailable' from command line to 'False'
[0.270s] Level 5:colcon.colcon_core.verb:set package 'node_service' build argument 'cmake_clean_cache' from command line to 'False'
[0.270s] Level 5:colcon.colcon_core.verb:set package 'node_service' build argument 'cmake_clean_first' from command line to 'False'
[0.270s] Level 5:colcon.colcon_core.verb:set package 'node_service' build argument 'cmake_force_configure' from command line to 'False'
[0.270s] Level 5:colcon.colcon_core.verb:set package 'node_service' build argument 'ament_cmake_args' from command line to 'None'
[0.270s] Level 5:colcon.colcon_core.verb:set package 'node_service' build argument 'catkin_cmake_args' from command line to 'None'
[0.270s] Level 5:colcon.colcon_core.verb:set package 'node_service' build argument 'catkin_skip_building_tests' from command line to 'False'
[0.270s] DEBUG:colcon.colcon_core.verb:Building package 'node_service' with the following arguments: {'ament_cmake_args': None, 'build_base': '/home/ugie_home/Wook/blog_ws/build/node_service', 'catkin_cmake_args': None, 'catkin_skip_building_tests': False, 'cmake_args': None, 'cmake_clean_cache': False, 'cmake_clean_first': False, 'cmake_force_configure': False, 'cmake_target': None, 'cmake_target_skip_unavailable': False, 'install_base': '/home/ugie_home/Wook/blog_ws/install/node_service', 'merge_install': False, 'path': '/home/ugie_home/Wook/blog_ws/src/node_service', 'symlink_install': True, 'test_result_base': None}
[0.270s] Level 5:colcon.colcon_core.verb:set package 'node_topic' build argument 'cmake_args' from command line to 'None'
[0.270s] Level 5:colcon.colcon_core.verb:set package 'node_topic' build argument 'cmake_target' from command line to 'None'
[0.270s] Level 5:colcon.colcon_core.verb:set package 'node_topic' build argument 'cmake_target_skip_unavailable' from command line to 'False'
[0.270s] Level 5:colcon.colcon_core.verb:set package 'node_topic' build argument 'cmake_clean_cache' from command line to 'False'
[0.270s] Level 5:colcon.colcon_core.verb:set package 'node_topic' build argument 'cmake_clean_first' from command line to 'False'
[0.270s] Level 5:colcon.colcon_core.verb:set package 'node_topic' build argument 'cmake_force_configure' from command line to 'False'
[0.270s] Level 5:colcon.colcon_core.verb:set package 'node_topic' build argument 'ament_cmake_args' from command line to 'None'
[0.270s] Level 5:colcon.colcon_core.verb:set package 'node_topic' build argument 'catkin_cmake_args' from command line to 'None'
[0.270s] Level 5:colcon.colcon_core.verb:set package 'node_topic' build argument 'catkin_skip_building_tests' from command line to 'False'
[0.270s] DEBUG:colcon.colcon_core.verb:Building package 'node_topic' with the following arguments: {'ament_cmake_args': None, 'build_base': '/home/ugie_home/Wook/blog_ws/build/node_topic', 'catkin_cmake_args': None, 'catkin_skip_building_tests': False, 'cmake_args': None, 'cmake_clean_cache': False, 'cmake_clean_first': False, 'cmake_force_configure': False, 'cmake_target': None, 'cmake_target_skip_unavailable': False, 'install_base': '/home/ugie_home/Wook/blog_ws/install/node_topic', 'merge_install': False, 'path': '/home/ugie_home/Wook/blog_ws/src/node_topic', 'symlink_install': True, 'test_result_base': None}
[0.270s] Level 5:colcon.colcon_core.verb:set package 'node_action' build argument 'cmake_args' from command line to 'None'
[0.270s] Level 5:colcon.colcon_core.verb:set package 'node_action' build argument 'cmake_target' from command line to 'None'
[0.270s] Level 5:colcon.colcon_core.verb:set package 'node_action' build argument 'cmake_target_skip_unavailable' from command line to 'False'
[0.270s] Level 5:colcon.colcon_core.verb:set package 'node_action' build argument 'cmake_clean_cache' from command line to 'False'
[0.270s] Level 5:colcon.colcon_core.verb:set package 'node_action' build argument 'cmake_clean_first' from command line to 'False'
[0.270s] Level 5:colcon.colcon_core.verb:set package 'node_action' build argument 'cmake_force_configure' from command line to 'False'
[0.270s] Level 5:colcon.colcon_core.verb:set package 'node_action' build argument 'ament_cmake_args' from command line to 'None'
[0.270s] Level 5:colcon.colcon_core.verb:set package 'node_action' build argument 'catkin_cmake_args' from command line to 'None'
[0.270s] Level 5:colcon.colcon_core.verb:set package 'node_action' build argument 'catkin_skip_building_tests' from command line to 'False'
[0.271s] DEBUG:colcon.colcon_core.verb:Building package 'node_action' with the following arguments: {'ament_cmake_args': None, 'build_base': '/home/ugie_home/Wook/blog_ws/build/node_action', 'catkin_cmake_args': None, 'catkin_skip_building_tests': False, 'cmake_args': None, 'cmake_clean_cache': False, 'cmake_clean_first': False, 'cmake_force_configure': False, 'cmake_target': None, 'cmake_target_skip_unavailable': False, 'install_base': '/home/ugie_home/Wook/blog_ws/install/node_action', 'merge_install': False, 'path': '/home/ugie_home/Wook/blog_ws/src/node_action', 'symlink_install': True, 'test_result_base': None}
[0.271s] INFO:colcon.colcon_core.executor:Executing jobs using 'parallel' executor
[0.271s] DEBUG:colcon.colcon_parallel_executor.executor.parallel:run_until_complete
[0.272s] INFO:colcon.colcon_ros.task.ament_cmake.build:Building ROS package in '/home/ugie_home/Wook/blog_ws/src/custom_interfaces' with build type 'ament_cmake'
[0.272s] INFO:colcon.colcon_cmake.task.cmake.build:Building CMake package in '/home/ugie_home/Wook/blog_ws/src/custom_interfaces'
[0.273s] INFO:colcon.colcon_core.plugin_system:Skipping extension 'colcon_core.shell.bat': Not used on non-Windows systems
[0.273s] INFO:colcon.colcon_core.shell:Skip shell extension 'powershell' for command environment: Not usable outside of PowerShell
[0.273s] DEBUG:colcon.colcon_core.shell:Skip shell extension 'dsv' for command environment
[0.276s] INFO:colcon.colcon_ros.task.ament_cmake.build:Building ROS package in '/home/ugie_home/Wook/blog_ws/src/node_default' with build type 'ament_cmake'
[0.276s] INFO:colcon.colcon_cmake.task.cmake.build:Building CMake package in '/home/ugie_home/Wook/blog_ws/src/node_default'
[0.276s] INFO:colcon.colcon_core.shell:Skip shell extension 'powershell' for command environment: Not usable outside of PowerShell
[0.276s] DEBUG:colcon.colcon_core.shell:Skip shell extension 'dsv' for command environment
[0.279s] INFO:colcon.colcon_ros.task.ament_cmake.build:Building ROS package in '/home/ugie_home/Wook/blog_ws/src/node_service' with build type 'ament_cmake'
[0.279s] INFO:colcon.colcon_cmake.task.cmake.build:Building CMake package in '/home/ugie_home/Wook/blog_ws/src/node_service'
[0.279s] INFO:colcon.colcon_core.shell:Skip shell extension 'powershell' for command environment: Not usable outside of PowerShell
[0.279s] DEBUG:colcon.colcon_core.shell:Skip shell extension 'dsv' for command environment
[0.282s] INFO:colcon.colcon_ros.task.ament_cmake.build:Building ROS package in '/home/ugie_home/Wook/blog_ws/src/node_topic' with build type 'ament_cmake'
[0.282s] INFO:colcon.colcon_cmake.task.cmake.build:Building CMake package in '/home/ugie_home/Wook/blog_ws/src/node_topic'
[0.282s] INFO:colcon.colcon_core.shell:Skip shell extension 'powershell' for command environment: Not usable outside of PowerShell
[0.282s] DEBUG:colcon.colcon_core.shell:Skip shell extension 'dsv' for command environment
[0.288s] DEBUG:colcon.colcon_core.event_handler.log_command:Invoking command in '/home/ugie_home/Wook/blog_ws/build/custom_interfaces': CMAKE_PREFIX_PATH=${CMAKE_PREFIX_PATH}:/opt/ros/humble /usr/bin/cmake --build /home/ugie_home/Wook/blog_ws/build/custom_interfaces -- -j12 -l12
[0.289s] DEBUG:colcon.colcon_core.event_handler.log_command:Invoking command in '/home/ugie_home/Wook/blog_ws/build/node_default': CMAKE_PREFIX_PATH=${CMAKE_PREFIX_PATH}:/opt/ros/humble /usr/bin/cmake --build /home/ugie_home/Wook/blog_ws/build/node_default -- -j12 -l12
[0.292s] DEBUG:colcon.colcon_core.event_handler.log_command:Invoking command in '/home/ugie_home/Wook/blog_ws/build/node_service': CMAKE_PREFIX_PATH=${CMAKE_PREFIX_PATH}:/opt/ros/humble /usr/bin/cmake --build /home/ugie_home/Wook/blog_ws/build/node_service -- -j12 -l12
[0.294s] DEBUG:colcon.colcon_core.event_handler.log_command:Invoking command in '/home/ugie_home/Wook/blog_ws/build/node_topic': CMAKE_PREFIX_PATH=${CMAKE_PREFIX_PATH}:/opt/ros/humble /usr/bin/cmake --build /home/ugie_home/Wook/blog_ws/build/node_topic -- -j12 -l12
[0.338s] DEBUG:colcon.colcon_core.event_handler.log_command:Invoked command in '/home/ugie_home/Wook/blog_ws/build/node_default' returned '0': CMAKE_PREFIX_PATH=${CMAKE_PREFIX_PATH}:/opt/ros/humble /usr/bin/cmake --build /home/ugie_home/Wook/blog_ws/build/node_default -- -j12 -l12
[0.345s] DEBUG:colcon.colcon_core.event_handler.log_command:Invoking command in '/home/ugie_home/Wook/blog_ws/build/node_default': CMAKE_PREFIX_PATH=${CMAKE_PREFIX_PATH}:/opt/ros/humble /usr/bin/cmake --install /home/ugie_home/Wook/blog_ws/build/node_default
[0.346s] DEBUG:colcon.colcon_core.event_handler.log_command:Invoked command in '/home/ugie_home/Wook/blog_ws/build/node_topic' returned '0': CMAKE_PREFIX_PATH=${CMAKE_PREFIX_PATH}:/opt/ros/humble /usr/bin/cmake --build /home/ugie_home/Wook/blog_ws/build/node_topic -- -j12 -l12
[0.347s] DEBUG:colcon.colcon_core.event_handler.log_command:Invoking command in '/home/ugie_home/Wook/blog_ws/build/node_topic': CMAKE_PREFIX_PATH=${CMAKE_PREFIX_PATH}:/opt/ros/humble /usr/bin/cmake --install /home/ugie_home/Wook/blog_ws/build/node_topic
[0.347s] DEBUG:colcon.colcon_core.event_handler.log_command:Invoked command in '/home/ugie_home/Wook/blog_ws/build/node_service' returned '0': CMAKE_PREFIX_PATH=${CMAKE_PREFIX_PATH}:/opt/ros/humble /usr/bin/cmake --build /home/ugie_home/Wook/blog_ws/build/node_service -- -j12 -l12
[0.348s] DEBUG:colcon.colcon_core.event_handler.log_command:Invoking command in '/home/ugie_home/Wook/blog_ws/build/node_service': CMAKE_PREFIX_PATH=${CMAKE_PREFIX_PATH}:/opt/ros/humble /usr/bin/cmake --install /home/ugie_home/Wook/blog_ws/build/node_service
[0.360s] Level 1:colcon.colcon_core.environment:create_environment_scripts_only(node_default)
[0.361s] DEBUG:colcon.colcon_core.event_handler.log_command:Invoked command in '/home/ugie_home/Wook/blog_ws/build/node_default' returned '0': CMAKE_PREFIX_PATH=${CMAKE_PREFIX_PATH}:/opt/ros/humble /usr/bin/cmake --install /home/ugie_home/Wook/blog_ws/build/node_default
[0.363s] Level 1:colcon.colcon_core.environment:checking '/home/ugie_home/Wook/blog_ws/install/node_default' for CMake module files
[0.363s] Level 1:colcon.colcon_core.environment:checking '/home/ugie_home/Wook/blog_ws/install/node_default' for CMake config files
[0.364s] Level 1:colcon.colcon_core.shell:create_environment_hook('node_default', 'cmake_prefix_path')
[0.364s] INFO:colcon.colcon_core.shell:Creating environment hook '/home/ugie_home/Wook/blog_ws/install/node_default/share/node_default/hook/cmake_prefix_path.ps1'
[0.364s] INFO:colcon.colcon_core.shell:Creating environment descriptor '/home/ugie_home/Wook/blog_ws/install/node_default/share/node_default/hook/cmake_prefix_path.dsv'
[0.364s] INFO:colcon.colcon_core.shell:Creating environment hook '/home/ugie_home/Wook/blog_ws/install/node_default/share/node_default/hook/cmake_prefix_path.sh'
[0.365s] Level 1:colcon.colcon_core.environment:checking '/home/ugie_home/Wook/blog_ws/install/node_default/lib'
[0.365s] Level 1:colcon.colcon_core.environment:checking '/home/ugie_home/Wook/blog_ws/install/node_default/bin'
[0.365s] Level 1:colcon.colcon_core.environment:checking '/home/ugie_home/Wook/blog_ws/install/node_default/lib/pkgconfig/node_default.pc'
[0.365s] Level 1:colcon.colcon_core.environment:checking '/home/ugie_home/Wook/blog_ws/install/node_default/lib/python3.10/site-packages'
[0.366s] Level 1:colcon.colcon_core.environment:checking '/home/ugie_home/Wook/blog_ws/install/node_default/bin'
[0.366s] INFO:colcon.colcon_core.shell:Creating package script '/home/ugie_home/Wook/blog_ws/install/node_default/share/node_default/package.ps1'
[0.366s] INFO:colcon.colcon_core.shell:Creating package descriptor '/home/ugie_home/Wook/blog_ws/install/node_default/share/node_default/package.dsv'
[0.367s] INFO:colcon.colcon_core.shell:Creating package script '/home/ugie_home/Wook/blog_ws/install/node_default/share/node_default/package.sh'
[0.367s] INFO:colcon.colcon_core.shell:Creating package script '/home/ugie_home/Wook/blog_ws/install/node_default/share/node_default/package.bash'
[0.368s] INFO:colcon.colcon_core.shell:Creating package script '/home/ugie_home/Wook/blog_ws/install/node_default/share/node_default/package.zsh'
[0.368s] Level 1:colcon.colcon_core.environment:create_file_with_runtime_dependencies(/home/ugie_home/Wook/blog_ws/install/node_default/share/colcon-core/packages/node_default)
[0.368s] Level 1:colcon.colcon_core.environment:create_environment_scripts_only(node_default)
[0.369s] Level 1:colcon.colcon_core.environment:checking '/home/ugie_home/Wook/blog_ws/install/node_default' for CMake module files
[0.369s] Level 1:colcon.colcon_core.environment:checking '/home/ugie_home/Wook/blog_ws/install/node_default' for CMake config files
[0.369s] Level 1:colcon.colcon_core.shell:create_environment_hook('node_default', 'cmake_prefix_path')
[0.369s] INFO:colcon.colcon_core.shell:Creating environment hook '/home/ugie_home/Wook/blog_ws/install/node_default/share/node_default/hook/cmake_prefix_path.ps1'
[0.370s] INFO:colcon.colcon_core.shell:Creating environment descriptor '/home/ugie_home/Wook/blog_ws/install/node_default/share/node_default/hook/cmake_prefix_path.dsv'
[0.370s] INFO:colcon.colcon_core.shell:Creating environment hook '/home/ugie_home/Wook/blog_ws/install/node_default/share/node_default/hook/cmake_prefix_path.sh'
[0.370s] Level 1:colcon.colcon_core.environment:checking '/home/ugie_home/Wook/blog_ws/install/node_default/lib'
[0.370s] Level 1:colcon.colcon_core.environment:checking '/home/ugie_home/Wook/blog_ws/install/node_default/bin'
[0.370s] Level 1:colcon.colcon_core.environment:checking '/home/ugie_home/Wook/blog_ws/install/node_default/lib/pkgconfig/node_default.pc'
[0.370s] Level 1:colcon.colcon_core.environment:checking '/home/ugie_home/Wook/blog_ws/install/node_default/lib/python3.10/site-packages'
[0.370s] Level 1:colcon.colcon_core.environment:checking '/home/ugie_home/Wook/blog_ws/install/node_default/bin'
[0.371s] INFO:colcon.colcon_core.shell:Creating package script '/home/ugie_home/Wook/blog_ws/install/node_default/share/node_default/package.ps1'
[0.371s] INFO:colcon.colcon_core.shell:Creating package descriptor '/home/ugie_home/Wook/blog_ws/install/node_default/share/node_default/package.dsv'
[0.371s] INFO:colcon.colcon_core.shell:Creating package script '/home/ugie_home/Wook/blog_ws/install/node_default/share/node_default/package.sh'
[0.372s] INFO:colcon.colcon_core.shell:Creating package script '/home/ugie_home/Wook/blog_ws/install/node_default/share/node_default/package.bash'
[0.372s] INFO:colcon.colcon_core.shell:Creating package script '/home/ugie_home/Wook/blog_ws/install/node_default/share/node_default/package.zsh'
[0.372s] Level 1:colcon.colcon_core.environment:create_file_with_runtime_dependencies(/home/ugie_home/Wook/blog_ws/install/node_default/share/colcon-core/packages/node_default)
[0.373s] Level 1:colcon.colcon_core.environment:create_environment_scripts_only(node_service)
[0.373s] Level 1:colcon.colcon_core.environment:checking '/home/ugie_home/Wook/blog_ws/install/node_service' for CMake module files
[0.373s] DEBUG:colcon.colcon_core.event_handler.log_command:Invoked command in '/home/ugie_home/Wook/blog_ws/build/node_service' returned '0': CMAKE_PREFIX_PATH=${CMAKE_PREFIX_PATH}:/opt/ros/humble /usr/bin/cmake --install /home/ugie_home/Wook/blog_ws/build/node_service
[0.374s] Level 1:colcon.colcon_core.environment:checking '/home/ugie_home/Wook/blog_ws/install/node_service' for CMake config files
[0.374s] Level 1:colcon.colcon_core.shell:create_environment_hook('node_service', 'cmake_prefix_path')
[0.374s] INFO:colcon.colcon_core.shell:Creating environment hook '/home/ugie_home/Wook/blog_ws/install/node_service/share/node_service/hook/cmake_prefix_path.ps1'
[0.374s] INFO:colcon.colcon_core.shell:Creating environment descriptor '/home/ugie_home/Wook/blog_ws/install/node_service/share/node_service/hook/cmake_prefix_path.dsv'
[0.374s] INFO:colcon.colcon_core.shell:Creating environment hook '/home/ugie_home/Wook/blog_ws/install/node_service/share/node_service/hook/cmake_prefix_path.sh'
[0.375s] Level 1:colcon.colcon_core.environment:checking '/home/ugie_home/Wook/blog_ws/install/node_service/lib'
[0.375s] Level 1:colcon.colcon_core.environment:checking '/home/ugie_home/Wook/blog_ws/install/node_service/bin'
[0.375s] Level 1:colcon.colcon_core.environment:checking '/home/ugie_home/Wook/blog_ws/install/node_service/lib/pkgconfig/node_service.pc'
[0.375s] Level 1:colcon.colcon_core.environment:checking '/home/ugie_home/Wook/blog_ws/install/node_service/lib/python3.10/site-packages'
[0.375s] Level 1:colcon.colcon_core.environment:checking '/home/ugie_home/Wook/blog_ws/install/node_service/bin'
[0.375s] INFO:colcon.colcon_core.shell:Creating package script '/home/ugie_home/Wook/blog_ws/install/node_service/share/node_service/package.ps1'
[0.376s] INFO:colcon.colcon_core.shell:Creating package descriptor '/home/ugie_home/Wook/blog_ws/install/node_service/share/node_service/package.dsv'
[0.376s] INFO:colcon.colcon_core.shell:Creating package script '/home/ugie_home/Wook/blog_ws/install/node_service/share/node_service/package.sh'
[0.376s] INFO:colcon.colcon_core.shell:Creating package script '/home/ugie_home/Wook/blog_ws/install/node_service/share/node_service/package.bash'
[0.376s] INFO:colcon.colcon_core.shell:Creating package script '/home/ugie_home/Wook/blog_ws/install/node_service/share/node_service/package.zsh'
[0.377s] Level 1:colcon.colcon_core.environment:create_file_with_runtime_dependencies(/home/ugie_home/Wook/blog_ws/install/node_service/share/colcon-core/packages/node_service)
[0.377s] Level 1:colcon.colcon_core.environment:create_environment_scripts_only(node_service)
[0.377s] Level 1:colcon.colcon_core.environment:checking '/home/ugie_home/Wook/blog_ws/install/node_service' for CMake module files
[0.377s] Level 1:colcon.colcon_core.environment:checking '/home/ugie_home/Wook/blog_ws/install/node_service' for CMake config files
[0.377s] Level 1:colcon.colcon_core.shell:create_environment_hook('node_service', 'cmake_prefix_path')
[0.378s] INFO:colcon.colcon_core.shell:Creating environment hook '/home/ugie_home/Wook/blog_ws/install/node_service/share/node_service/hook/cmake_prefix_path.ps1'
[0.378s] INFO:colcon.colcon_core.shell:Creating environment descriptor '/home/ugie_home/Wook/blog_ws/install/node_service/share/node_service/hook/cmake_prefix_path.dsv'
[0.378s] INFO:colcon.colcon_core.shell:Creating environment hook '/home/ugie_home/Wook/blog_ws/install/node_service/share/node_service/hook/cmake_prefix_path.sh'
[0.378s] Level 1:colcon.colcon_core.environment:checking '/home/ugie_home/Wook/blog_ws/install/node_service/lib'
[0.378s] Level 1:colcon.colcon_core.environment:checking '/home/ugie_home/Wook/blog_ws/install/node_service/bin'
[0.379s] Level 1:colcon.colcon_core.environment:checking '/home/ugie_home/Wook/blog_ws/install/node_service/lib/pkgconfig/node_service.pc'
[0.379s] Level 1:colcon.colcon_core.environment:checking '/home/ugie_home/Wook/blog_ws/install/node_service/lib/python3.10/site-packages'
[0.379s] Level 1:colcon.colcon_core.environment:checking '/home/ugie_home/Wook/blog_ws/install/node_service/bin'
[0.379s] INFO:colcon.colcon_core.shell:Creating package script '/home/ugie_home/Wook/blog_ws/install/node_service/share/node_service/package.ps1'
[0.379s] INFO:colcon.colcon_core.shell:Creating package descriptor '/home/ugie_home/Wook/blog_ws/install/node_service/share/node_service/package.dsv'
[0.380s] INFO:colcon.colcon_core.shell:Creating package script '/home/ugie_home/Wook/blog_ws/install/node_service/share/node_service/package.sh'
[0.380s] INFO:colcon.colcon_core.shell:Creating package script '/home/ugie_home/Wook/blog_ws/install/node_service/share/node_service/package.bash'
[0.380s] INFO:colcon.colcon_core.shell:Creating package script '/home/ugie_home/Wook/blog_ws/install/node_service/share/node_service/package.zsh'
[0.380s] Level 1:colcon.colcon_core.environment:create_file_with_runtime_dependencies(/home/ugie_home/Wook/blog_ws/install/node_service/share/colcon-core/packages/node_service)
[0.381s] Level 1:colcon.colcon_core.environment:create_environment_scripts_only(node_topic)
[0.381s] Level 1:colcon.colcon_core.environment:checking '/home/ugie_home/Wook/blog_ws/install/node_topic' for CMake module files
[0.381s] DEBUG:colcon.colcon_core.event_handler.log_command:Invoked command in '/home/ugie_home/Wook/blog_ws/build/node_topic' returned '0': CMAKE_PREFIX_PATH=${CMAKE_PREFIX_PATH}:/opt/ros/humble /usr/bin/cmake --install /home/ugie_home/Wook/blog_ws/build/node_topic
[0.382s] Level 1:colcon.colcon_core.environment:checking '/home/ugie_home/Wook/blog_ws/install/node_topic' for CMake config files
[0.382s] Level 1:colcon.colcon_core.shell:create_environment_hook('node_topic', 'cmake_prefix_path')
[0.382s] INFO:colcon.colcon_core.shell:Creating environment hook '/home/ugie_home/Wook/blog_ws/install/node_topic/share/node_topic/hook/cmake_prefix_path.ps1'
[0.382s] INFO:colcon.colcon_core.shell:Creating environment descriptor '/home/ugie_home/Wook/blog_ws/install/node_topic/share/node_topic/hook/cmake_prefix_path.dsv'
[0.382s] INFO:colcon.colcon_core.shell:Creating environment hook '/home/ugie_home/Wook/blog_ws/install/node_topic/share/node_topic/hook/cmake_prefix_path.sh'
[0.383s] Level 1:colcon.colcon_core.environment:checking '/home/ugie_home/Wook/blog_ws/install/node_topic/lib'
[0.383s] Level 1:colcon.colcon_core.environment:checking '/home/ugie_home/Wook/blog_ws/install/node_topic/bin'
[0.383s] Level 1:colcon.colcon_core.environment:checking '/home/ugie_home/Wook/blog_ws/install/node_topic/lib/pkgconfig/node_topic.pc'
[0.383s] Level 1:colcon.colcon_core.environment:checking '/home/ugie_home/Wook/blog_ws/install/node_topic/lib/python3.10/site-packages'
[0.383s] Level 1:colcon.colcon_core.environment:checking '/home/ugie_home/Wook/blog_ws/install/node_topic/bin'
[0.383s] INFO:colcon.colcon_core.shell:Creating package script '/home/ugie_home/Wook/blog_ws/install/node_topic/share/node_topic/package.ps1'
[0.384s] INFO:colcon.colcon_core.shell:Creating package descriptor '/home/ugie_home/Wook/blog_ws/install/node_topic/share/node_topic/package.dsv'
[0.384s] INFO:colcon.colcon_core.shell:Creating package script '/home/ugie_home/Wook/blog_ws/install/node_topic/share/node_topic/package.sh'
[0.384s] INFO:colcon.colcon_core.shell:Creating package script '/home/ugie_home/Wook/blog_ws/install/node_topic/share/node_topic/package.bash'
[0.384s] INFO:colcon.colcon_core.shell:Creating package script '/home/ugie_home/Wook/blog_ws/install/node_topic/share/node_topic/package.zsh'
[0.385s] Level 1:colcon.colcon_core.environment:create_file_with_runtime_dependencies(/home/ugie_home/Wook/blog_ws/install/node_topic/share/colcon-core/packages/node_topic)
[0.385s] Level 1:colcon.colcon_core.environment:create_environment_scripts_only(node_topic)
[0.385s] Level 1:colcon.colcon_core.environment:checking '/home/ugie_home/Wook/blog_ws/install/node_topic' for CMake module files
[0.385s] Level 1:colcon.colcon_core.environment:checking '/home/ugie_home/Wook/blog_ws/install/node_topic' for CMake config files
[0.386s] Level 1:colcon.colcon_core.shell:create_environment_hook('node_topic', 'cmake_prefix_path')
[0.386s] INFO:colcon.colcon_core.shell:Creating environment hook '/home/ugie_home/Wook/blog_ws/install/node_topic/share/node_topic/hook/cmake_prefix_path.ps1'
[0.386s] INFO:colcon.colcon_core.shell:Creating environment descriptor '/home/ugie_home/Wook/blog_ws/install/node_topic/share/node_topic/hook/cmake_prefix_path.dsv'
[0.386s] INFO:colcon.colcon_core.shell:Creating environment hook '/home/ugie_home/Wook/blog_ws/install/node_topic/share/node_topic/hook/cmake_prefix_path.sh'
[0.386s] Level 1:colcon.colcon_core.environment:checking '/home/ugie_home/Wook/blog_ws/install/node_topic/lib'
[0.387s] Level 1:colcon.colcon_core.environment:checking '/home/ugie_home/Wook/blog_ws/install/node_topic/bin'
[0.387s] Level 1:colcon.colcon_core.environment:checking '/home/ugie_home/Wook/blog_ws/install/node_topic/lib/pkgconfig/node_topic.pc'
[0.387s] Level 1:colcon.colcon_core.environment:checking '/home/ugie_home/Wook/blog_ws/install/node_topic/lib/python3.10/site-packages'
[0.387s] Level 1:colcon.colcon_core.environment:checking '/home/ugie_home/Wook/blog_ws/install/node_topic/bin'
[0.387s] INFO:colcon.colcon_core.shell:Creating package script '/home/ugie_home/Wook/blog_ws/install/node_topic/share/node_topic/package.ps1'
[0.387s] INFO:colcon.colcon_core.shell:Creating package descriptor '/home/ugie_home/Wook/blog_ws/install/node_topic/share/node_topic/package.dsv'
[0.388s] INFO:colcon.colcon_core.shell:Creating package script '/home/ugie_home/Wook/blog_ws/install/node_topic/share/node_topic/package.sh'
[0.388s] INFO:colcon.colcon_core.shell:Creating package script '/home/ugie_home/Wook/blog_ws/install/node_topic/share/node_topic/package.bash'
[0.388s] INFO:colcon.colcon_core.shell:Creating package script '/home/ugie_home/Wook/blog_ws/install/node_topic/share/node_topic/package.zsh'
[0.388s] Level 1:colcon.colcon_core.environment:create_file_with_runtime_dependencies(/home/ugie_home/Wook/blog_ws/install/node_topic/share/colcon-core/packages/node_topic)
[1.303s] DEBUG:colcon.colcon_core.event_handler.log_command:Invoked command in '/home/ugie_home/Wook/blog_ws/build/custom_interfaces' returned '0': CMAKE_PREFIX_PATH=${CMAKE_PREFIX_PATH}:/opt/ros/humble /usr/bin/cmake --build /home/ugie_home/Wook/blog_ws/build/custom_interfaces -- -j12 -l12
[1.304s] DEBUG:colcon.colcon_core.event_handler.log_command:Invoking command in '/home/ugie_home/Wook/blog_ws/build/custom_interfaces': CMAKE_PREFIX_PATH=${CMAKE_PREFIX_PATH}:/opt/ros/humble /usr/bin/cmake --install /home/ugie_home/Wook/blog_ws/build/custom_interfaces
[1.356s] Level 1:colcon.colcon_core.environment:create_environment_scripts_only(custom_interfaces)
[1.356s] Level 1:colcon.colcon_core.environment:checking '/home/ugie_home/Wook/blog_ws/install/custom_interfaces' for CMake module files
[1.356s] DEBUG:colcon.colcon_core.event_handler.log_command:Invoked command in '/home/ugie_home/Wook/blog_ws/build/custom_interfaces' returned '0': CMAKE_PREFIX_PATH=${CMAKE_PREFIX_PATH}:/opt/ros/humble /usr/bin/cmake --install /home/ugie_home/Wook/blog_ws/build/custom_interfaces
[1.357s] Level 1:colcon.colcon_core.environment:checking '/home/ugie_home/Wook/blog_ws/install/custom_interfaces' for CMake config files
[1.357s] Level 1:colcon.colcon_core.shell:create_environment_hook('custom_interfaces', 'cmake_prefix_path')
[1.357s] INFO:colcon.colcon_core.shell:Creating environment hook '/home/ugie_home/Wook/blog_ws/install/custom_interfaces/share/custom_interfaces/hook/cmake_prefix_path.ps1'
[1.358s] INFO:colcon.colcon_core.shell:Creating environment descriptor '/home/ugie_home/Wook/blog_ws/install/custom_interfaces/share/custom_interfaces/hook/cmake_prefix_path.dsv'
[1.358s] INFO:colcon.colcon_core.shell:Creating environment hook '/home/ugie_home/Wook/blog_ws/install/custom_interfaces/share/custom_interfaces/hook/cmake_prefix_path.sh'
[1.359s] Level 1:colcon.colcon_core.environment:checking '/home/ugie_home/Wook/blog_ws/install/custom_interfaces/lib'
[1.359s] Level 1:colcon.colcon_core.shell:create_environment_hook('custom_interfaces', 'ld_library_path_lib')
[1.359s] INFO:colcon.colcon_core.shell:Creating environment hook '/home/ugie_home/Wook/blog_ws/install/custom_interfaces/share/custom_interfaces/hook/ld_library_path_lib.ps1'
[1.359s] INFO:colcon.colcon_core.shell:Creating environment descriptor '/home/ugie_home/Wook/blog_ws/install/custom_interfaces/share/custom_interfaces/hook/ld_library_path_lib.dsv'
[1.359s] INFO:colcon.colcon_core.shell:Creating environment hook '/home/ugie_home/Wook/blog_ws/install/custom_interfaces/share/custom_interfaces/hook/ld_library_path_lib.sh'
[1.360s] Level 1:colcon.colcon_core.environment:checking '/home/ugie_home/Wook/blog_ws/install/custom_interfaces/bin'
[1.360s] Level 1:colcon.colcon_core.environment:checking '/home/ugie_home/Wook/blog_ws/install/custom_interfaces/lib/pkgconfig/custom_interfaces.pc'
[1.360s] Level 1:colcon.colcon_core.environment:checking '/home/ugie_home/Wook/blog_ws/install/custom_interfaces/lib/python3.10/site-packages'
[1.360s] Level 1:colcon.colcon_core.environment:checking '/home/ugie_home/Wook/blog_ws/install/custom_interfaces/bin'
[1.360s] INFO:colcon.colcon_core.shell:Creating package script '/home/ugie_home/Wook/blog_ws/install/custom_interfaces/share/custom_interfaces/package.ps1'
[1.361s] INFO:colcon.colcon_core.shell:Creating package descriptor '/home/ugie_home/Wook/blog_ws/install/custom_interfaces/share/custom_interfaces/package.dsv'
[1.361s] INFO:colcon.colcon_core.shell:Creating package script '/home/ugie_home/Wook/blog_ws/install/custom_interfaces/share/custom_interfaces/package.sh'
[1.362s] INFO:colcon.colcon_core.shell:Creating package script '/home/ugie_home/Wook/blog_ws/install/custom_interfaces/share/custom_interfaces/package.bash'
[1.362s] INFO:colcon.colcon_core.shell:Creating package script '/home/ugie_home/Wook/blog_ws/install/custom_interfaces/share/custom_interfaces/package.zsh'
[1.362s] Level 1:colcon.colcon_core.environment:create_file_with_runtime_dependencies(/home/ugie_home/Wook/blog_ws/install/custom_interfaces/share/colcon-core/packages/custom_interfaces)
[1.363s] Level 1:colcon.colcon_core.environment:create_environment_scripts_only(custom_interfaces)
[1.363s] Level 1:colcon.colcon_core.environment:checking '/home/ugie_home/Wook/blog_ws/install/custom_interfaces' for CMake module files
[1.363s] Level 1:colcon.colcon_core.environment:checking '/home/ugie_home/Wook/blog_ws/install/custom_interfaces' for CMake config files
[1.364s] Level 1:colcon.colcon_core.shell:create_environment_hook('custom_interfaces', 'cmake_prefix_path')
[1.364s] INFO:colcon.colcon_core.shell:Creating environment hook '/home/ugie_home/Wook/blog_ws/install/custom_interfaces/share/custom_interfaces/hook/cmake_prefix_path.ps1'
[1.364s] INFO:colcon.colcon_core.shell:Creating environment descriptor '/home/ugie_home/Wook/blog_ws/install/custom_interfaces/share/custom_interfaces/hook/cmake_prefix_path.dsv'
[1.365s] INFO:colcon.colcon_core.shell:Creating environment hook '/home/ugie_home/Wook/blog_ws/install/custom_interfaces/share/custom_interfaces/hook/cmake_prefix_path.sh'
[1.365s] Level 1:colcon.colcon_core.environment:checking '/home/ugie_home/Wook/blog_ws/install/custom_interfaces/lib'
[1.365s] Level 1:colcon.colcon_core.shell:create_environment_hook('custom_interfaces', 'ld_library_path_lib')
[1.365s] INFO:colcon.colcon_core.shell:Creating environment hook '/home/ugie_home/Wook/blog_ws/install/custom_interfaces/share/custom_interfaces/hook/ld_library_path_lib.ps1'
[1.366s] INFO:colcon.colcon_core.shell:Creating environment descriptor '/home/ugie_home/Wook/blog_ws/install/custom_interfaces/share/custom_interfaces/hook/ld_library_path_lib.dsv'
[1.366s] INFO:colcon.colcon_core.shell:Creating environment hook '/home/ugie_home/Wook/blog_ws/install/custom_interfaces/share/custom_interfaces/hook/ld_library_path_lib.sh'
[1.366s] Level 1:colcon.colcon_core.environment:checking '/home/ugie_home/Wook/blog_ws/install/custom_interfaces/bin'
[1.366s] Level 1:colcon.colcon_core.environment:checking '/home/ugie_home/Wook/blog_ws/install/custom_interfaces/lib/pkgconfig/custom_interfaces.pc'
[1.366s] Level 1:colcon.colcon_core.environment:checking '/home/ugie_home/Wook/blog_ws/install/custom_interfaces/lib/python3.10/site-packages'
[1.367s] Level 1:colcon.colcon_core.environment:checking '/home/ugie_home/Wook/blog_ws/install/custom_interfaces/bin'
[1.367s] INFO:colcon.colcon_core.shell:Creating package script '/home/ugie_home/Wook/blog_ws/install/custom_interfaces/share/custom_interfaces/package.ps1'
[1.367s] INFO:colcon.colcon_core.shell:Creating package descriptor '/home/ugie_home/Wook/blog_ws/install/custom_interfaces/share/custom_interfaces/package.dsv'
[1.368s] INFO:colcon.colcon_core.shell:Creating package script '/home/ugie_home/Wook/blog_ws/install/custom_interfaces/share/custom_interfaces/package.sh'
[1.368s] INFO:colcon.colcon_core.shell:Creating package script '/home/ugie_home/Wook/blog_ws/install/custom_interfaces/share/custom_interfaces/package.bash'
[1.368s] INFO:colcon.colcon_core.shell:Creating package script '/home/ugie_home/Wook/blog_ws/install/custom_interfaces/share/custom_interfaces/package.zsh'
[1.369s] Level 1:colcon.colcon_core.environment:create_file_with_runtime_dependencies(/home/ugie_home/Wook/blog_ws/install/custom_interfaces/share/colcon-core/packages/custom_interfaces)
[1.369s] INFO:colcon.colcon_ros.task.ament_cmake.build:Building ROS package in '/home/ugie_home/Wook/blog_ws/src/node_action' with build type 'ament_cmake'
[1.369s] INFO:colcon.colcon_cmake.task.cmake.build:Building CMake package in '/home/ugie_home/Wook/blog_ws/src/node_action'
[1.369s] INFO:colcon.colcon_core.shell:Skip shell extension 'powershell' for command environment: Not usable outside of PowerShell
[1.369s] DEBUG:colcon.colcon_core.shell:Skip shell extension 'dsv' for command environment
[1.378s] DEBUG:colcon.colcon_core.event_handler.log_command:Invoking command in '/home/ugie_home/Wook/blog_ws/build/node_action': CMAKE_PREFIX_PATH=/home/ugie_home/Wook/blog_ws/install/custom_interfaces:/home/ugie_home/Wook/blog_ws/install/node_action:/home/ugie_home/Wook/blog_ws/install/node_topic:/home/ugie_home/Wook/blog_ws/install/node_service:/home/ugie_home/Wook/blog_ws/install/node_default:/opt/ros/humble /usr/bin/cmake --build /home/ugie_home/Wook/blog_ws/build/node_action -- -j12 -l12
[4.126s] DEBUG:colcon.colcon_core.event_handler.log_command:Invoked command in '/home/ugie_home/Wook/blog_ws/build/node_action' returned '0': CMAKE_PREFIX_PATH=/home/ugie_home/Wook/blog_ws/install/custom_interfaces:/home/ugie_home/Wook/blog_ws/install/node_action:/home/ugie_home/Wook/blog_ws/install/node_topic:/home/ugie_home/Wook/blog_ws/install/node_service:/home/ugie_home/Wook/blog_ws/install/node_default:/opt/ros/humble /usr/bin/cmake --build /home/ugie_home/Wook/blog_ws/build/node_action -- -j12 -l12
[4.128s] DEBUG:colcon.colcon_core.event_handler.log_command:Invoking command in '/home/ugie_home/Wook/blog_ws/build/node_action': CMAKE_PREFIX_PATH=/home/ugie_home/Wook/blog_ws/install/custom_interfaces:/home/ugie_home/Wook/blog_ws/install/node_action:/home/ugie_home/Wook/blog_ws/install/node_topic:/home/ugie_home/Wook/blog_ws/install/node_service:/home/ugie_home/Wook/blog_ws/install/node_default:/opt/ros/humble /usr/bin/cmake --install /home/ugie_home/Wook/blog_ws/build/node_action
[4.142s] Level 1:colcon.colcon_core.environment:create_environment_scripts_only(node_action)
[4.142s] Level 1:colcon.colcon_core.environment:checking '/home/ugie_home/Wook/blog_ws/install/node_action' for CMake module files
[4.143s] DEBUG:colcon.colcon_core.event_handler.log_command:Invoked command in '/home/ugie_home/Wook/blog_ws/build/node_action' returned '0': CMAKE_PREFIX_PATH=/home/ugie_home/Wook/blog_ws/install/custom_interfaces:/home/ugie_home/Wook/blog_ws/install/node_action:/home/ugie_home/Wook/blog_ws/install/node_topic:/home/ugie_home/Wook/blog_ws/install/node_service:/home/ugie_home/Wook/blog_ws/install/node_default:/opt/ros/humble /usr/bin/cmake --install /home/ugie_home/Wook/blog_ws/build/node_action
[4.143s] Level 1:colcon.colcon_core.environment:checking '/home/ugie_home/Wook/blog_ws/install/node_action' for CMake config files
[4.143s] Level 1:colcon.colcon_core.shell:create_environment_hook('node_action', 'cmake_prefix_path')
[4.143s] INFO:colcon.colcon_core.shell:Creating environment hook '/home/ugie_home/Wook/blog_ws/install/node_action/share/node_action/hook/cmake_prefix_path.ps1'
[4.144s] INFO:colcon.colcon_core.shell:Creating environment descriptor '/home/ugie_home/Wook/blog_ws/install/node_action/share/node_action/hook/cmake_prefix_path.dsv'
[4.144s] INFO:colcon.colcon_core.shell:Creating environment hook '/home/ugie_home/Wook/blog_ws/install/node_action/share/node_action/hook/cmake_prefix_path.sh'
[4.145s] Level 1:colcon.colcon_core.environment:checking '/home/ugie_home/Wook/blog_ws/install/node_action/lib'
[4.145s] Level 1:colcon.colcon_core.environment:checking '/home/ugie_home/Wook/blog_ws/install/node_action/bin'
[4.145s] Level 1:colcon.colcon_core.environment:checking '/home/ugie_home/Wook/blog_ws/install/node_action/lib/pkgconfig/node_action.pc'
[4.145s] Level 1:colcon.colcon_core.environment:checking '/home/ugie_home/Wook/blog_ws/install/node_action/lib/python3.10/site-packages'
[4.145s] Level 1:colcon.colcon_core.environment:checking '/home/ugie_home/Wook/blog_ws/install/node_action/bin'
[4.146s] INFO:colcon.colcon_core.shell:Creating package script '/home/ugie_home/Wook/blog_ws/install/node_action/share/node_action/package.ps1'
[4.146s] INFO:colcon.colcon_core.shell:Creating package descriptor '/home/ugie_home/Wook/blog_ws/install/node_action/share/node_action/package.dsv'
[4.146s] INFO:colcon.colcon_core.shell:Creating package script '/home/ugie_home/Wook/blog_ws/install/node_action/share/node_action/package.sh'
[4.147s] INFO:colcon.colcon_core.shell:Creating package script '/home/ugie_home/Wook/blog_ws/install/node_action/share/node_action/package.bash'
[4.147s] INFO:colcon.colcon_core.shell:Creating package script '/home/ugie_home/Wook/blog_ws/install/node_action/share/node_action/package.zsh'
[4.147s] Level 1:colcon.colcon_core.environment:create_file_with_runtime_dependencies(/home/ugie_home/Wook/blog_ws/install/node_action/share/colcon-core/packages/node_action)
[4.148s] Level 1:colcon.colcon_core.environment:create_environment_scripts_only(node_action)
[4.148s] Level 1:colcon.colcon_core.environment:checking '/home/ugie_home/Wook/blog_ws/install/node_action' for CMake module files
[4.148s] Level 1:colcon.colcon_core.environment:checking '/home/ugie_home/Wook/blog_ws/install/node_action' for CMake config files
[4.149s] Level 1:colcon.colcon_core.shell:create_environment_hook('node_action', 'cmake_prefix_path')
[4.149s] INFO:colcon.colcon_core.shell:Creating environment hook '/home/ugie_home/Wook/blog_ws/install/node_action/share/node_action/hook/cmake_prefix_path.ps1'
[4.149s] INFO:colcon.colcon_core.shell:Creating environment descriptor '/home/ugie_home/Wook/blog_ws/install/node_action/share/node_action/hook/cmake_prefix_path.dsv'
[4.149s] INFO:colcon.colcon_core.shell:Creating environment hook '/home/ugie_home/Wook/blog_ws/install/node_action/share/node_action/hook/cmake_prefix_path.sh'
[4.150s] Level 1:colcon.colcon_core.environment:checking '/home/ugie_home/Wook/blog_ws/install/node_action/lib'
[4.150s] Level 1:colcon.colcon_core.environment:checking '/home/ugie_home/Wook/blog_ws/install/node_action/bin'
[4.150s] Level 1:colcon.colcon_core.environment:checking '/home/ugie_home/Wook/blog_ws/install/node_action/lib/pkgconfig/node_action.pc'
[4.150s] Level 1:colcon.colcon_core.environment:checking '/home/ugie_home/Wook/blog_ws/install/node_action/lib/python3.10/site-packages'
[4.150s] Level 1:colcon.colcon_core.environment:checking '/home/ugie_home/Wook/blog_ws/install/node_action/bin'
[4.150s] INFO:colcon.colcon_core.shell:Creating package script '/home/ugie_home/Wook/blog_ws/install/node_action/share/node_action/package.ps1'
[4.151s] INFO:colcon.colcon_core.shell:Creating package descriptor '/home/ugie_home/Wook/blog_ws/install/node_action/share/node_action/package.dsv'
[4.151s] INFO:colcon.colcon_core.shell:Creating package script '/home/ugie_home/Wook/blog_ws/install/node_action/share/node_action/package.sh'
[4.151s] INFO:colcon.colcon_core.shell:Creating package script '/home/ugie_home/Wook/blog_ws/install/node_action/share/node_action/package.bash'
[4.152s] INFO:colcon.colcon_core.shell:Creating package script '/home/ugie_home/Wook/blog_ws/install/node_action/share/node_action/package.zsh'
[4.152s] Level 1:colcon.colcon_core.environment:create_file_with_runtime_dependencies(/home/ugie_home/Wook/blog_ws/install/node_action/share/colcon-core/packages/node_action)
[4.152s] DEBUG:colcon.colcon_parallel_executor.executor.parallel:closing loop
[4.153s] DEBUG:colcon.colcon_parallel_executor.executor.parallel:loop closed
[4.153s] DEBUG:colcon.colcon_parallel_executor.executor.parallel:run_until_complete finished with '0'
[4.153s] DEBUG:colcon.colcon_core.event_reactor:joining thread
[4.157s] INFO:colcon.colcon_core.plugin_system:Skipping extension 'colcon_notification.desktop_notification.terminal_notifier': Not used on non-Darwin systems
[4.157s] INFO:colcon.colcon_core.plugin_system:Skipping extension 'colcon_notification.desktop_notification.win32': Not used on non-Windows systems
[4.157s] INFO:colcon.colcon_notification.desktop_notification:Sending desktop notification using 'notify2'
[4.168s] DEBUG:colcon.colcon_core.event_reactor:joined thread
[4.168s] INFO:colcon.colcon_core.shell:Creating prefix script '/home/ugie_home/Wook/blog_ws/install/local_setup.ps1'
[4.169s] INFO:colcon.colcon_core.shell:Creating prefix util module '/home/ugie_home/Wook/blog_ws/install/_local_setup_util_ps1.py'
[4.171s] INFO:colcon.colcon_core.shell:Creating prefix chain script '/home/ugie_home/Wook/blog_ws/install/setup.ps1'
[4.172s] INFO:colcon.colcon_core.shell:Creating prefix script '/home/ugie_home/Wook/blog_ws/install/local_setup.sh'
[4.172s] INFO:colcon.colcon_core.shell:Creating prefix util module '/home/ugie_home/Wook/blog_ws/install/_local_setup_util_sh.py'
[4.173s] INFO:colcon.colcon_core.shell:Creating prefix chain script '/home/ugie_home/Wook/blog_ws/install/setup.sh'
[4.174s] INFO:colcon.colcon_core.shell:Creating prefix script '/home/ugie_home/Wook/blog_ws/install/local_setup.bash'
[4.174s] INFO:colcon.colcon_core.shell:Creating prefix chain script '/home/ugie_home/Wook/blog_ws/install/setup.bash'
[4.175s] INFO:colcon.colcon_core.shell:Creating prefix script '/home/ugie_home/Wook/blog_ws/install/local_setup.zsh'
[4.176s] INFO:colcon.colcon_core.shell:Creating prefix chain script '/home/ugie_home/Wook/blog_ws/install/setup.zsh'
