[0.074s] DEBUG:colcon:Command line arguments: ['/usr/bin/colcon', 'build', '--symlink-install']
[0.074s] DEBUG:colcon:Parsed command line arguments: Namespace(log_base=None, log_level=None, verb_name='build', build_base='build', install_base='install', merge_install=False, symlink_install=True, test_result_base=None, continue_on_error=False, executor='parallel', parallel_workers=12, event_handlers=None, ignore_user_meta=False, metas=['./colcon.meta'], base_paths=['.'], packages_ignore=None, packages_ignore_regex=None, paths=None, packages_up_to=None, packages_up_to_regex=None, packages_above=None, packages_above_and_dependencies=None, packages_above_depth=None, packages_select_by_dep=None, packages_skip_by_dep=None, packages_skip_up_to=None, packages_select_build_failed=False, packages_skip_build_finished=False, packages_select_test_failures=False, packages_skip_test_passed=False, packages_select=None, packages_skip=None, packages_select_regex=None, packages_skip_regex=None, packages_start=None, packages_end=None, allow_overriding=[], cmake_args=None, cmake_target=None, cmake_target_skip_unavailable=False, cmake_clean_cache=False, cmake_clean_first=False, cmake_force_configure=False, ament_cmake_args=None, catkin_cmake_args=None, catkin_skip_building_tests=False, mixin_files=None, mixin=None, verb_parser=<colcon_mixin.mixin.mixin_argument.MixinArgumentDecorator object at 0x75553724ae30>, verb_extension=<colcon_core.verb.build.BuildVerb object at 0x75553735fd60>, main=<bound method BuildVerb.main of <colcon_core.verb.build.BuildVerb object at 0x75553735fd60>>, mixin_verb=('build',))
[0.196s] Level 1:colcon.colcon_core.package_discovery:discover_packages(colcon_meta) check parameters
[0.197s] Level 1:colcon.colcon_core.package_discovery:discover_packages(recursive) check parameters
[0.197s] Level 1:colcon.colcon_core.package_discovery:discover_packages(ignore) check parameters
[0.197s] Level 1:colcon.colcon_core.package_discovery:discover_packages(path) check parameters
[0.197s] Level 1:colcon.colcon_core.package_discovery:discover_packages(colcon_meta) discover
[0.197s] Level 1:colcon.colcon_core.package_discovery:discover_packages(recursive) discover
[0.197s] INFO:colcon.colcon_core.package_discovery:Crawling recursively for packages in '/home/ugie_home/Wook/blog_ws'
[0.197s] Level 1:colcon.colcon_core.package_identification:_identify(.) by extensions ['ignore', 'ignore_ament_install']
[0.197s] Level 1:colcon.colcon_core.package_identification:_identify(.) by extension 'ignore'
[0.197s] Level 1:colcon.colcon_core.package_identification:_identify(.) by extension 'ignore_ament_install'
[0.197s] Level 1:colcon.colcon_core.package_identification:_identify(.) by extensions ['colcon_pkg']
[0.197s] Level 1:colcon.colcon_core.package_identification:_identify(.) by extension 'colcon_pkg'
[0.197s] Level 1:colcon.colcon_core.package_identification:_identify(.) by extensions ['colcon_meta']
[0.197s] Level 1:colcon.colcon_core.package_identification:_identify(.) by extension 'colcon_meta'
[0.197s] Level 1:colcon.colcon_core.package_identification:_identify(.) by extensions ['ros']
[0.197s] Level 1:colcon.colcon_core.package_identification:_identify(.) by extension 'ros'
[0.204s] Level 1:colcon.colcon_core.package_identification:_identify(.) by extensions ['cmake', 'python']
[0.204s] Level 1:colcon.colcon_core.package_identification:_identify(.) by extension 'cmake'
[0.204s] Level 1:colcon.colcon_core.package_identification:_identify(.) by extension 'python'
[0.204s] Level 1:colcon.colcon_core.package_identification:_identify(.) by extensions ['python_setup_py']
[0.204s] Level 1:colcon.colcon_core.package_identification:_identify(.) by extension 'python_setup_py'
[0.204s] Level 1:colcon.colcon_core.package_identification:_identify(build) by extensions ['ignore', 'ignore_ament_install']
[0.204s] Level 1:colcon.colcon_core.package_identification:_identify(build) by extension 'ignore'
[0.204s] Level 1:colcon.colcon_core.package_identification:_identify(build) ignored
[0.204s] Level 1:colcon.colcon_core.package_identification:_identify(install) by extensions ['ignore', 'ignore_ament_install']
[0.205s] Level 1:colcon.colcon_core.package_identification:_identify(install) by extension 'ignore'
[0.205s] Level 1:colcon.colcon_core.package_identification:_identify(install) ignored
[0.205s] Level 1:colcon.colcon_core.package_identification:_identify(log) by extensions ['ignore', 'ignore_ament_install']
[0.205s] Level 1:colcon.colcon_core.package_identification:_identify(log) by extension 'ignore'
[0.205s] Level 1:colcon.colcon_core.package_identification:_identify(log) ignored
[0.205s] Level 1:colcon.colcon_core.package_identification:_identify(src) by extensions ['ignore', 'ignore_ament_install']
[0.205s] Level 1:colcon.colcon_core.package_identification:_identify(src) by extension 'ignore'
[0.205s] Level 1:colcon.colcon_core.package_identification:_identify(src) by extension 'ignore_ament_install'
[0.205s] Level 1:colcon.colcon_core.package_identification:_identify(src) by extensions ['colcon_pkg']
[0.205s] Level 1:colcon.colcon_core.package_identification:_identify(src) by extension 'colcon_pkg'
[0.205s] Level 1:colcon.colcon_core.package_identification:_identify(src) by extensions ['colcon_meta']
[0.205s] Level 1:colcon.colcon_core.package_identification:_identify(src) by extension 'colcon_meta'
[0.205s] Level 1:colcon.colcon_core.package_identification:_identify(src) by extensions ['ros']
[0.205s] Level 1:colcon.colcon_core.package_identification:_identify(src) by extension 'ros'
[0.205s] Level 1:colcon.colcon_core.package_identification:_identify(src) by extensions ['cmake', 'python']
[0.205s] Level 1:colcon.colcon_core.package_identification:_identify(src) by extension 'cmake'
[0.205s] Level 1:colcon.colcon_core.package_identification:_identify(src) by extension 'python'
[0.205s] Level 1:colcon.colcon_core.package_identification:_identify(src) by extensions ['python_setup_py']
[0.205s] Level 1:colcon.colcon_core.package_identification:_identify(src) by extension 'python_setup_py'
[0.205s] Level 1:colcon.colcon_core.package_identification:_identify(src/custom_interfaces) by extensions ['ignore', 'ignore_ament_install']
[0.205s] Level 1:colcon.colcon_core.package_identification:_identify(src/custom_interfaces) by extension 'ignore'
[0.205s] Level 1:colcon.colcon_core.package_identification:_identify(src/custom_interfaces) by extension 'ignore_ament_install'
[0.205s] Level 1:colcon.colcon_core.package_identification:_identify(src/custom_interfaces) by extensions ['colcon_pkg']
[0.205s] Level 1:colcon.colcon_core.package_identification:_identify(src/custom_interfaces) by extension 'colcon_pkg'
[0.205s] Level 1:colcon.colcon_core.package_identification:_identify(src/custom_interfaces) by extensions ['colcon_meta']
[0.205s] Level 1:colcon.colcon_core.package_identification:_identify(src/custom_interfaces) by extension 'colcon_meta'
[0.205s] Level 1:colcon.colcon_core.package_identification:_identify(src/custom_interfaces) by extensions ['ros']
[0.205s] Level 1:colcon.colcon_core.package_identification:_identify(src/custom_interfaces) by extension 'ros'
[0.207s] DEBUG:colcon.colcon_core.package_identification:Package 'src/custom_interfaces' with type 'ros.ament_cmake' and name 'custom_interfaces'
[0.207s] Level 1:colcon.colcon_core.package_identification:_identify(src/node_action) by extensions ['ignore', 'ignore_ament_install']
[0.207s] Level 1:colcon.colcon_core.package_identification:_identify(src/node_action) by extension 'ignore'
[0.207s] Level 1:colcon.colcon_core.package_identification:_identify(src/node_action) by extension 'ignore_ament_install'
[0.207s] Level 1:colcon.colcon_core.package_identification:_identify(src/node_action) by extensions ['colcon_pkg']
[0.207s] Level 1:colcon.colcon_core.package_identification:_identify(src/node_action) by extension 'colcon_pkg'
[0.207s] Level 1:colcon.colcon_core.package_identification:_identify(src/node_action) by extensions ['colcon_meta']
[0.207s] Level 1:colcon.colcon_core.package_identification:_identify(src/node_action) by extension 'colcon_meta'
[0.207s] Level 1:colcon.colcon_core.package_identification:_identify(src/node_action) by extensions ['ros']
[0.207s] Level 1:colcon.colcon_core.package_identification:_identify(src/node_action) by extension 'ros'
[0.208s] DEBUG:colcon.colcon_core.package_identification:Package 'src/node_action' with type 'ros.ament_cmake' and name 'node_action'
[0.208s] Level 1:colcon.colcon_core.package_identification:_identify(src/node_default) by extensions ['ignore', 'ignore_ament_install']
[0.208s] Level 1:colcon.colcon_core.package_identification:_identify(src/node_default) by extension 'ignore'
[0.208s] Level 1:colcon.colcon_core.package_identification:_identify(src/node_default) by extension 'ignore_ament_install'
[0.208s] Level 1:colcon.colcon_core.package_identification:_identify(src/node_default) by extensions ['colcon_pkg']
[0.208s] Level 1:colcon.colcon_core.package_identification:_identify(src/node_default) by extension 'colcon_pkg'
[0.208s] Level 1:colcon.colcon_core.package_identification:_identify(src/node_default) by extensions ['colcon_meta']
[0.208s] Level 1:colcon.colcon_core.package_identification:_identify(src/node_default) by extension 'colcon_meta'
[0.208s] Level 1:colcon.colcon_core.package_identification:_identify(src/node_default) by extensions ['ros']
[0.208s] Level 1:colcon.colcon_core.package_identification:_identify(src/node_default) by extension 'ros'
[0.209s] DEBUG:colcon.colcon_core.package_identification:Package 'src/node_default' with type 'ros.ament_cmake' and name 'node_default'
[0.209s] Level 1:colcon.colcon_core.package_identification:_identify(src/node_service) by extensions ['ignore', 'ignore_ament_install']
[0.209s] Level 1:colcon.colcon_core.package_identification:_identify(src/node_service) by extension 'ignore'
[0.209s] Level 1:colcon.colcon_core.package_identification:_identify(src/node_service) by extension 'ignore_ament_install'
[0.209s] Level 1:colcon.colcon_core.package_identification:_identify(src/node_service) by extensions ['colcon_pkg']
[0.209s] Level 1:colcon.colcon_core.package_identification:_identify(src/node_service) by extension 'colcon_pkg'
[0.209s] Level 1:colcon.colcon_core.package_identification:_identify(src/node_service) by extensions ['colcon_meta']
[0.209s] Level 1:colcon.colcon_core.package_identification:_identify(src/node_service) by extension 'colcon_meta'
[0.209s] Level 1:colcon.colcon_core.package_identification:_identify(src/node_service) by extensions ['ros']
[0.209s] Level 1:colcon.colcon_core.package_identification:_identify(src/node_service) by extension 'ros'
[0.209s] DEBUG:colcon.colcon_core.package_identification:Package 'src/node_service' with type 'ros.ament_cmake' and name 'node_service'
[0.209s] Level 1:colcon.colcon_core.package_identification:_identify(src/node_topic) by extensions ['ignore', 'ignore_ament_install']
[0.210s] Level 1:colcon.colcon_core.package_identification:_identify(src/node_topic) by extension 'ignore'
[0.210s] Level 1:colcon.colcon_core.package_identification:_identify(src/node_topic) by extension 'ignore_ament_install'
[0.210s] Level 1:colcon.colcon_core.package_identification:_identify(src/node_topic) by extensions ['colcon_pkg']
[0.210s] Level 1:colcon.colcon_core.package_identification:_identify(src/node_topic) by extension 'colcon_pkg'
[0.210s] Level 1:colcon.colcon_core.package_identification:_identify(src/node_topic) by extensions ['colcon_meta']
[0.210s] Level 1:colcon.colcon_core.package_identification:_identify(src/node_topic) by extension 'colcon_meta'
[0.210s] Level 1:colcon.colcon_core.package_identification:_identify(src/node_topic) by extensions ['ros']
[0.210s] Level 1:colcon.colcon_core.package_identification:_identify(src/node_topic) by extension 'ros'
[0.211s] DEBUG:colcon.colcon_core.package_identification:Package 'src/node_topic' with type 'ros.ament_cmake' and name 'node_topic'
[0.211s] Level 1:colcon.colcon_core.package_discovery:discover_packages(recursive) using defaults
[0.211s] Level 1:colcon.colcon_core.package_discovery:discover_packages(ignore) discover
[0.211s] Level 1:colcon.colcon_core.package_discovery:discover_packages(ignore) using defaults
[0.211s] Level 1:colcon.colcon_core.package_discovery:discover_packages(path) discover
[0.211s] Level 1:colcon.colcon_core.package_discovery:discover_packages(path) using defaults
[0.228s] Level 1:colcon.colcon_core.package_discovery:discover_packages(prefix_path) check parameters
[0.229s] Level 1:colcon.colcon_core.package_discovery:discover_packages(prefix_path) discover
[0.229s] WARNING:colcon.colcon_ros.prefix_path.ament:The path '/home/ugie_home/Wook/blog_ws/install/custom_interfaces' in the environment variable AMENT_PREFIX_PATH doesn't exist
[0.229s] WARNING:colcon.colcon_ros.prefix_path.ament:The path '/home/ugie_home/Wook/blog_ws/install/node_topic' in the environment variable AMENT_PREFIX_PATH doesn't exist
[0.229s] WARNING:colcon.colcon_ros.prefix_path.ament:The path '/home/ugie_home/Wook/blog_ws/install/node_service' in the environment variable AMENT_PREFIX_PATH doesn't exist
[0.229s] WARNING:colcon.colcon_ros.prefix_path.ament:The path '/home/ugie_home/Wook/blog_ws/install/node_default' in the environment variable AMENT_PREFIX_PATH doesn't exist
[0.229s] WARNING:colcon.colcon_ros.prefix_path.catkin:The path '/home/ugie_home/Wook/blog_ws/install/custom_interfaces' in the environment variable CMAKE_PREFIX_PATH doesn't exist
[0.229s] WARNING:colcon.colcon_ros.prefix_path.catkin:The path '/home/ugie_home/Wook/blog_ws/install/node_topic' in the environment variable CMAKE_PREFIX_PATH doesn't exist
[0.229s] WARNING:colcon.colcon_ros.prefix_path.catkin:The path '/home/ugie_home/Wook/blog_ws/install/node_service' in the environment variable CMAKE_PREFIX_PATH doesn't exist
[0.229s] WARNING:colcon.colcon_ros.prefix_path.catkin:The path '/home/ugie_home/Wook/blog_ws/install/node_default' in the environment variable CMAKE_PREFIX_PATH doesn't exist
[0.230s] DEBUG:colcon.colcon_installed_package_information.package_discovery:Found 0 installed packages in /home/ugie_home/Wook/blog_ws/install
[0.231s] DEBUG:colcon.colcon_installed_package_information.package_discovery:Found 420 installed packages in /opt/ros/humble
[0.232s] Level 1:colcon.colcon_core.package_discovery:discover_packages(prefix_path) using defaults
[0.267s] Level 5:colcon.colcon_core.verb:set package 'custom_interfaces' build argument 'cmake_args' from command line to 'None'
[0.268s] Level 5:colcon.colcon_core.verb:set package 'custom_interfaces' build argument 'cmake_target' from command line to 'None'
[0.268s] Level 5:colcon.colcon_core.verb:set package 'custom_interfaces' build argument 'cmake_target_skip_unavailable' from command line to 'False'
[0.268s] Level 5:colcon.colcon_core.verb:set package 'custom_interfaces' build argument 'cmake_clean_cache' from command line to 'False'
[0.268s] Level 5:colcon.colcon_core.verb:set package 'custom_interfaces' build argument 'cmake_clean_first' from command line to 'False'
[0.268s] Level 5:colcon.colcon_core.verb:set package 'custom_interfaces' build argument 'cmake_force_configure' from command line to 'False'
[0.268s] Level 5:colcon.colcon_core.verb:set package 'custom_interfaces' build argument 'ament_cmake_args' from command line to 'None'
[0.268s] Level 5:colcon.colcon_core.verb:set package 'custom_interfaces' build argument 'catkin_cmake_args' from command line to 'None'
[0.268s] Level 5:colcon.colcon_core.verb:set package 'custom_interfaces' build argument 'catkin_skip_building_tests' from command line to 'False'
[0.268s] DEBUG:colcon.colcon_core.verb:Building package 'custom_interfaces' with the following arguments: {'ament_cmake_args': None, 'build_base': '/home/ugie_home/Wook/blog_ws/build/custom_interfaces', 'catkin_cmake_args': None, 'catkin_skip_building_tests': False, 'cmake_args': None, 'cmake_clean_cache': False, 'cmake_clean_first': False, 'cmake_force_configure': False, 'cmake_target': None, 'cmake_target_skip_unavailable': False, 'install_base': '/home/ugie_home/Wook/blog_ws/install/custom_interfaces', 'merge_install': False, 'path': '/home/ugie_home/Wook/blog_ws/src/custom_interfaces', 'symlink_install': True, 'test_result_base': None}
[0.268s] Level 5:colcon.colcon_core.verb:set package 'node_default' build argument 'cmake_args' from command line to 'None'
[0.268s] Level 5:colcon.colcon_core.verb:set package 'node_default' build argument 'cmake_target' from command line to 'None'
[0.268s] Level 5:colcon.colcon_core.verb:set package 'node_default' build argument 'cmake_target_skip_unavailable' from command line to 'False'
[0.268s] Level 5:colcon.colcon_core.verb:set package 'node_default' build argument 'cmake_clean_cache' from command line to 'False'
[0.268s] Level 5:colcon.colcon_core.verb:set package 'node_default' build argument 'cmake_clean_first' from command line to 'False'
[0.268s] Level 5:colcon.colcon_core.verb:set package 'node_default' build argument 'cmake_force_configure' from command line to 'False'
[0.268s] Level 5:colcon.colcon_core.verb:set package 'node_default' build argument 'ament_cmake_args' from command line to 'None'
[0.268s] Level 5:colcon.colcon_core.verb:set package 'node_default' build argument 'catkin_cmake_args' from command line to 'None'
[0.268s] Level 5:colcon.colcon_core.verb:set package 'node_default' build argument 'catkin_skip_building_tests' from command line to 'False'
[0.268s] DEBUG:colcon.colcon_core.verb:Building package 'node_default' with the following arguments: {'ament_cmake_args': None, 'build_base': '/home/ugie_home/Wook/blog_ws/build/node_default', 'catkin_cmake_args': None, 'catkin_skip_building_tests': False, 'cmake_args': None, 'cmake_clean_cache': False, 'cmake_clean_first': False, 'cmake_force_configure': False, 'cmake_target': None, 'cmake_target_skip_unavailable': False, 'install_base': '/home/ugie_home/Wook/blog_ws/install/node_default', 'merge_install': False, 'path': '/home/ugie_home/Wook/blog_ws/src/node_default', 'symlink_install': True, 'test_result_base': None}
[0.268s] Level 5:colcon.colcon_core.verb:set package 'node_service' build argument 'cmake_args' from command line to 'None'
[0.268s] Level 5:colcon.colcon_core.verb:set package 'node_service' build argument 'cmake_target' from command line to 'None'
[0.268s] Level 5:colcon.colcon_core.verb:set package 'node_service' build argument 'cmake_target_skip_unavailable' from command line to 'False'
[0.268s] Level 5:colcon.colcon_core.verb:set package 'node_service' build argument 'cmake_clean_cache' from command line to 'False'
[0.268s] Level 5:colcon.colcon_core.verb:set package 'node_service' build argument 'cmake_clean_first' from command line to 'False'
[0.268s] Level 5:colcon.colcon_core.verb:set package 'node_service' build argument 'cmake_force_configure' from command line to 'False'
[0.268s] Level 5:colcon.colcon_core.verb:set package 'node_service' build argument 'ament_cmake_args' from command line to 'None'
[0.268s] Level 5:colcon.colcon_core.verb:set package 'node_service' build argument 'catkin_cmake_args' from command line to 'None'
[0.268s] Level 5:colcon.colcon_core.verb:set package 'node_service' build argument 'catkin_skip_building_tests' from command line to 'False'
[0.268s] DEBUG:colcon.colcon_core.verb:Building package 'node_service' with the following arguments: {'ament_cmake_args': None, 'build_base': '/home/ugie_home/Wook/blog_ws/build/node_service', 'catkin_cmake_args': None, 'catkin_skip_building_tests': False, 'cmake_args': None, 'cmake_clean_cache': False, 'cmake_clean_first': False, 'cmake_force_configure': False, 'cmake_target': None, 'cmake_target_skip_unavailable': False, 'install_base': '/home/ugie_home/Wook/blog_ws/install/node_service', 'merge_install': False, 'path': '/home/ugie_home/Wook/blog_ws/src/node_service', 'symlink_install': True, 'test_result_base': None}
[0.269s] Level 5:colcon.colcon_core.verb:set package 'node_topic' build argument 'cmake_args' from command line to 'None'
[0.269s] Level 5:colcon.colcon_core.verb:set package 'node_topic' build argument 'cmake_target' from command line to 'None'
[0.269s] Level 5:colcon.colcon_core.verb:set package 'node_topic' build argument 'cmake_target_skip_unavailable' from command line to 'False'
[0.269s] Level 5:colcon.colcon_core.verb:set package 'node_topic' build argument 'cmake_clean_cache' from command line to 'False'
[0.269s] Level 5:colcon.colcon_core.verb:set package 'node_topic' build argument 'cmake_clean_first' from command line to 'False'
[0.269s] Level 5:colcon.colcon_core.verb:set package 'node_topic' build argument 'cmake_force_configure' from command line to 'False'
[0.269s] Level 5:colcon.colcon_core.verb:set package 'node_topic' build argument 'ament_cmake_args' from command line to 'None'
[0.269s] Level 5:colcon.colcon_core.verb:set package 'node_topic' build argument 'catkin_cmake_args' from command line to 'None'
[0.269s] Level 5:colcon.colcon_core.verb:set package 'node_topic' build argument 'catkin_skip_building_tests' from command line to 'False'
[0.269s] DEBUG:colcon.colcon_core.verb:Building package 'node_topic' with the following arguments: {'ament_cmake_args': None, 'build_base': '/home/ugie_home/Wook/blog_ws/build/node_topic', 'catkin_cmake_args': None, 'catkin_skip_building_tests': False, 'cmake_args': None, 'cmake_clean_cache': False, 'cmake_clean_first': False, 'cmake_force_configure': False, 'cmake_target': None, 'cmake_target_skip_unavailable': False, 'install_base': '/home/ugie_home/Wook/blog_ws/install/node_topic', 'merge_install': False, 'path': '/home/ugie_home/Wook/blog_ws/src/node_topic', 'symlink_install': True, 'test_result_base': None}
[0.269s] Level 5:colcon.colcon_core.verb:set package 'node_action' build argument 'cmake_args' from command line to 'None'
[0.269s] Level 5:colcon.colcon_core.verb:set package 'node_action' build argument 'cmake_target' from command line to 'None'
[0.269s] Level 5:colcon.colcon_core.verb:set package 'node_action' build argument 'cmake_target_skip_unavailable' from command line to 'False'
[0.269s] Level 5:colcon.colcon_core.verb:set package 'node_action' build argument 'cmake_clean_cache' from command line to 'False'
[0.269s] Level 5:colcon.colcon_core.verb:set package 'node_action' build argument 'cmake_clean_first' from command line to 'False'
[0.269s] Level 5:colcon.colcon_core.verb:set package 'node_action' build argument 'cmake_force_configure' from command line to 'False'
[0.269s] Level 5:colcon.colcon_core.verb:set package 'node_action' build argument 'ament_cmake_args' from command line to 'None'
[0.269s] Level 5:colcon.colcon_core.verb:set package 'node_action' build argument 'catkin_cmake_args' from command line to 'None'
[0.269s] Level 5:colcon.colcon_core.verb:set package 'node_action' build argument 'catkin_skip_building_tests' from command line to 'False'
[0.269s] DEBUG:colcon.colcon_core.verb:Building package 'node_action' with the following arguments: {'ament_cmake_args': None, 'build_base': '/home/ugie_home/Wook/blog_ws/build/node_action', 'catkin_cmake_args': None, 'catkin_skip_building_tests': False, 'cmake_args': None, 'cmake_clean_cache': False, 'cmake_clean_first': False, 'cmake_force_configure': False, 'cmake_target': None, 'cmake_target_skip_unavailable': False, 'install_base': '/home/ugie_home/Wook/blog_ws/install/node_action', 'merge_install': False, 'path': '/home/ugie_home/Wook/blog_ws/src/node_action', 'symlink_install': True, 'test_result_base': None}
[0.269s] INFO:colcon.colcon_core.executor:Executing jobs using 'parallel' executor
[0.270s] DEBUG:colcon.colcon_parallel_executor.executor.parallel:run_until_complete
[0.270s] INFO:colcon.colcon_ros.task.ament_cmake.build:Building ROS package in '/home/ugie_home/Wook/blog_ws/src/custom_interfaces' with build type 'ament_cmake'
[0.270s] INFO:colcon.colcon_cmake.task.cmake.build:Building CMake package in '/home/ugie_home/Wook/blog_ws/src/custom_interfaces'
[0.272s] INFO:colcon.colcon_core.plugin_system:Skipping extension 'colcon_core.shell.bat': Not used on non-Windows systems
[0.272s] INFO:colcon.colcon_core.shell:Skip shell extension 'powershell' for command environment: Not usable outside of PowerShell
[0.272s] DEBUG:colcon.colcon_core.shell:Skip shell extension 'dsv' for command environment
[0.274s] INFO:colcon.colcon_ros.task.ament_cmake.build:Building ROS package in '/home/ugie_home/Wook/blog_ws/src/node_default' with build type 'ament_cmake'
[0.274s] INFO:colcon.colcon_cmake.task.cmake.build:Building CMake package in '/home/ugie_home/Wook/blog_ws/src/node_default'
[0.274s] INFO:colcon.colcon_core.shell:Skip shell extension 'powershell' for command environment: Not usable outside of PowerShell
[0.275s] DEBUG:colcon.colcon_core.shell:Skip shell extension 'dsv' for command environment
[0.277s] INFO:colcon.colcon_ros.task.ament_cmake.build:Building ROS package in '/home/ugie_home/Wook/blog_ws/src/node_service' with build type 'ament_cmake'
[0.277s] INFO:colcon.colcon_cmake.task.cmake.build:Building CMake package in '/home/ugie_home/Wook/blog_ws/src/node_service'
[0.277s] INFO:colcon.colcon_core.shell:Skip shell extension 'powershell' for command environment: Not usable outside of PowerShell
[0.277s] DEBUG:colcon.colcon_core.shell:Skip shell extension 'dsv' for command environment
[0.279s] INFO:colcon.colcon_ros.task.ament_cmake.build:Building ROS package in '/home/ugie_home/Wook/blog_ws/src/node_topic' with build type 'ament_cmake'
[0.279s] INFO:colcon.colcon_cmake.task.cmake.build:Building CMake package in '/home/ugie_home/Wook/blog_ws/src/node_topic'
[0.280s] INFO:colcon.colcon_core.shell:Skip shell extension 'powershell' for command environment: Not usable outside of PowerShell
[0.280s] DEBUG:colcon.colcon_core.shell:Skip shell extension 'dsv' for command environment
[0.285s] DEBUG:colcon.colcon_core.event_handler.log_command:Invoking command in '/home/ugie_home/Wook/blog_ws/build/custom_interfaces': CMAKE_PREFIX_PATH=${CMAKE_PREFIX_PATH}:/opt/ros/humble /usr/bin/cmake /home/ugie_home/Wook/blog_ws/src/custom_interfaces -DAMENT_CMAKE_SYMLINK_INSTALL=1 -DCMAKE_INSTALL_PREFIX=/home/ugie_home/Wook/blog_ws/install/custom_interfaces
[0.286s] DEBUG:colcon.colcon_core.event_handler.log_command:Invoking command in '/home/ugie_home/Wook/blog_ws/build/node_default': CMAKE_PREFIX_PATH=${CMAKE_PREFIX_PATH}:/opt/ros/humble /usr/bin/cmake /home/ugie_home/Wook/blog_ws/src/node_default -DAMENT_CMAKE_SYMLINK_INSTALL=1 -DCMAKE_INSTALL_PREFIX=/home/ugie_home/Wook/blog_ws/install/node_default
[0.288s] DEBUG:colcon.colcon_core.event_handler.log_command:Invoking command in '/home/ugie_home/Wook/blog_ws/build/node_service': CMAKE_PREFIX_PATH=${CMAKE_PREFIX_PATH}:/opt/ros/humble /usr/bin/cmake /home/ugie_home/Wook/blog_ws/src/node_service -DAMENT_CMAKE_SYMLINK_INSTALL=1 -DCMAKE_INSTALL_PREFIX=/home/ugie_home/Wook/blog_ws/install/node_service
[0.290s] DEBUG:colcon.colcon_core.event_handler.log_command:Invoking command in '/home/ugie_home/Wook/blog_ws/build/node_topic': CMAKE_PREFIX_PATH=${CMAKE_PREFIX_PATH}:/opt/ros/humble /usr/bin/cmake /home/ugie_home/Wook/blog_ws/src/node_topic -DAMENT_CMAKE_SYMLINK_INSTALL=1 -DCMAKE_INSTALL_PREFIX=/home/ugie_home/Wook/blog_ws/install/node_topic
[1.136s] DEBUG:colcon.colcon_core.event_handler.log_command:Invoked command in '/home/ugie_home/Wook/blog_ws/build/node_default' returned '0': CMAKE_PREFIX_PATH=${CMAKE_PREFIX_PATH}:/opt/ros/humble /usr/bin/cmake /home/ugie_home/Wook/blog_ws/src/node_default -DAMENT_CMAKE_SYMLINK_INSTALL=1 -DCMAKE_INSTALL_PREFIX=/home/ugie_home/Wook/blog_ws/install/node_default
[1.137s] DEBUG:colcon.colcon_core.event_handler.log_command:Invoking command in '/home/ugie_home/Wook/blog_ws/build/node_default': CMAKE_PREFIX_PATH=${CMAKE_PREFIX_PATH}:/opt/ros/humble /usr/bin/cmake --build /home/ugie_home/Wook/blog_ws/build/node_default -- -j12 -l12
[1.140s] DEBUG:colcon.colcon_core.event_handler.log_command:Invoked command in '/home/ugie_home/Wook/blog_ws/build/node_topic' returned '0': CMAKE_PREFIX_PATH=${CMAKE_PREFIX_PATH}:/opt/ros/humble /usr/bin/cmake /home/ugie_home/Wook/blog_ws/src/node_topic -DAMENT_CMAKE_SYMLINK_INSTALL=1 -DCMAKE_INSTALL_PREFIX=/home/ugie_home/Wook/blog_ws/install/node_topic
[1.141s] DEBUG:colcon.colcon_core.event_handler.log_command:Invoking command in '/home/ugie_home/Wook/blog_ws/build/node_topic': CMAKE_PREFIX_PATH=${CMAKE_PREFIX_PATH}:/opt/ros/humble /usr/bin/cmake --build /home/ugie_home/Wook/blog_ws/build/node_topic -- -j12 -l12
[1.185s] DEBUG:colcon.colcon_core.event_handler.log_command:Invoked command in '/home/ugie_home/Wook/blog_ws/build/node_service' returned '0': CMAKE_PREFIX_PATH=${CMAKE_PREFIX_PATH}:/opt/ros/humble /usr/bin/cmake /home/ugie_home/Wook/blog_ws/src/node_service -DAMENT_CMAKE_SYMLINK_INSTALL=1 -DCMAKE_INSTALL_PREFIX=/home/ugie_home/Wook/blog_ws/install/node_service
[1.186s] DEBUG:colcon.colcon_core.event_handler.log_command:Invoking command in '/home/ugie_home/Wook/blog_ws/build/node_service': CMAKE_PREFIX_PATH=${CMAKE_PREFIX_PATH}:/opt/ros/humble /usr/bin/cmake --build /home/ugie_home/Wook/blog_ws/build/node_service -- -j12 -l12
[1.485s] DEBUG:colcon.colcon_core.event_handler.log_command:Invoked command in '/home/ugie_home/Wook/blog_ws/build/custom_interfaces' returned '0': CMAKE_PREFIX_PATH=${CMAKE_PREFIX_PATH}:/opt/ros/humble /usr/bin/cmake /home/ugie_home/Wook/blog_ws/src/custom_interfaces -DAMENT_CMAKE_SYMLINK_INSTALL=1 -DCMAKE_INSTALL_PREFIX=/home/ugie_home/Wook/blog_ws/install/custom_interfaces
[1.487s] DEBUG:colcon.colcon_core.event_handler.log_command:Invoking command in '/home/ugie_home/Wook/blog_ws/build/custom_interfaces': CMAKE_PREFIX_PATH=${CMAKE_PREFIX_PATH}:/opt/ros/humble /usr/bin/cmake --build /home/ugie_home/Wook/blog_ws/build/custom_interfaces -- -j12 -l12
[4.126s] DEBUG:colcon.colcon_core.event_handler.log_command:Invoked command in '/home/ugie_home/Wook/blog_ws/build/custom_interfaces' returned '0': CMAKE_PREFIX_PATH=${CMAKE_PREFIX_PATH}:/opt/ros/humble /usr/bin/cmake --build /home/ugie_home/Wook/blog_ws/build/custom_interfaces -- -j12 -l12
[4.135s] DEBUG:colcon.colcon_core.event_handler.log_command:Invoking command in '/home/ugie_home/Wook/blog_ws/build/custom_interfaces': CMAKE_PREFIX_PATH=${CMAKE_PREFIX_PATH}:/opt/ros/humble /usr/bin/cmake --install /home/ugie_home/Wook/blog_ws/build/custom_interfaces
[4.303s] DEBUG:colcon.colcon_core.event_handler.log_command:Invoked command in '/home/ugie_home/Wook/blog_ws/build/node_default' returned '0': CMAKE_PREFIX_PATH=${CMAKE_PREFIX_PATH}:/opt/ros/humble /usr/bin/cmake --build /home/ugie_home/Wook/blog_ws/build/node_default -- -j12 -l12
[4.305s] DEBUG:colcon.colcon_core.event_handler.log_command:Invoking command in '/home/ugie_home/Wook/blog_ws/build/node_default': CMAKE_PREFIX_PATH=${CMAKE_PREFIX_PATH}:/opt/ros/humble /usr/bin/cmake --install /home/ugie_home/Wook/blog_ws/build/node_default
[4.432s] Level 1:colcon.colcon_core.environment:create_environment_scripts_only(node_default)
[4.432s] DEBUG:colcon.colcon_core.event_handler.log_command:Invoked command in '/home/ugie_home/Wook/blog_ws/build/node_default' returned '0': CMAKE_PREFIX_PATH=${CMAKE_PREFIX_PATH}:/opt/ros/humble /usr/bin/cmake --install /home/ugie_home/Wook/blog_ws/build/node_default
[4.434s] Level 1:colcon.colcon_core.environment:checking '/home/ugie_home/Wook/blog_ws/install/node_default' for CMake module files
[4.435s] Level 1:colcon.colcon_core.environment:checking '/home/ugie_home/Wook/blog_ws/install/node_default' for CMake config files
[4.435s] Level 1:colcon.colcon_core.shell:create_environment_hook('node_default', 'cmake_prefix_path')
[4.435s] INFO:colcon.colcon_core.shell:Creating environment hook '/home/ugie_home/Wook/blog_ws/install/node_default/share/node_default/hook/cmake_prefix_path.ps1'
[4.436s] INFO:colcon.colcon_core.shell:Creating environment descriptor '/home/ugie_home/Wook/blog_ws/install/node_default/share/node_default/hook/cmake_prefix_path.dsv'
[4.436s] INFO:colcon.colcon_core.shell:Creating environment hook '/home/ugie_home/Wook/blog_ws/install/node_default/share/node_default/hook/cmake_prefix_path.sh'
[4.437s] Level 1:colcon.colcon_core.environment:checking '/home/ugie_home/Wook/blog_ws/install/node_default/lib'
[4.437s] Level 1:colcon.colcon_core.environment:checking '/home/ugie_home/Wook/blog_ws/install/node_default/bin'
[4.437s] Level 1:colcon.colcon_core.environment:checking '/home/ugie_home/Wook/blog_ws/install/node_default/lib/pkgconfig/node_default.pc'
[4.437s] Level 1:colcon.colcon_core.environment:checking '/home/ugie_home/Wook/blog_ws/install/node_default/lib/python3.10/site-packages'
[4.437s] Level 1:colcon.colcon_core.environment:checking '/home/ugie_home/Wook/blog_ws/install/node_default/bin'
[4.437s] INFO:colcon.colcon_core.shell:Creating package script '/home/ugie_home/Wook/blog_ws/install/node_default/share/node_default/package.ps1'
[4.438s] INFO:colcon.colcon_core.shell:Creating package descriptor '/home/ugie_home/Wook/blog_ws/install/node_default/share/node_default/package.dsv'
[4.439s] INFO:colcon.colcon_core.shell:Creating package script '/home/ugie_home/Wook/blog_ws/install/node_default/share/node_default/package.sh'
[4.439s] INFO:colcon.colcon_core.shell:Creating package script '/home/ugie_home/Wook/blog_ws/install/node_default/share/node_default/package.bash'
[4.440s] INFO:colcon.colcon_core.shell:Creating package script '/home/ugie_home/Wook/blog_ws/install/node_default/share/node_default/package.zsh'
[4.440s] Level 1:colcon.colcon_core.environment:create_file_with_runtime_dependencies(/home/ugie_home/Wook/blog_ws/install/node_default/share/colcon-core/packages/node_default)
[4.441s] Level 1:colcon.colcon_core.environment:create_environment_scripts_only(node_default)
[4.441s] Level 1:colcon.colcon_core.environment:checking '/home/ugie_home/Wook/blog_ws/install/node_default' for CMake module files
[4.441s] Level 1:colcon.colcon_core.environment:checking '/home/ugie_home/Wook/blog_ws/install/node_default' for CMake config files
[4.441s] Level 1:colcon.colcon_core.shell:create_environment_hook('node_default', 'cmake_prefix_path')
[4.441s] INFO:colcon.colcon_core.shell:Creating environment hook '/home/ugie_home/Wook/blog_ws/install/node_default/share/node_default/hook/cmake_prefix_path.ps1'
[4.442s] INFO:colcon.colcon_core.shell:Creating environment descriptor '/home/ugie_home/Wook/blog_ws/install/node_default/share/node_default/hook/cmake_prefix_path.dsv'
[4.442s] INFO:colcon.colcon_core.shell:Creating environment hook '/home/ugie_home/Wook/blog_ws/install/node_default/share/node_default/hook/cmake_prefix_path.sh'
[4.442s] Level 1:colcon.colcon_core.environment:checking '/home/ugie_home/Wook/blog_ws/install/node_default/lib'
[4.442s] Level 1:colcon.colcon_core.environment:checking '/home/ugie_home/Wook/blog_ws/install/node_default/bin'
[4.442s] Level 1:colcon.colcon_core.environment:checking '/home/ugie_home/Wook/blog_ws/install/node_default/lib/pkgconfig/node_default.pc'
[4.443s] Level 1:colcon.colcon_core.environment:checking '/home/ugie_home/Wook/blog_ws/install/node_default/lib/python3.10/site-packages'
[4.443s] Level 1:colcon.colcon_core.environment:checking '/home/ugie_home/Wook/blog_ws/install/node_default/bin'
[4.443s] INFO:colcon.colcon_core.shell:Creating package script '/home/ugie_home/Wook/blog_ws/install/node_default/share/node_default/package.ps1'
[4.443s] INFO:colcon.colcon_core.shell:Creating package descriptor '/home/ugie_home/Wook/blog_ws/install/node_default/share/node_default/package.dsv'
[4.443s] INFO:colcon.colcon_core.shell:Creating package script '/home/ugie_home/Wook/blog_ws/install/node_default/share/node_default/package.sh'
[4.444s] INFO:colcon.colcon_core.shell:Creating package script '/home/ugie_home/Wook/blog_ws/install/node_default/share/node_default/package.bash'
[4.444s] INFO:colcon.colcon_core.shell:Creating package script '/home/ugie_home/Wook/blog_ws/install/node_default/share/node_default/package.zsh'
[4.445s] Level 1:colcon.colcon_core.environment:create_file_with_runtime_dependencies(/home/ugie_home/Wook/blog_ws/install/node_default/share/colcon-core/packages/node_default)
[4.639s] Level 1:colcon.colcon_core.environment:create_environment_scripts_only(custom_interfaces)
[4.639s] Level 1:colcon.colcon_core.environment:checking '/home/ugie_home/Wook/blog_ws/install/custom_interfaces' for CMake module files
[4.640s] DEBUG:colcon.colcon_core.event_handler.log_command:Invoked command in '/home/ugie_home/Wook/blog_ws/build/custom_interfaces' returned '0': CMAKE_PREFIX_PATH=${CMAKE_PREFIX_PATH}:/opt/ros/humble /usr/bin/cmake --install /home/ugie_home/Wook/blog_ws/build/custom_interfaces
[4.640s] Level 1:colcon.colcon_core.environment:checking '/home/ugie_home/Wook/blog_ws/install/custom_interfaces' for CMake config files
[4.641s] Level 1:colcon.colcon_core.shell:create_environment_hook('custom_interfaces', 'cmake_prefix_path')
[4.641s] INFO:colcon.colcon_core.shell:Creating environment hook '/home/ugie_home/Wook/blog_ws/install/custom_interfaces/share/custom_interfaces/hook/cmake_prefix_path.ps1'
[4.642s] INFO:colcon.colcon_core.shell:Creating environment descriptor '/home/ugie_home/Wook/blog_ws/install/custom_interfaces/share/custom_interfaces/hook/cmake_prefix_path.dsv'
[4.642s] INFO:colcon.colcon_core.shell:Creating environment hook '/home/ugie_home/Wook/blog_ws/install/custom_interfaces/share/custom_interfaces/hook/cmake_prefix_path.sh'
[4.642s] Level 1:colcon.colcon_core.environment:checking '/home/ugie_home/Wook/blog_ws/install/custom_interfaces/lib'
[4.643s] Level 1:colcon.colcon_core.shell:create_environment_hook('custom_interfaces', 'ld_library_path_lib')
[4.643s] INFO:colcon.colcon_core.shell:Creating environment hook '/home/ugie_home/Wook/blog_ws/install/custom_interfaces/share/custom_interfaces/hook/ld_library_path_lib.ps1'
[4.643s] INFO:colcon.colcon_core.shell:Creating environment descriptor '/home/ugie_home/Wook/blog_ws/install/custom_interfaces/share/custom_interfaces/hook/ld_library_path_lib.dsv'
[4.643s] INFO:colcon.colcon_core.shell:Creating environment hook '/home/ugie_home/Wook/blog_ws/install/custom_interfaces/share/custom_interfaces/hook/ld_library_path_lib.sh'
[4.644s] Level 1:colcon.colcon_core.environment:checking '/home/ugie_home/Wook/blog_ws/install/custom_interfaces/bin'
[4.644s] Level 1:colcon.colcon_core.environment:checking '/home/ugie_home/Wook/blog_ws/install/custom_interfaces/lib/pkgconfig/custom_interfaces.pc'
[4.644s] Level 1:colcon.colcon_core.environment:checking '/home/ugie_home/Wook/blog_ws/install/custom_interfaces/lib/python3.10/site-packages'
[4.644s] Level 1:colcon.colcon_core.environment:checking '/home/ugie_home/Wook/blog_ws/install/custom_interfaces/bin'
[4.645s] INFO:colcon.colcon_core.shell:Creating package script '/home/ugie_home/Wook/blog_ws/install/custom_interfaces/share/custom_interfaces/package.ps1'
[4.645s] INFO:colcon.colcon_core.shell:Creating package descriptor '/home/ugie_home/Wook/blog_ws/install/custom_interfaces/share/custom_interfaces/package.dsv'
[4.646s] INFO:colcon.colcon_core.shell:Creating package script '/home/ugie_home/Wook/blog_ws/install/custom_interfaces/share/custom_interfaces/package.sh'
[4.646s] INFO:colcon.colcon_core.shell:Creating package script '/home/ugie_home/Wook/blog_ws/install/custom_interfaces/share/custom_interfaces/package.bash'
[4.646s] INFO:colcon.colcon_core.shell:Creating package script '/home/ugie_home/Wook/blog_ws/install/custom_interfaces/share/custom_interfaces/package.zsh'
[4.647s] Level 1:colcon.colcon_core.environment:create_file_with_runtime_dependencies(/home/ugie_home/Wook/blog_ws/install/custom_interfaces/share/colcon-core/packages/custom_interfaces)
[4.647s] Level 1:colcon.colcon_core.environment:create_environment_scripts_only(custom_interfaces)
[4.648s] Level 1:colcon.colcon_core.environment:checking '/home/ugie_home/Wook/blog_ws/install/custom_interfaces' for CMake module files
[4.648s] Level 1:colcon.colcon_core.environment:checking '/home/ugie_home/Wook/blog_ws/install/custom_interfaces' for CMake config files
[4.649s] Level 1:colcon.colcon_core.shell:create_environment_hook('custom_interfaces', 'cmake_prefix_path')
[4.649s] INFO:colcon.colcon_core.shell:Creating environment hook '/home/ugie_home/Wook/blog_ws/install/custom_interfaces/share/custom_interfaces/hook/cmake_prefix_path.ps1'
[4.649s] INFO:colcon.colcon_core.shell:Creating environment descriptor '/home/ugie_home/Wook/blog_ws/install/custom_interfaces/share/custom_interfaces/hook/cmake_prefix_path.dsv'
[4.650s] INFO:colcon.colcon_core.shell:Creating environment hook '/home/ugie_home/Wook/blog_ws/install/custom_interfaces/share/custom_interfaces/hook/cmake_prefix_path.sh'
[4.650s] Level 1:colcon.colcon_core.environment:checking '/home/ugie_home/Wook/blog_ws/install/custom_interfaces/lib'
[4.650s] Level 1:colcon.colcon_core.shell:create_environment_hook('custom_interfaces', 'ld_library_path_lib')
[4.651s] INFO:colcon.colcon_core.shell:Creating environment hook '/home/ugie_home/Wook/blog_ws/install/custom_interfaces/share/custom_interfaces/hook/ld_library_path_lib.ps1'
[4.651s] INFO:colcon.colcon_core.shell:Creating environment descriptor '/home/ugie_home/Wook/blog_ws/install/custom_interfaces/share/custom_interfaces/hook/ld_library_path_lib.dsv'
[4.651s] INFO:colcon.colcon_core.shell:Creating environment hook '/home/ugie_home/Wook/blog_ws/install/custom_interfaces/share/custom_interfaces/hook/ld_library_path_lib.sh'
[4.652s] Level 1:colcon.colcon_core.environment:checking '/home/ugie_home/Wook/blog_ws/install/custom_interfaces/bin'
[4.652s] Level 1:colcon.colcon_core.environment:checking '/home/ugie_home/Wook/blog_ws/install/custom_interfaces/lib/pkgconfig/custom_interfaces.pc'
[4.652s] Level 1:colcon.colcon_core.environment:checking '/home/ugie_home/Wook/blog_ws/install/custom_interfaces/lib/python3.10/site-packages'
[4.652s] Level 1:colcon.colcon_core.environment:checking '/home/ugie_home/Wook/blog_ws/install/custom_interfaces/bin'
[4.653s] INFO:colcon.colcon_core.shell:Creating package script '/home/ugie_home/Wook/blog_ws/install/custom_interfaces/share/custom_interfaces/package.ps1'
[4.653s] INFO:colcon.colcon_core.shell:Creating package descriptor '/home/ugie_home/Wook/blog_ws/install/custom_interfaces/share/custom_interfaces/package.dsv'
[4.654s] INFO:colcon.colcon_core.shell:Creating package script '/home/ugie_home/Wook/blog_ws/install/custom_interfaces/share/custom_interfaces/package.sh'
[4.654s] INFO:colcon.colcon_core.shell:Creating package script '/home/ugie_home/Wook/blog_ws/install/custom_interfaces/share/custom_interfaces/package.bash'
[4.654s] INFO:colcon.colcon_core.shell:Creating package script '/home/ugie_home/Wook/blog_ws/install/custom_interfaces/share/custom_interfaces/package.zsh'
[4.655s] Level 1:colcon.colcon_core.environment:create_file_with_runtime_dependencies(/home/ugie_home/Wook/blog_ws/install/custom_interfaces/share/colcon-core/packages/custom_interfaces)
[4.655s] INFO:colcon.colcon_ros.task.ament_cmake.build:Building ROS package in '/home/ugie_home/Wook/blog_ws/src/node_action' with build type 'ament_cmake'
[4.655s] INFO:colcon.colcon_cmake.task.cmake.build:Building CMake package in '/home/ugie_home/Wook/blog_ws/src/node_action'
[4.655s] INFO:colcon.colcon_core.shell:Skip shell extension 'powershell' for command environment: Not usable outside of PowerShell
[4.655s] DEBUG:colcon.colcon_core.shell:Skip shell extension 'dsv' for command environment
[4.665s] DEBUG:colcon.colcon_core.event_handler.log_command:Invoking command in '/home/ugie_home/Wook/blog_ws/build/node_action': CMAKE_PREFIX_PATH=${CMAKE_PREFIX_PATH}:/opt/ros/humble /usr/bin/cmake /home/ugie_home/Wook/blog_ws/src/node_action -DAMENT_CMAKE_SYMLINK_INSTALL=1 -DCMAKE_INSTALL_PREFIX=/home/ugie_home/Wook/blog_ws/install/node_action
[4.964s] DEBUG:colcon.colcon_core.event_handler.log_command:Invoked command in '/home/ugie_home/Wook/blog_ws/build/node_service' returned '0': CMAKE_PREFIX_PATH=${CMAKE_PREFIX_PATH}:/opt/ros/humble /usr/bin/cmake --build /home/ugie_home/Wook/blog_ws/build/node_service -- -j12 -l12
[4.965s] DEBUG:colcon.colcon_core.event_handler.log_command:Invoking command in '/home/ugie_home/Wook/blog_ws/build/node_service': CMAKE_PREFIX_PATH=${CMAKE_PREFIX_PATH}:/opt/ros/humble /usr/bin/cmake --install /home/ugie_home/Wook/blog_ws/build/node_service
[5.096s] Level 1:colcon.colcon_core.environment:create_environment_scripts_only(node_service)
[5.097s] Level 1:colcon.colcon_core.environment:checking '/home/ugie_home/Wook/blog_ws/install/node_service' for CMake module files
[5.097s] DEBUG:colcon.colcon_core.event_handler.log_command:Invoked command in '/home/ugie_home/Wook/blog_ws/build/node_service' returned '0': CMAKE_PREFIX_PATH=${CMAKE_PREFIX_PATH}:/opt/ros/humble /usr/bin/cmake --install /home/ugie_home/Wook/blog_ws/build/node_service
[5.097s] Level 1:colcon.colcon_core.environment:checking '/home/ugie_home/Wook/blog_ws/install/node_service' for CMake config files
[5.097s] Level 1:colcon.colcon_core.shell:create_environment_hook('node_service', 'cmake_prefix_path')
[5.098s] INFO:colcon.colcon_core.shell:Creating environment hook '/home/ugie_home/Wook/blog_ws/install/node_service/share/node_service/hook/cmake_prefix_path.ps1'
[5.098s] INFO:colcon.colcon_core.shell:Creating environment descriptor '/home/ugie_home/Wook/blog_ws/install/node_service/share/node_service/hook/cmake_prefix_path.dsv'
[5.098s] INFO:colcon.colcon_core.shell:Creating environment hook '/home/ugie_home/Wook/blog_ws/install/node_service/share/node_service/hook/cmake_prefix_path.sh'
[5.098s] Level 1:colcon.colcon_core.environment:checking '/home/ugie_home/Wook/blog_ws/install/node_service/lib'
[5.099s] Level 1:colcon.colcon_core.environment:checking '/home/ugie_home/Wook/blog_ws/install/node_service/bin'
[5.099s] Level 1:colcon.colcon_core.environment:checking '/home/ugie_home/Wook/blog_ws/install/node_service/lib/pkgconfig/node_service.pc'
[5.099s] Level 1:colcon.colcon_core.environment:checking '/home/ugie_home/Wook/blog_ws/install/node_service/lib/python3.10/site-packages'
[5.099s] Level 1:colcon.colcon_core.environment:checking '/home/ugie_home/Wook/blog_ws/install/node_service/bin'
[5.099s] INFO:colcon.colcon_core.shell:Creating package script '/home/ugie_home/Wook/blog_ws/install/node_service/share/node_service/package.ps1'
[5.099s] INFO:colcon.colcon_core.shell:Creating package descriptor '/home/ugie_home/Wook/blog_ws/install/node_service/share/node_service/package.dsv'
[5.100s] INFO:colcon.colcon_core.shell:Creating package script '/home/ugie_home/Wook/blog_ws/install/node_service/share/node_service/package.sh'
[5.100s] INFO:colcon.colcon_core.shell:Creating package script '/home/ugie_home/Wook/blog_ws/install/node_service/share/node_service/package.bash'
[5.100s] INFO:colcon.colcon_core.shell:Creating package script '/home/ugie_home/Wook/blog_ws/install/node_service/share/node_service/package.zsh'
[5.100s] Level 1:colcon.colcon_core.environment:create_file_with_runtime_dependencies(/home/ugie_home/Wook/blog_ws/install/node_service/share/colcon-core/packages/node_service)
[5.101s] Level 1:colcon.colcon_core.environment:create_environment_scripts_only(node_service)
[5.101s] Level 1:colcon.colcon_core.environment:checking '/home/ugie_home/Wook/blog_ws/install/node_service' for CMake module files
[5.101s] Level 1:colcon.colcon_core.environment:checking '/home/ugie_home/Wook/blog_ws/install/node_service' for CMake config files
[5.101s] Level 1:colcon.colcon_core.shell:create_environment_hook('node_service', 'cmake_prefix_path')
[5.101s] INFO:colcon.colcon_core.shell:Creating environment hook '/home/ugie_home/Wook/blog_ws/install/node_service/share/node_service/hook/cmake_prefix_path.ps1'
[5.102s] INFO:colcon.colcon_core.shell:Creating environment descriptor '/home/ugie_home/Wook/blog_ws/install/node_service/share/node_service/hook/cmake_prefix_path.dsv'
[5.102s] INFO:colcon.colcon_core.shell:Creating environment hook '/home/ugie_home/Wook/blog_ws/install/node_service/share/node_service/hook/cmake_prefix_path.sh'
[5.102s] Level 1:colcon.colcon_core.environment:checking '/home/ugie_home/Wook/blog_ws/install/node_service/lib'
[5.102s] Level 1:colcon.colcon_core.environment:checking '/home/ugie_home/Wook/blog_ws/install/node_service/bin'
[5.102s] Level 1:colcon.colcon_core.environment:checking '/home/ugie_home/Wook/blog_ws/install/node_service/lib/pkgconfig/node_service.pc'
[5.103s] Level 1:colcon.colcon_core.environment:checking '/home/ugie_home/Wook/blog_ws/install/node_service/lib/python3.10/site-packages'
[5.103s] Level 1:colcon.colcon_core.environment:checking '/home/ugie_home/Wook/blog_ws/install/node_service/bin'
[5.103s] INFO:colcon.colcon_core.shell:Creating package script '/home/ugie_home/Wook/blog_ws/install/node_service/share/node_service/package.ps1'
[5.103s] INFO:colcon.colcon_core.shell:Creating package descriptor '/home/ugie_home/Wook/blog_ws/install/node_service/share/node_service/package.dsv'
[5.103s] INFO:colcon.colcon_core.shell:Creating package script '/home/ugie_home/Wook/blog_ws/install/node_service/share/node_service/package.sh'
[5.104s] INFO:colcon.colcon_core.shell:Creating package script '/home/ugie_home/Wook/blog_ws/install/node_service/share/node_service/package.bash'
[5.104s] INFO:colcon.colcon_core.shell:Creating package script '/home/ugie_home/Wook/blog_ws/install/node_service/share/node_service/package.zsh'
[5.104s] Level 1:colcon.colcon_core.environment:create_file_with_runtime_dependencies(/home/ugie_home/Wook/blog_ws/install/node_service/share/colcon-core/packages/node_service)
[5.509s] DEBUG:colcon.colcon_core.event_handler.log_command:Invoked command in '/home/ugie_home/Wook/blog_ws/build/node_action' returned '1': CMAKE_PREFIX_PATH=${CMAKE_PREFIX_PATH}:/opt/ros/humble /usr/bin/cmake /home/ugie_home/Wook/blog_ws/src/node_action -DAMENT_CMAKE_SYMLINK_INSTALL=1 -DCMAKE_INSTALL_PREFIX=/home/ugie_home/Wook/blog_ws/install/node_action
[5.519s] Level 1:colcon.colcon_core.environment:create_environment_scripts_only(node_action)
[5.519s] Level 1:colcon.colcon_core.environment:checking '/home/ugie_home/Wook/blog_ws/install/node_action' for CMake module files
[5.519s] Level 1:colcon.colcon_core.environment:checking '/home/ugie_home/Wook/blog_ws/install/node_action' for CMake config files
[5.520s] Level 1:colcon.colcon_core.environment:checking '/home/ugie_home/Wook/blog_ws/install/node_action/bin'
[5.520s] Level 1:colcon.colcon_core.environment:checking '/home/ugie_home/Wook/blog_ws/install/node_action/lib/pkgconfig/node_action.pc'
[5.520s] Level 1:colcon.colcon_core.environment:checking '/home/ugie_home/Wook/blog_ws/install/node_action/lib/python3.10/site-packages'
[5.520s] Level 1:colcon.colcon_core.environment:checking '/home/ugie_home/Wook/blog_ws/install/node_action/bin'
[5.520s] INFO:colcon.colcon_core.shell:Creating package script '/home/ugie_home/Wook/blog_ws/install/node_action/share/node_action/package.ps1'
[5.521s] INFO:colcon.colcon_core.shell:Creating package descriptor '/home/ugie_home/Wook/blog_ws/install/node_action/share/node_action/package.dsv'
[5.521s] INFO:colcon.colcon_core.shell:Creating package script '/home/ugie_home/Wook/blog_ws/install/node_action/share/node_action/package.sh'
[5.521s] INFO:colcon.colcon_core.shell:Creating package script '/home/ugie_home/Wook/blog_ws/install/node_action/share/node_action/package.bash'
[5.521s] INFO:colcon.colcon_core.shell:Creating package script '/home/ugie_home/Wook/blog_ws/install/node_action/share/node_action/package.zsh'
[5.521s] Level 1:colcon.colcon_core.environment:create_file_with_runtime_dependencies(/home/ugie_home/Wook/blog_ws/install/node_action/share/colcon-core/packages/node_action)
[7.628s] DEBUG:colcon.colcon_parallel_executor.executor.parallel:closing loop
[7.628s] DEBUG:colcon.colcon_parallel_executor.executor.parallel:loop closed
[7.628s] DEBUG:colcon.colcon_parallel_executor.executor.parallel:run_until_complete finished with '1'
[7.628s] DEBUG:colcon.colcon_core.event_reactor:joining thread
[7.632s] INFO:colcon.colcon_core.plugin_system:Skipping extension 'colcon_notification.desktop_notification.terminal_notifier': Not used on non-Darwin systems
[7.632s] INFO:colcon.colcon_core.plugin_system:Skipping extension 'colcon_notification.desktop_notification.win32': Not used on non-Windows systems
[7.632s] INFO:colcon.colcon_notification.desktop_notification:Sending desktop notification using 'notify2'
[7.640s] DEBUG:colcon.colcon_core.event_reactor:joined thread
[7.640s] INFO:colcon.colcon_core.shell:Creating prefix script '/home/ugie_home/Wook/blog_ws/install/local_setup.ps1'
[7.641s] INFO:colcon.colcon_core.shell:Creating prefix util module '/home/ugie_home/Wook/blog_ws/install/_local_setup_util_ps1.py'
[7.642s] INFO:colcon.colcon_core.shell:Creating prefix chain script '/home/ugie_home/Wook/blog_ws/install/setup.ps1'
[7.642s] INFO:colcon.colcon_core.shell:Creating prefix script '/home/ugie_home/Wook/blog_ws/install/local_setup.sh'
[7.643s] INFO:colcon.colcon_core.shell:Creating prefix util module '/home/ugie_home/Wook/blog_ws/install/_local_setup_util_sh.py'
[7.643s] INFO:colcon.colcon_core.shell:Creating prefix chain script '/home/ugie_home/Wook/blog_ws/install/setup.sh'
[7.644s] INFO:colcon.colcon_core.shell:Creating prefix script '/home/ugie_home/Wook/blog_ws/install/local_setup.bash'
[7.644s] INFO:colcon.colcon_core.shell:Creating prefix chain script '/home/ugie_home/Wook/blog_ws/install/setup.bash'
[7.644s] INFO:colcon.colcon_core.shell:Creating prefix script '/home/ugie_home/Wook/blog_ws/install/local_setup.zsh'
[7.645s] INFO:colcon.colcon_core.shell:Creating prefix chain script '/home/ugie_home/Wook/blog_ws/install/setup.zsh'
