[0.011s] Invoking command in '/home/ugie_home/Wook/blog_ws/build/node_topic': CMAKE_PREFIX_PATH=${CMAKE_PREFIX_PATH}:/opt/ros/humble /usr/bin/cmake --build /home/ugie_home/Wook/blog_ws/build/node_topic -- -j12 -l12
[0.050s] [ 50%] Built target publisher
[0.051s] [100%] Built target subscriber
[0.063s] Invoked command in '/home/ugie_home/Wook/blog_ws/build/node_topic' returned '0': CMAKE_PREFIX_PATH=${CMAKE_PREFIX_PATH}:/opt/ros/humble /usr/bin/cmake --build /home/ugie_home/Wook/blog_ws/build/node_topic -- -j12 -l12
[0.064s] Invoking command in '/home/ugie_home/Wook/blog_ws/build/node_topic': CMAKE_PREFIX_PATH=${CMAKE_PREFIX_PATH}:/opt/ros/humble /usr/bin/cmake --install /home/ugie_home/Wook/blog_ws/build/node_topic
[0.070s] -- Install configuration: ""
[0.070s] -- Execute custom install script
[0.071s] -- Up-to-date symlink: /home/ugie_home/Wook/blog_ws/install/node_topic/lib/node_topic/publisher
[0.071s] -- Up-to-date symlink: /home/ugie_home/Wook/blog_ws/install/node_topic/lib/node_topic/subscriber
[0.071s] -- Up-to-date symlink: /home/ugie_home/Wook/blog_ws/install/node_topic/share/ament_index/resource_index/package_run_dependencies/node_topic
[0.071s] -- Up-to-date symlink: /home/ugie_home/Wook/blog_ws/install/node_topic/share/ament_index/resource_index/parent_prefix_path/node_topic
[0.072s] -- Up-to-date symlink: /home/ugie_home/Wook/blog_ws/install/node_topic/share/node_topic/environment/ament_prefix_path.sh
[0.072s] -- Up-to-date symlink: /home/ugie_home/Wook/blog_ws/install/node_topic/share/node_topic/environment/ament_prefix_path.dsv
[0.072s] -- Up-to-date symlink: /home/ugie_home/Wook/blog_ws/install/node_topic/share/node_topic/environment/path.sh
[0.072s] -- Up-to-date symlink: /home/ugie_home/Wook/blog_ws/install/node_topic/share/node_topic/environment/path.dsv
[0.073s] -- Up-to-date symlink: /home/ugie_home/Wook/blog_ws/install/node_topic/share/node_topic/local_setup.bash
[0.073s] -- Up-to-date symlink: /home/ugie_home/Wook/blog_ws/install/node_topic/share/node_topic/local_setup.sh
[0.073s] -- Up-to-date symlink: /home/ugie_home/Wook/blog_ws/install/node_topic/share/node_topic/local_setup.zsh
[0.073s] -- Up-to-date symlink: /home/ugie_home/Wook/blog_ws/install/node_topic/share/node_topic/local_setup.dsv
[0.073s] -- Symlinking: /home/ugie_home/Wook/blog_ws/install/node_topic/share/node_topic/package.dsv
[0.080s] -- Up-to-date symlink: /home/ugie_home/Wook/blog_ws/install/node_topic/share/ament_index/resource_index/packages/node_topic
[0.080s] -- Up-to-date symlink: /home/ugie_home/Wook/blog_ws/install/node_topic/share/node_topic/cmake/node_topicConfig.cmake
[0.080s] -- Up-to-date symlink: /home/ugie_home/Wook/blog_ws/install/node_topic/share/node_topic/cmake/node_topicConfig-version.cmake
[0.080s] -- Up-to-date symlink: /home/ugie_home/Wook/blog_ws/install/node_topic/share/node_topic/package.xml
[0.099s] Invoked command in '/home/ugie_home/Wook/blog_ws/build/node_topic' returned '0': CMAKE_PREFIX_PATH=${CMAKE_PREFIX_PATH}:/opt/ros/humble /usr/bin/cmake --install /home/ugie_home/Wook/blog_ws/build/node_topic
