[0.015s] Invoking command in '/home/ugie_home/Wook/blog_ws/build/custom_interfaces': CMAKE_PREFIX_PATH=${CMAKE_PREFIX_PATH}:/opt/ros/humble /usr/bin/cmake --build /home/ugie_home/Wook/blog_ws/build/custom_interfaces -- -j12 -l12
[0.045s] [35m[1mConsolidate compiler generated dependencies of target custom_interfaces__rosidl_generator_c[0m
[0.055s] [  3%] Built target custom_interfaces__cpp
[0.056s] [ 12%] Built target custom_interfaces__rosidl_generator_c
[0.067s] [ 12%] Built target ament_cmake_python_symlink_custom_interfaces
[0.067s] [35m[1mConsolidate compiler generated dependencies of target custom_interfaces__rosidl_typesupport_cpp[0m
[0.067s] [35m[1mConsolidate compiler generated dependencies of target custom_interfaces__rosidl_typesupport_introspection_cpp[0m
[0.067s] [35m[1mConsolidate compiler generated dependencies of target custom_interfaces__rosidl_typesupport_introspection_c[0m
[0.067s] [35m[1mConsolidate compiler generated dependencies of target custom_interfaces__rosidl_typesupport_c[0m
[0.067s] [35m[1mConsolidate compiler generated dependencies of target custom_interfaces__rosidl_typesupport_fastrtps_c[0m
[0.067s] [35m[1mConsolidate compiler generated dependencies of target custom_interfaces__rosidl_typesupport_fastrtps_cpp[0m
[0.079s] [ 22%] Built target custom_interfaces__rosidl_typesupport_introspection_c
[0.079s] [ 41%] Built target custom_interfaces__rosidl_typesupport_fastrtps_c
[0.080s] [ 38%] Built target custom_interfaces__rosidl_typesupport_introspection_cpp
[0.080s] [ 51%] Built target custom_interfaces__rosidl_typesupport_cpp
[0.081s] [ 61%] Built target custom_interfaces__rosidl_typesupport_fastrtps_cpp
[0.081s] [ 70%] Built target custom_interfaces__rosidl_typesupport_c
[0.095s] [ 70%] Built target custom_interfaces
[0.111s] [ 74%] Built target custom_interfaces__py
[0.118s] [35m[1mConsolidate compiler generated dependencies of target custom_interfaces__rosidl_generator_py[0m
[0.128s] [ 80%] Built target custom_interfaces__rosidl_generator_py
[0.135s] [35m[1mConsolidate compiler generated dependencies of target custom_interfaces__rosidl_typesupport_fastrtps_c__pyext[0m
[0.135s] [35m[1mConsolidate compiler generated dependencies of target custom_interfaces__rosidl_typesupport_introspection_c__pyext[0m
[0.135s] [35m[1mConsolidate compiler generated dependencies of target custom_interfaces__rosidl_typesupport_c__pyext[0m
[0.146s] [ 90%] Built target custom_interfaces__rosidl_typesupport_fastrtps_c__pyext
[0.146s] [ 96%] Built target custom_interfaces__rosidl_typesupport_c__pyext
[0.146s] [100%] Built target custom_interfaces__rosidl_typesupport_introspection_c__pyext
[0.251s] running egg_info
[0.251s] writing custom_interfaces.egg-info/PKG-INFO
[0.251s] writing dependency_links to custom_interfaces.egg-info/dependency_links.txt
[0.251s] writing top-level names to custom_interfaces.egg-info/top_level.txt
[0.253s] reading manifest file 'custom_interfaces.egg-info/SOURCES.txt'
[0.253s] writing manifest file 'custom_interfaces.egg-info/SOURCES.txt'
[0.270s] [100%] Built target ament_cmake_python_build_custom_interfaces_egg
[0.279s] Invoked command in '/home/ugie_home/Wook/blog_ws/build/custom_interfaces' returned '0': CMAKE_PREFIX_PATH=${CMAKE_PREFIX_PATH}:/opt/ros/humble /usr/bin/cmake --build /home/ugie_home/Wook/blog_ws/build/custom_interfaces -- -j12 -l12
[0.281s] Invoking command in '/home/ugie_home/Wook/blog_ws/build/custom_interfaces': CMAKE_PREFIX_PATH=${CMAKE_PREFIX_PATH}:/opt/ros/humble /usr/bin/cmake --install /home/ugie_home/Wook/blog_ws/build/custom_interfaces
[0.286s] -- Install configuration: ""
[0.287s] -- Execute custom install script
[0.287s] -- Up-to-date symlink: /home/ugie_home/Wook/blog_ws/install/custom_interfaces/share/ament_index/resource_index/rosidl_interfaces/custom_interfaces
[0.287s] -- Up-to-date symlink: /home/ugie_home/Wook/blog_ws/install/custom_interfaces/include/custom_interfaces/custom_interfaces/action/detail/fibonacci__functions.h
[0.287s] -- Up-to-date symlink: /home/ugie_home/Wook/blog_ws/install/custom_interfaces/include/custom_interfaces/custom_interfaces/action/detail/fibonacci__struct.h
[0.287s] -- Up-to-date symlink: /home/ugie_home/Wook/blog_ws/install/custom_interfaces/include/custom_interfaces/custom_interfaces/action/detail/fibonacci__type_support.h
[0.287s] -- Up-to-date symlink: /home/ugie_home/Wook/blog_ws/install/custom_interfaces/include/custom_interfaces/custom_interfaces/action/fibonacci.h
[0.287s] -- Up-to-date symlink: /home/ugie_home/Wook/blog_ws/install/custom_interfaces/include/custom_interfaces/custom_interfaces/msg/rosidl_generator_c__visibility_control.h
[0.288s] -- Up-to-date symlink: /home/ugie_home/Wook/blog_ws/install/custom_interfaces/share/custom_interfaces/environment/library_path.sh
[0.288s] -- Up-to-date symlink: /home/ugie_home/Wook/blog_ws/install/custom_interfaces/share/custom_interfaces/environment/library_path.dsv
[0.288s] -- Up-to-date symlink: /home/ugie_home/Wook/blog_ws/install/custom_interfaces/include/custom_interfaces/custom_interfaces/action/detail/fibonacci__rosidl_typesupport_fastrtps_c.h
[0.288s] -- Up-to-date symlink: /home/ugie_home/Wook/blog_ws/install/custom_interfaces/include/custom_interfaces/custom_interfaces/msg/rosidl_typesupport_fastrtps_c__visibility_control.h
[0.288s] -- Up-to-date symlink: /home/ugie_home/Wook/blog_ws/install/custom_interfaces/include/custom_interfaces/custom_interfaces/action/detail/fibonacci__rosidl_typesupport_introspection_c.h
[0.288s] -- Up-to-date symlink: /home/ugie_home/Wook/blog_ws/install/custom_interfaces/include/custom_interfaces/custom_interfaces/msg/rosidl_typesupport_introspection_c__visibility_control.h
[0.289s] -- Up-to-date symlink: /home/ugie_home/Wook/blog_ws/install/custom_interfaces/include/custom_interfaces/custom_interfaces/action/detail/fibonacci__builder.hpp
[0.289s] -- Up-to-date symlink: /home/ugie_home/Wook/blog_ws/install/custom_interfaces/include/custom_interfaces/custom_interfaces/action/detail/fibonacci__struct.hpp
[0.289s] -- Up-to-date symlink: /home/ugie_home/Wook/blog_ws/install/custom_interfaces/include/custom_interfaces/custom_interfaces/action/detail/fibonacci__traits.hpp
[0.289s] -- Up-to-date symlink: /home/ugie_home/Wook/blog_ws/install/custom_interfaces/include/custom_interfaces/custom_interfaces/action/detail/fibonacci__type_support.hpp
[0.289s] -- Up-to-date symlink: /home/ugie_home/Wook/blog_ws/install/custom_interfaces/include/custom_interfaces/custom_interfaces/action/fibonacci.hpp
[0.289s] -- Up-to-date symlink: /home/ugie_home/Wook/blog_ws/install/custom_interfaces/include/custom_interfaces/custom_interfaces/msg/rosidl_generator_cpp__visibility_control.hpp
[0.290s] -- Up-to-date symlink: /home/ugie_home/Wook/blog_ws/install/custom_interfaces/include/custom_interfaces/custom_interfaces/action/detail/fibonacci__rosidl_typesupport_fastrtps_cpp.hpp
[0.290s] -- Up-to-date symlink: /home/ugie_home/Wook/blog_ws/install/custom_interfaces/include/custom_interfaces/custom_interfaces/msg/rosidl_typesupport_fastrtps_cpp__visibility_control.h
[0.290s] -- Up-to-date symlink: /home/ugie_home/Wook/blog_ws/install/custom_interfaces/include/custom_interfaces/custom_interfaces/action/detail/fibonacci__rosidl_typesupport_introspection_cpp.hpp
[0.290s] -- Up-to-date symlink: /home/ugie_home/Wook/blog_ws/install/custom_interfaces/share/custom_interfaces/environment/pythonpath.sh
[0.290s] -- Up-to-date symlink: /home/ugie_home/Wook/blog_ws/install/custom_interfaces/share/custom_interfaces/environment/pythonpath.dsv
[0.290s] -- Up-to-date symlink: /home/ugie_home/Wook/blog_ws/install/custom_interfaces/local/lib/python3.10/dist-packages/custom_interfaces-0.0.0-py3.10.egg-info/PKG-INFO
[0.290s] -- Up-to-date symlink: /home/ugie_home/Wook/blog_ws/install/custom_interfaces/local/lib/python3.10/dist-packages/custom_interfaces-0.0.0-py3.10.egg-info/SOURCES.txt
[0.291s] -- Up-to-date symlink: /home/ugie_home/Wook/blog_ws/install/custom_interfaces/local/lib/python3.10/dist-packages/custom_interfaces-0.0.0-py3.10.egg-info/dependency_links.txt
[0.291s] -- Up-to-date symlink: /home/ugie_home/Wook/blog_ws/install/custom_interfaces/local/lib/python3.10/dist-packages/custom_interfaces-0.0.0-py3.10.egg-info/top_level.txt
[0.291s] -- Up-to-date symlink: /home/ugie_home/Wook/blog_ws/install/custom_interfaces/local/lib/python3.10/dist-packages/custom_interfaces/__init__.py
[0.291s] -- Up-to-date symlink: /home/ugie_home/Wook/blog_ws/install/custom_interfaces/local/lib/python3.10/dist-packages/custom_interfaces/_custom_interfaces_s.ep.rosidl_typesupport_c.c
[0.291s] -- Up-to-date symlink: /home/ugie_home/Wook/blog_ws/install/custom_interfaces/local/lib/python3.10/dist-packages/custom_interfaces/_custom_interfaces_s.ep.rosidl_typesupport_fastrtps_c.c
[0.291s] -- Up-to-date symlink: /home/ugie_home/Wook/blog_ws/install/custom_interfaces/local/lib/python3.10/dist-packages/custom_interfaces/_custom_interfaces_s.ep.rosidl_typesupport_introspection_c.c
[0.292s] -- Up-to-date symlink: /home/ugie_home/Wook/blog_ws/install/custom_interfaces/local/lib/python3.10/dist-packages/custom_interfaces/action/__init__.py
[0.292s] -- Up-to-date symlink: /home/ugie_home/Wook/blog_ws/install/custom_interfaces/local/lib/python3.10/dist-packages/custom_interfaces/action/_fibonacci.py
[0.292s] -- Up-to-date symlink: /home/ugie_home/Wook/blog_ws/install/custom_interfaces/local/lib/python3.10/dist-packages/custom_interfaces/action/_fibonacci_s.c
[0.292s] -- Up-to-date symlink: /home/ugie_home/Wook/blog_ws/install/custom_interfaces/local/lib/python3.10/dist-packages/custom_interfaces/custom_interfaces_s__rosidl_typesupport_c.cpython-310-x86_64-linux-gnu.so
[0.292s] -- Up-to-date symlink: /home/ugie_home/Wook/blog_ws/install/custom_interfaces/local/lib/python3.10/dist-packages/custom_interfaces/custom_interfaces_s__rosidl_typesupport_fastrtps_c.cpython-310-x86_64-linux-gnu.so
[0.292s] -- Up-to-date symlink: /home/ugie_home/Wook/blog_ws/install/custom_interfaces/local/lib/python3.10/dist-packages/custom_interfaces/custom_interfaces_s__rosidl_typesupport_introspection_c.cpython-310-x86_64-linux-gnu.so
[0.292s] -- Up-to-date symlink: /home/ugie_home/Wook/blog_ws/install/custom_interfaces/local/lib/python3.10/dist-packages/custom_interfaces/libcustom_interfaces__rosidl_generator_py.so
[0.292s] -- Up-to-date symlink: /home/ugie_home/Wook/blog_ws/install/custom_interfaces/local/lib/python3.10/dist-packages/custom_interfaces/custom_interfaces_s__rosidl_typesupport_fastrtps_c.cpython-310-x86_64-linux-gnu.so
[0.292s] -- Up-to-date symlink: /home/ugie_home/Wook/blog_ws/install/custom_interfaces/local/lib/python3.10/dist-packages/custom_interfaces/custom_interfaces_s__rosidl_typesupport_introspection_c.cpython-310-x86_64-linux-gnu.so
[0.293s] -- Up-to-date symlink: /home/ugie_home/Wook/blog_ws/install/custom_interfaces/local/lib/python3.10/dist-packages/custom_interfaces/custom_interfaces_s__rosidl_typesupport_c.cpython-310-x86_64-linux-gnu.so
[0.293s] -- Up-to-date symlink: /home/ugie_home/Wook/blog_ws/install/custom_interfaces/share/custom_interfaces/action/Fibonacci.idl
[0.293s] -- Up-to-date symlink: /home/ugie_home/Wook/blog_ws/install/custom_interfaces/share/custom_interfaces/action/Fibonacci.action
[0.293s] -- Up-to-date symlink: /home/ugie_home/Wook/blog_ws/install/custom_interfaces/share/ament_index/resource_index/package_run_dependencies/custom_interfaces
[0.293s] -- Up-to-date symlink: /home/ugie_home/Wook/blog_ws/install/custom_interfaces/share/ament_index/resource_index/parent_prefix_path/custom_interfaces
[0.293s] -- Up-to-date symlink: /home/ugie_home/Wook/blog_ws/install/custom_interfaces/share/custom_interfaces/environment/ament_prefix_path.sh
[0.293s] -- Up-to-date symlink: /home/ugie_home/Wook/blog_ws/install/custom_interfaces/share/custom_interfaces/environment/ament_prefix_path.dsv
[0.293s] -- Up-to-date symlink: /home/ugie_home/Wook/blog_ws/install/custom_interfaces/share/custom_interfaces/environment/path.sh
[0.294s] -- Up-to-date symlink: /home/ugie_home/Wook/blog_ws/install/custom_interfaces/share/custom_interfaces/environment/path.dsv
[0.294s] -- Up-to-date symlink: /home/ugie_home/Wook/blog_ws/install/custom_interfaces/share/custom_interfaces/local_setup.bash
[0.294s] -- Up-to-date symlink: /home/ugie_home/Wook/blog_ws/install/custom_interfaces/share/custom_interfaces/local_setup.sh
[0.294s] -- Up-to-date symlink: /home/ugie_home/Wook/blog_ws/install/custom_interfaces/share/custom_interfaces/local_setup.zsh
[0.294s] -- Up-to-date symlink: /home/ugie_home/Wook/blog_ws/install/custom_interfaces/share/custom_interfaces/local_setup.dsv
[0.294s] -- Symlinking: /home/ugie_home/Wook/blog_ws/install/custom_interfaces/share/custom_interfaces/package.dsv
[0.301s] -- Up-to-date symlink: /home/ugie_home/Wook/blog_ws/install/custom_interfaces/share/ament_index/resource_index/packages/custom_interfaces
[0.301s] -- Up-to-date symlink: /home/ugie_home/Wook/blog_ws/install/custom_interfaces/share/custom_interfaces/cmake/rosidl_cmake-extras.cmake
[0.301s] -- Up-to-date symlink: /home/ugie_home/Wook/blog_ws/install/custom_interfaces/share/custom_interfaces/cmake/ament_cmake_export_dependencies-extras.cmake
[0.301s] -- Up-to-date symlink: /home/ugie_home/Wook/blog_ws/install/custom_interfaces/share/custom_interfaces/cmake/ament_cmake_export_include_directories-extras.cmake
[0.301s] -- Up-to-date symlink: /home/ugie_home/Wook/blog_ws/install/custom_interfaces/share/custom_interfaces/cmake/ament_cmake_export_libraries-extras.cmake
[0.301s] -- Up-to-date symlink: /home/ugie_home/Wook/blog_ws/install/custom_interfaces/share/custom_interfaces/cmake/ament_cmake_export_targets-extras.cmake
[0.301s] -- Up-to-date symlink: /home/ugie_home/Wook/blog_ws/install/custom_interfaces/share/custom_interfaces/cmake/rosidl_cmake_export_typesupport_targets-extras.cmake
[0.302s] -- Up-to-date symlink: /home/ugie_home/Wook/blog_ws/install/custom_interfaces/share/custom_interfaces/cmake/rosidl_cmake_export_typesupport_libraries-extras.cmake
[0.302s] -- Up-to-date symlink: /home/ugie_home/Wook/blog_ws/install/custom_interfaces/share/custom_interfaces/cmake/custom_interfacesConfig.cmake
[0.302s] -- Up-to-date symlink: /home/ugie_home/Wook/blog_ws/install/custom_interfaces/share/custom_interfaces/cmake/custom_interfacesConfig-version.cmake
[0.302s] -- Up-to-date symlink: /home/ugie_home/Wook/blog_ws/install/custom_interfaces/share/custom_interfaces/package.xml
[0.302s] -- Up-to-date: /home/ugie_home/Wook/blog_ws/install/custom_interfaces/lib/libcustom_interfaces__rosidl_generator_c.so
[0.302s] -- Up-to-date: /home/ugie_home/Wook/blog_ws/install/custom_interfaces/lib/libcustom_interfaces__rosidl_typesupport_fastrtps_c.so
[0.303s] -- Up-to-date: /home/ugie_home/Wook/blog_ws/install/custom_interfaces/lib/libcustom_interfaces__rosidl_typesupport_introspection_c.so
[0.303s] -- Up-to-date: /home/ugie_home/Wook/blog_ws/install/custom_interfaces/lib/libcustom_interfaces__rosidl_typesupport_c.so
[0.303s] -- Up-to-date: /home/ugie_home/Wook/blog_ws/install/custom_interfaces/lib/libcustom_interfaces__rosidl_typesupport_fastrtps_cpp.so
[0.303s] -- Up-to-date: /home/ugie_home/Wook/blog_ws/install/custom_interfaces/lib/libcustom_interfaces__rosidl_typesupport_introspection_cpp.so
[0.304s] -- Up-to-date: /home/ugie_home/Wook/blog_ws/install/custom_interfaces/lib/libcustom_interfaces__rosidl_typesupport_cpp.so
[0.325s] Listing '/home/ugie_home/Wook/blog_ws/install/custom_interfaces/local/lib/python3.10/dist-packages/custom_interfaces'...
[0.325s] Listing '/home/ugie_home/Wook/blog_ws/install/custom_interfaces/local/lib/python3.10/dist-packages/custom_interfaces/action'...
[0.328s] -- Up-to-date: /home/ugie_home/Wook/blog_ws/install/custom_interfaces/lib/libcustom_interfaces__rosidl_generator_py.so
[0.328s] -- Up-to-date: /home/ugie_home/Wook/blog_ws/install/custom_interfaces/share/custom_interfaces/cmake/export_custom_interfaces__rosidl_generator_cExport.cmake
[0.328s] -- Up-to-date: /home/ugie_home/Wook/blog_ws/install/custom_interfaces/share/custom_interfaces/cmake/export_custom_interfaces__rosidl_generator_cExport-noconfig.cmake
[0.328s] -- Up-to-date: /home/ugie_home/Wook/blog_ws/install/custom_interfaces/share/custom_interfaces/cmake/export_custom_interfaces__rosidl_typesupport_fastrtps_cExport.cmake
[0.328s] -- Up-to-date: /home/ugie_home/Wook/blog_ws/install/custom_interfaces/share/custom_interfaces/cmake/export_custom_interfaces__rosidl_typesupport_fastrtps_cExport-noconfig.cmake
[0.328s] -- Up-to-date: /home/ugie_home/Wook/blog_ws/install/custom_interfaces/share/custom_interfaces/cmake/custom_interfaces__rosidl_typesupport_introspection_cExport.cmake
[0.328s] -- Up-to-date: /home/ugie_home/Wook/blog_ws/install/custom_interfaces/share/custom_interfaces/cmake/custom_interfaces__rosidl_typesupport_introspection_cExport-noconfig.cmake
[0.328s] -- Up-to-date: /home/ugie_home/Wook/blog_ws/install/custom_interfaces/share/custom_interfaces/cmake/custom_interfaces__rosidl_typesupport_cExport.cmake
[0.328s] -- Up-to-date: /home/ugie_home/Wook/blog_ws/install/custom_interfaces/share/custom_interfaces/cmake/custom_interfaces__rosidl_typesupport_cExport-noconfig.cmake
[0.328s] -- Up-to-date: /home/ugie_home/Wook/blog_ws/install/custom_interfaces/share/custom_interfaces/cmake/export_custom_interfaces__rosidl_generator_cppExport.cmake
[0.329s] -- Up-to-date: /home/ugie_home/Wook/blog_ws/install/custom_interfaces/share/custom_interfaces/cmake/export_custom_interfaces__rosidl_typesupport_fastrtps_cppExport.cmake
[0.329s] -- Up-to-date: /home/ugie_home/Wook/blog_ws/install/custom_interfaces/share/custom_interfaces/cmake/export_custom_interfaces__rosidl_typesupport_fastrtps_cppExport-noconfig.cmake
[0.329s] -- Up-to-date: /home/ugie_home/Wook/blog_ws/install/custom_interfaces/share/custom_interfaces/cmake/custom_interfaces__rosidl_typesupport_introspection_cppExport.cmake
[0.329s] -- Up-to-date: /home/ugie_home/Wook/blog_ws/install/custom_interfaces/share/custom_interfaces/cmake/custom_interfaces__rosidl_typesupport_introspection_cppExport-noconfig.cmake
[0.329s] -- Up-to-date: /home/ugie_home/Wook/blog_ws/install/custom_interfaces/share/custom_interfaces/cmake/custom_interfaces__rosidl_typesupport_cppExport.cmake
[0.329s] -- Up-to-date: /home/ugie_home/Wook/blog_ws/install/custom_interfaces/share/custom_interfaces/cmake/custom_interfaces__rosidl_typesupport_cppExport-noconfig.cmake
[0.329s] -- Up-to-date: /home/ugie_home/Wook/blog_ws/install/custom_interfaces/share/custom_interfaces/cmake/export_custom_interfaces__rosidl_generator_pyExport.cmake
[0.329s] -- Up-to-date: /home/ugie_home/Wook/blog_ws/install/custom_interfaces/share/custom_interfaces/cmake/export_custom_interfaces__rosidl_generator_pyExport-noconfig.cmake
[0.331s] Invoked command in '/home/ugie_home/Wook/blog_ws/build/custom_interfaces' returned '0': CMAKE_PREFIX_PATH=${CMAKE_PREFIX_PATH}:/opt/ros/humble /usr/bin/cmake --install /home/ugie_home/Wook/blog_ws/build/custom_interfaces
