[0.014s] Invoking command in '/home/ugie_home/Wook/blog_ws/build/custom_interfaces': CMAKE_PREFIX_PATH=${CMAKE_PREFIX_PATH}:/opt/ros/humble /usr/bin/cmake /home/ugie_home/Wook/blog_ws/src/custom_interfaces -DAMENT_CMAKE_SYMLINK_INSTALL=1 -DCMAKE_INSTALL_PREFIX=/home/ugie_home/Wook/blog_ws/install/custom_interfaces
[0.054s] -- The C compiler identification is GNU 11.4.0
[0.094s] -- The CXX compiler identification is GNU 11.4.0
[0.100s] -- Detecting C compiler ABI info
[0.151s] -- Detecting C compiler ABI info - done
[0.156s] -- Check for working C compiler: /usr/bin/cc - skipped
[0.156s] -- Detecting C compile features
[0.156s] -- Detecting C compile features - done
[0.159s] -- Detecting CXX compiler ABI info
[0.217s] -- Detecting CXX compiler ABI info - done
[0.226s] -- Check for working CXX compiler: /usr/bin/c++ - skipped
[0.226s] -- Detecting CXX compile features
[0.227s] -- Detecting CXX compile features - done
[0.229s] -- Found ament_cmake: 1.3.11 (/opt/ros/humble/share/ament_cmake/cmake)
[0.335s] -- Found Python3: /usr/bin/python3 (found version "3.10.12") found components: Interpreter 
[0.379s] -- Override CMake install command with custom implementation using symlinks instead of copying resources
[0.404s] -- Found rosidl_default_generators: 1.2.0 (/opt/ros/humble/share/rosidl_default_generators/cmake)
[0.406s] -- Using all available rosidl_typesupport_c: rosidl_typesupport_fastrtps_c;rosidl_typesupport_introspection_c
[0.411s] -- Found rosidl_adapter: 3.1.6 (/opt/ros/humble/share/rosidl_adapter/cmake)
[0.442s] -- Using all available rosidl_typesupport_cpp: rosidl_typesupport_fastrtps_cpp;rosidl_typesupport_introspection_cpp
[0.467s] -- Found action_msgs: 1.2.1 (/opt/ros/humble/share/action_msgs/cmake)
[0.667s] -- Found ament_cmake_ros: 0.10.0 (/opt/ros/humble/share/ament_cmake_ros/cmake)
[0.804s] -- Using all available rosidl_typesupport_c: rosidl_typesupport_fastrtps_c;rosidl_typesupport_introspection_c
[1.004s] -- Using all available rosidl_typesupport_cpp: rosidl_typesupport_fastrtps_cpp;rosidl_typesupport_introspection_cpp
[1.026s] -- Found PythonInterp: /usr/bin/python3 (found suitable version "3.10.12", minimum required is "3.6") 
[1.028s] -- Found python_cmake_module: 0.10.0 (/opt/ros/humble/share/python_cmake_module/cmake)
[1.054s] -- Found PythonLibs: /usr/lib/x86_64-linux-gnu/libpython3.10.so (found suitable version "3.10.12", minimum required is "3.5") 
[1.054s] -- Using PYTHON_EXECUTABLE: /usr/bin/python3
[1.054s] -- Using PYTHON_INCLUDE_DIRS: /usr/include/python3.10
[1.054s] -- Using PYTHON_LIBRARIES: /usr/lib/x86_64-linux-gnu/libpython3.10.so
[1.075s] -- Found PythonExtra: .so  
[1.120s] -- Found ament_lint_auto: 0.12.12 (/opt/ros/humble/share/ament_lint_auto/cmake)
[1.143s] -- Added test 'lint_cmake' to check CMake code style
[1.144s] -- Added test 'xmllint' to check XML markup files
[1.148s] -- Configuring done
[1.190s] -- Generating done
[1.204s] -- Build files have been written to: /home/ugie_home/Wook/blog_ws/build/custom_interfaces
[1.214s] Invoked command in '/home/ugie_home/Wook/blog_ws/build/custom_interfaces' returned '0': CMAKE_PREFIX_PATH=${CMAKE_PREFIX_PATH}:/opt/ros/humble /usr/bin/cmake /home/ugie_home/Wook/blog_ws/src/custom_interfaces -DAMENT_CMAKE_SYMLINK_INSTALL=1 -DCMAKE_INSTALL_PREFIX=/home/ugie_home/Wook/blog_ws/install/custom_interfaces
[1.216s] Invoking command in '/home/ugie_home/Wook/blog_ws/build/custom_interfaces': CMAKE_PREFIX_PATH=${CMAKE_PREFIX_PATH}:/opt/ros/humble /usr/bin/cmake --build /home/ugie_home/Wook/blog_ws/build/custom_interfaces -- -j12 -l12
[1.267s] [  3%] [34m[1mGenerating C code for ROS interfaces[0m
[1.278s] [  6%] [34m[1mGenerating C++ code for ROS interfaces[0m
[1.288s] [  6%] Built target ament_cmake_python_symlink_custom_interfaces
[1.521s] running egg_info
[1.521s] creating custom_interfaces.egg-info
[1.521s] writing custom_interfaces.egg-info/PKG-INFO
[1.521s] writing dependency_links to custom_interfaces.egg-info/dependency_links.txt
[1.521s] writing top-level names to custom_interfaces.egg-info/top_level.txt
[1.522s] writing manifest file 'custom_interfaces.egg-info/SOURCES.txt'
[1.523s] reading manifest file 'custom_interfaces.egg-info/SOURCES.txt'
[1.523s] writing manifest file 'custom_interfaces.egg-info/SOURCES.txt'
[1.545s] [  6%] Built target ament_cmake_python_build_custom_interfaces_egg
[1.715s] [  6%] Built target custom_interfaces__cpp
[1.726s] [  9%] [34m[1mGenerating C++ type support for eProsima Fast-RTPS[0m
[1.727s] [ 12%] [34m[1mGenerating C++ type support dispatch for ROS interfaces[0m
[1.728s] [ 16%] [34m[1mGenerating C++ introspection for ROS interfaces[0m
[1.741s] [ 19%] [32mBuilding C object CMakeFiles/custom_interfaces__rosidl_generator_c.dir/rosidl_generator_c/custom_interfaces/action/detail/fibonacci__functions.c.o[0m
[1.877s] [ 22%] [32m[1mLinking C shared library libcustom_interfaces__rosidl_generator_c.so[0m
[1.921s] [ 22%] Built target custom_interfaces__rosidl_generator_c
[1.935s] [ 29%] [34m[1mGenerating C type support dispatch for ROS interfaces[0m
[1.935s] [ 32%] [34m[1mGenerating C type support for eProsima Fast-RTPS[0m
[1.935s] [ 32%] [34m[1mGenerating C introspection for ROS interfaces[0m
[2.092s] [ 35%] [32mBuilding CXX object CMakeFiles/custom_interfaces__rosidl_typesupport_cpp.dir/rosidl_typesupport_cpp/custom_interfaces/action/fibonacci__type_support.cpp.o[0m
[2.128s] [ 38%] [32mBuilding CXX object CMakeFiles/custom_interfaces__rosidl_typesupport_introspection_cpp.dir/rosidl_typesupport_introspection_cpp/custom_interfaces/action/detail/fibonacci__type_support.cpp.o[0m
[2.215s] [ 41%] [32mBuilding CXX object CMakeFiles/custom_interfaces__rosidl_typesupport_fastrtps_cpp.dir/rosidl_typesupport_fastrtps_cpp/custom_interfaces/action/detail/dds_fastrtps/fibonacci__type_support.cpp.o[0m
[2.366s] [ 45%] [32mBuilding CXX object CMakeFiles/custom_interfaces__rosidl_typesupport_c.dir/rosidl_typesupport_c/custom_interfaces/action/fibonacci__type_support.cpp.o[0m
[2.394s] [ 48%] [32mBuilding CXX object CMakeFiles/custom_interfaces__rosidl_typesupport_fastrtps_c.dir/rosidl_typesupport_fastrtps_c/custom_interfaces/action/detail/fibonacci__type_support_c.cpp.o[0m
[2.441s] [ 51%] [32mBuilding C object CMakeFiles/custom_interfaces__rosidl_typesupport_introspection_c.dir/rosidl_typesupport_introspection_c/custom_interfaces/action/detail/fibonacci__type_support.c.o[0m
[2.458s] [ 54%] [32m[1mLinking CXX shared library libcustom_interfaces__rosidl_typesupport_c.so[0m
[2.537s] [ 58%] [32m[1mLinking C shared library libcustom_interfaces__rosidl_typesupport_introspection_c.so[0m
[2.563s] [ 58%] Built target custom_interfaces__rosidl_typesupport_c
[2.592s] [ 58%] Built target custom_interfaces__rosidl_typesupport_introspection_c
[2.610s] [ 61%] [32m[1mLinking CXX shared library libcustom_interfaces__rosidl_typesupport_cpp.so[0m
[2.666s] [ 61%] Built target custom_interfaces__rosidl_typesupport_cpp
[2.777s] [ 64%] [32m[1mLinking CXX shared library libcustom_interfaces__rosidl_typesupport_fastrtps_c.so[0m
[2.817s] [ 67%] [32m[1mLinking CXX shared library libcustom_interfaces__rosidl_typesupport_introspection_cpp.so[0m
[2.857s] [ 67%] Built target custom_interfaces__rosidl_typesupport_fastrtps_c
[2.860s] [ 70%] [32m[1mLinking CXX shared library libcustom_interfaces__rosidl_typesupport_fastrtps_cpp.so[0m
[2.898s] [ 70%] Built target custom_interfaces__rosidl_typesupport_introspection_cpp
[2.927s] [ 70%] Built target custom_interfaces__rosidl_typesupport_fastrtps_cpp
[2.950s] [ 70%] Built target custom_interfaces
[2.974s] [ 74%] [34m[1mGenerating Python code for ROS interfaces[0m
[3.484s] [ 74%] Built target custom_interfaces__py
[3.500s] [ 77%] [32mBuilding C object CMakeFiles/custom_interfaces__rosidl_generator_py.dir/rosidl_generator_py/custom_interfaces/action/_fibonacci_s.c.o[0m
[3.605s] [ 80%] [32m[1mLinking C shared library rosidl_generator_py/custom_interfaces/libcustom_interfaces__rosidl_generator_py.so[0m
[3.637s] [ 80%] Built target custom_interfaces__rosidl_generator_py
[3.658s] [ 83%] [32mBuilding C object CMakeFiles/custom_interfaces__rosidl_typesupport_c__pyext.dir/rosidl_generator_py/custom_interfaces/_custom_interfaces_s.ep.rosidl_typesupport_c.c.o[0m
[3.659s] [ 87%] [32mBuilding C object CMakeFiles/custom_interfaces__rosidl_typesupport_fastrtps_c__pyext.dir/rosidl_generator_py/custom_interfaces/_custom_interfaces_s.ep.rosidl_typesupport_fastrtps_c.c.o[0m
[3.659s] [ 90%] [32mBuilding C object CMakeFiles/custom_interfaces__rosidl_typesupport_introspection_c__pyext.dir/rosidl_generator_py/custom_interfaces/_custom_interfaces_s.ep.rosidl_typesupport_introspection_c.c.o[0m
[3.746s] [ 93%] [32m[1mLinking C shared library rosidl_generator_py/custom_interfaces/custom_interfaces_s__rosidl_typesupport_c.cpython-310-x86_64-linux-gnu.so[0m
[3.778s] [ 93%] Built target custom_interfaces__rosidl_typesupport_c__pyext
[3.801s] [100%] [32m[1mLinking C shared library rosidl_generator_py/custom_interfaces/custom_interfaces_s__rosidl_typesupport_introspection_c.cpython-310-x86_64-linux-gnu.so[0m
[3.801s] [100%] [32m[1mLinking C shared library rosidl_generator_py/custom_interfaces/custom_interfaces_s__rosidl_typesupport_fastrtps_c.cpython-310-x86_64-linux-gnu.so[0m
[3.836s] [100%] Built target custom_interfaces__rosidl_typesupport_fastrtps_c__pyext
[3.845s] [100%] Built target custom_interfaces__rosidl_typesupport_introspection_c__pyext
[3.856s] Invoked command in '/home/ugie_home/Wook/blog_ws/build/custom_interfaces' returned '0': CMAKE_PREFIX_PATH=${CMAKE_PREFIX_PATH}:/opt/ros/humble /usr/bin/cmake --build /home/ugie_home/Wook/blog_ws/build/custom_interfaces -- -j12 -l12
[3.865s] Invoking command in '/home/ugie_home/Wook/blog_ws/build/custom_interfaces': CMAKE_PREFIX_PATH=${CMAKE_PREFIX_PATH}:/opt/ros/humble /usr/bin/cmake --install /home/ugie_home/Wook/blog_ws/build/custom_interfaces
[3.871s] -- Install configuration: ""
[3.872s] -- Execute custom install script
[3.872s] -- Symlinking: /home/ugie_home/Wook/blog_ws/install/custom_interfaces/share/ament_index/resource_index/rosidl_interfaces/custom_interfaces
[3.880s] -- Symlinking: /home/ugie_home/Wook/blog_ws/install/custom_interfaces/include/custom_interfaces/custom_interfaces/action/detail/fibonacci__functions.h
[3.888s] -- Symlinking: /home/ugie_home/Wook/blog_ws/install/custom_interfaces/include/custom_interfaces/custom_interfaces/action/detail/fibonacci__struct.h
[3.898s] -- Symlinking: /home/ugie_home/Wook/blog_ws/install/custom_interfaces/include/custom_interfaces/custom_interfaces/action/detail/fibonacci__type_support.h
[3.909s] -- Symlinking: /home/ugie_home/Wook/blog_ws/install/custom_interfaces/include/custom_interfaces/custom_interfaces/action/fibonacci.h
[3.918s] -- Symlinking: /home/ugie_home/Wook/blog_ws/install/custom_interfaces/include/custom_interfaces/custom_interfaces/msg/rosidl_generator_c__visibility_control.h
[3.928s] -- Symlinking: /home/ugie_home/Wook/blog_ws/install/custom_interfaces/share/custom_interfaces/environment/library_path.sh
[3.937s] -- Symlinking: /home/ugie_home/Wook/blog_ws/install/custom_interfaces/share/custom_interfaces/environment/library_path.dsv
[3.946s] -- Symlinking: /home/ugie_home/Wook/blog_ws/install/custom_interfaces/include/custom_interfaces/custom_interfaces/action/detail/fibonacci__rosidl_typesupport_fastrtps_c.h
[3.954s] -- Symlinking: /home/ugie_home/Wook/blog_ws/install/custom_interfaces/include/custom_interfaces/custom_interfaces/msg/rosidl_typesupport_fastrtps_c__visibility_control.h
[3.962s] -- Symlinking: /home/ugie_home/Wook/blog_ws/install/custom_interfaces/include/custom_interfaces/custom_interfaces/action/detail/fibonacci__rosidl_typesupport_introspection_c.h
[3.970s] -- Symlinking: /home/ugie_home/Wook/blog_ws/install/custom_interfaces/include/custom_interfaces/custom_interfaces/msg/rosidl_typesupport_introspection_c__visibility_control.h
[3.977s] -- Symlinking: /home/ugie_home/Wook/blog_ws/install/custom_interfaces/include/custom_interfaces/custom_interfaces/action/detail/fibonacci__builder.hpp
[3.984s] -- Symlinking: /home/ugie_home/Wook/blog_ws/install/custom_interfaces/include/custom_interfaces/custom_interfaces/action/detail/fibonacci__struct.hpp
[3.993s] -- Symlinking: /home/ugie_home/Wook/blog_ws/install/custom_interfaces/include/custom_interfaces/custom_interfaces/action/detail/fibonacci__traits.hpp
[4.001s] -- Symlinking: /home/ugie_home/Wook/blog_ws/install/custom_interfaces/include/custom_interfaces/custom_interfaces/action/detail/fibonacci__type_support.hpp
[4.009s] -- Symlinking: /home/ugie_home/Wook/blog_ws/install/custom_interfaces/include/custom_interfaces/custom_interfaces/action/fibonacci.hpp
[4.017s] -- Symlinking: /home/ugie_home/Wook/blog_ws/install/custom_interfaces/include/custom_interfaces/custom_interfaces/msg/rosidl_generator_cpp__visibility_control.hpp
[4.025s] -- Symlinking: /home/ugie_home/Wook/blog_ws/install/custom_interfaces/include/custom_interfaces/custom_interfaces/action/detail/fibonacci__rosidl_typesupport_fastrtps_cpp.hpp
[4.031s] -- Symlinking: /home/ugie_home/Wook/blog_ws/install/custom_interfaces/include/custom_interfaces/custom_interfaces/msg/rosidl_typesupport_fastrtps_cpp__visibility_control.h
[4.039s] -- Symlinking: /home/ugie_home/Wook/blog_ws/install/custom_interfaces/include/custom_interfaces/custom_interfaces/action/detail/fibonacci__rosidl_typesupport_introspection_cpp.hpp
[4.047s] -- Symlinking: /home/ugie_home/Wook/blog_ws/install/custom_interfaces/share/custom_interfaces/environment/pythonpath.sh
[4.054s] -- Symlinking: /home/ugie_home/Wook/blog_ws/install/custom_interfaces/share/custom_interfaces/environment/pythonpath.dsv
[4.061s] -- Symlinking: /home/ugie_home/Wook/blog_ws/install/custom_interfaces/local/lib/python3.10/dist-packages/custom_interfaces-0.0.0-py3.10.egg-info/PKG-INFO
[4.068s] -- Symlinking: /home/ugie_home/Wook/blog_ws/install/custom_interfaces/local/lib/python3.10/dist-packages/custom_interfaces-0.0.0-py3.10.egg-info/SOURCES.txt
[4.075s] -- Symlinking: /home/ugie_home/Wook/blog_ws/install/custom_interfaces/local/lib/python3.10/dist-packages/custom_interfaces-0.0.0-py3.10.egg-info/dependency_links.txt
[4.081s] -- Symlinking: /home/ugie_home/Wook/blog_ws/install/custom_interfaces/local/lib/python3.10/dist-packages/custom_interfaces-0.0.0-py3.10.egg-info/top_level.txt
[4.089s] -- Symlinking: /home/ugie_home/Wook/blog_ws/install/custom_interfaces/local/lib/python3.10/dist-packages/custom_interfaces/__init__.py
[4.095s] -- Symlinking: /home/ugie_home/Wook/blog_ws/install/custom_interfaces/local/lib/python3.10/dist-packages/custom_interfaces/_custom_interfaces_s.ep.rosidl_typesupport_c.c
[4.102s] -- Symlinking: /home/ugie_home/Wook/blog_ws/install/custom_interfaces/local/lib/python3.10/dist-packages/custom_interfaces/_custom_interfaces_s.ep.rosidl_typesupport_fastrtps_c.c
[4.109s] -- Symlinking: /home/ugie_home/Wook/blog_ws/install/custom_interfaces/local/lib/python3.10/dist-packages/custom_interfaces/_custom_interfaces_s.ep.rosidl_typesupport_introspection_c.c
[4.116s] -- Symlinking: /home/ugie_home/Wook/blog_ws/install/custom_interfaces/local/lib/python3.10/dist-packages/custom_interfaces/action/__init__.py
[4.123s] -- Symlinking: /home/ugie_home/Wook/blog_ws/install/custom_interfaces/local/lib/python3.10/dist-packages/custom_interfaces/action/_fibonacci.py
[4.131s] -- Symlinking: /home/ugie_home/Wook/blog_ws/install/custom_interfaces/local/lib/python3.10/dist-packages/custom_interfaces/action/_fibonacci_s.c
[4.138s] -- Symlinking: /home/ugie_home/Wook/blog_ws/install/custom_interfaces/local/lib/python3.10/dist-packages/custom_interfaces/custom_interfaces_s__rosidl_typesupport_c.cpython-310-x86_64-linux-gnu.so
[4.145s] -- Symlinking: /home/ugie_home/Wook/blog_ws/install/custom_interfaces/local/lib/python3.10/dist-packages/custom_interfaces/custom_interfaces_s__rosidl_typesupport_fastrtps_c.cpython-310-x86_64-linux-gnu.so
[4.152s] -- Symlinking: /home/ugie_home/Wook/blog_ws/install/custom_interfaces/local/lib/python3.10/dist-packages/custom_interfaces/custom_interfaces_s__rosidl_typesupport_introspection_c.cpython-310-x86_64-linux-gnu.so
[4.160s] -- Symlinking: /home/ugie_home/Wook/blog_ws/install/custom_interfaces/local/lib/python3.10/dist-packages/custom_interfaces/libcustom_interfaces__rosidl_generator_py.so
[4.168s] -- Up-to-date symlink: /home/ugie_home/Wook/blog_ws/install/custom_interfaces/local/lib/python3.10/dist-packages/custom_interfaces/custom_interfaces_s__rosidl_typesupport_fastrtps_c.cpython-310-x86_64-linux-gnu.so
[4.168s] -- Up-to-date symlink: /home/ugie_home/Wook/blog_ws/install/custom_interfaces/local/lib/python3.10/dist-packages/custom_interfaces/custom_interfaces_s__rosidl_typesupport_introspection_c.cpython-310-x86_64-linux-gnu.so
[4.168s] -- Up-to-date symlink: /home/ugie_home/Wook/blog_ws/install/custom_interfaces/local/lib/python3.10/dist-packages/custom_interfaces/custom_interfaces_s__rosidl_typesupport_c.cpython-310-x86_64-linux-gnu.so
[4.168s] -- Symlinking: /home/ugie_home/Wook/blog_ws/install/custom_interfaces/share/custom_interfaces/action/Fibonacci.idl
[4.175s] -- Symlinking: /home/ugie_home/Wook/blog_ws/install/custom_interfaces/share/custom_interfaces/action/Fibonacci.action
[4.182s] -- Symlinking: /home/ugie_home/Wook/blog_ws/install/custom_interfaces/share/ament_index/resource_index/package_run_dependencies/custom_interfaces
[4.189s] -- Symlinking: /home/ugie_home/Wook/blog_ws/install/custom_interfaces/share/ament_index/resource_index/parent_prefix_path/custom_interfaces
[4.196s] -- Symlinking: /home/ugie_home/Wook/blog_ws/install/custom_interfaces/share/custom_interfaces/environment/ament_prefix_path.sh
[4.202s] -- Symlinking: /home/ugie_home/Wook/blog_ws/install/custom_interfaces/share/custom_interfaces/environment/ament_prefix_path.dsv
[4.209s] -- Symlinking: /home/ugie_home/Wook/blog_ws/install/custom_interfaces/share/custom_interfaces/environment/path.sh
[4.215s] -- Symlinking: /home/ugie_home/Wook/blog_ws/install/custom_interfaces/share/custom_interfaces/environment/path.dsv
[4.222s] -- Symlinking: /home/ugie_home/Wook/blog_ws/install/custom_interfaces/share/custom_interfaces/local_setup.bash
[4.229s] -- Symlinking: /home/ugie_home/Wook/blog_ws/install/custom_interfaces/share/custom_interfaces/local_setup.sh
[4.236s] -- Symlinking: /home/ugie_home/Wook/blog_ws/install/custom_interfaces/share/custom_interfaces/local_setup.zsh
[4.243s] -- Symlinking: /home/ugie_home/Wook/blog_ws/install/custom_interfaces/share/custom_interfaces/local_setup.dsv
[4.250s] -- Symlinking: /home/ugie_home/Wook/blog_ws/install/custom_interfaces/share/custom_interfaces/package.dsv
[4.257s] -- Symlinking: /home/ugie_home/Wook/blog_ws/install/custom_interfaces/share/ament_index/resource_index/packages/custom_interfaces
[4.264s] -- Symlinking: /home/ugie_home/Wook/blog_ws/install/custom_interfaces/share/custom_interfaces/cmake/rosidl_cmake-extras.cmake
[4.270s] -- Symlinking: /home/ugie_home/Wook/blog_ws/install/custom_interfaces/share/custom_interfaces/cmake/ament_cmake_export_dependencies-extras.cmake
[4.277s] -- Symlinking: /home/ugie_home/Wook/blog_ws/install/custom_interfaces/share/custom_interfaces/cmake/ament_cmake_export_include_directories-extras.cmake
[4.284s] -- Symlinking: /home/ugie_home/Wook/blog_ws/install/custom_interfaces/share/custom_interfaces/cmake/ament_cmake_export_libraries-extras.cmake
[4.290s] -- Symlinking: /home/ugie_home/Wook/blog_ws/install/custom_interfaces/share/custom_interfaces/cmake/ament_cmake_export_targets-extras.cmake
[4.297s] -- Symlinking: /home/ugie_home/Wook/blog_ws/install/custom_interfaces/share/custom_interfaces/cmake/rosidl_cmake_export_typesupport_targets-extras.cmake
[4.304s] -- Symlinking: /home/ugie_home/Wook/blog_ws/install/custom_interfaces/share/custom_interfaces/cmake/rosidl_cmake_export_typesupport_libraries-extras.cmake
[4.311s] -- Symlinking: /home/ugie_home/Wook/blog_ws/install/custom_interfaces/share/custom_interfaces/cmake/custom_interfacesConfig.cmake
[4.317s] -- Symlinking: /home/ugie_home/Wook/blog_ws/install/custom_interfaces/share/custom_interfaces/cmake/custom_interfacesConfig-version.cmake
[4.324s] -- Symlinking: /home/ugie_home/Wook/blog_ws/install/custom_interfaces/share/custom_interfaces/package.xml
[4.330s] -- Installing: /home/ugie_home/Wook/blog_ws/install/custom_interfaces/lib/libcustom_interfaces__rosidl_generator_c.so
[4.330s] -- Set runtime path of "/home/ugie_home/Wook/blog_ws/install/custom_interfaces/lib/libcustom_interfaces__rosidl_generator_c.so" to ""
[4.331s] -- Installing: /home/ugie_home/Wook/blog_ws/install/custom_interfaces/lib/libcustom_interfaces__rosidl_typesupport_fastrtps_c.so
[4.331s] -- Set runtime path of "/home/ugie_home/Wook/blog_ws/install/custom_interfaces/lib/libcustom_interfaces__rosidl_typesupport_fastrtps_c.so" to ""
[4.331s] -- Installing: /home/ugie_home/Wook/blog_ws/install/custom_interfaces/lib/libcustom_interfaces__rosidl_typesupport_introspection_c.so
[4.331s] -- Set runtime path of "/home/ugie_home/Wook/blog_ws/install/custom_interfaces/lib/libcustom_interfaces__rosidl_typesupport_introspection_c.so" to ""
[4.331s] -- Installing: /home/ugie_home/Wook/blog_ws/install/custom_interfaces/lib/libcustom_interfaces__rosidl_typesupport_c.so
[4.332s] -- Set runtime path of "/home/ugie_home/Wook/blog_ws/install/custom_interfaces/lib/libcustom_interfaces__rosidl_typesupport_c.so" to ""
[4.332s] -- Installing: /home/ugie_home/Wook/blog_ws/install/custom_interfaces/lib/libcustom_interfaces__rosidl_typesupport_fastrtps_cpp.so
[4.332s] -- Set runtime path of "/home/ugie_home/Wook/blog_ws/install/custom_interfaces/lib/libcustom_interfaces__rosidl_typesupport_fastrtps_cpp.so" to ""
[4.332s] -- Installing: /home/ugie_home/Wook/blog_ws/install/custom_interfaces/lib/libcustom_interfaces__rosidl_typesupport_introspection_cpp.so
[4.333s] -- Set runtime path of "/home/ugie_home/Wook/blog_ws/install/custom_interfaces/lib/libcustom_interfaces__rosidl_typesupport_introspection_cpp.so" to ""
[4.333s] -- Installing: /home/ugie_home/Wook/blog_ws/install/custom_interfaces/lib/libcustom_interfaces__rosidl_typesupport_cpp.so
[4.333s] -- Set runtime path of "/home/ugie_home/Wook/blog_ws/install/custom_interfaces/lib/libcustom_interfaces__rosidl_typesupport_cpp.so" to ""
[4.360s] Listing '/home/ugie_home/Wook/blog_ws/install/custom_interfaces/local/lib/python3.10/dist-packages/custom_interfaces'...
[4.360s] Compiling '/home/ugie_home/Wook/blog_ws/install/custom_interfaces/local/lib/python3.10/dist-packages/custom_interfaces/__init__.py'...
[4.360s] Listing '/home/ugie_home/Wook/blog_ws/install/custom_interfaces/local/lib/python3.10/dist-packages/custom_interfaces/action'...
[4.361s] Compiling '/home/ugie_home/Wook/blog_ws/install/custom_interfaces/local/lib/python3.10/dist-packages/custom_interfaces/action/__init__.py'...
[4.361s] Compiling '/home/ugie_home/Wook/blog_ws/install/custom_interfaces/local/lib/python3.10/dist-packages/custom_interfaces/action/_fibonacci.py'...
[4.363s] -- Installing: /home/ugie_home/Wook/blog_ws/install/custom_interfaces/lib/libcustom_interfaces__rosidl_generator_py.so
[4.364s] -- Set runtime path of "/home/ugie_home/Wook/blog_ws/install/custom_interfaces/lib/libcustom_interfaces__rosidl_generator_py.so" to ""
[4.364s] -- Installing: /home/ugie_home/Wook/blog_ws/install/custom_interfaces/share/custom_interfaces/cmake/export_custom_interfaces__rosidl_generator_cExport.cmake
[4.364s] -- Installing: /home/ugie_home/Wook/blog_ws/install/custom_interfaces/share/custom_interfaces/cmake/export_custom_interfaces__rosidl_generator_cExport-noconfig.cmake
[4.364s] -- Installing: /home/ugie_home/Wook/blog_ws/install/custom_interfaces/share/custom_interfaces/cmake/export_custom_interfaces__rosidl_typesupport_fastrtps_cExport.cmake
[4.364s] -- Installing: /home/ugie_home/Wook/blog_ws/install/custom_interfaces/share/custom_interfaces/cmake/export_custom_interfaces__rosidl_typesupport_fastrtps_cExport-noconfig.cmake
[4.365s] -- Installing: /home/ugie_home/Wook/blog_ws/install/custom_interfaces/share/custom_interfaces/cmake/custom_interfaces__rosidl_typesupport_introspection_cExport.cmake
[4.365s] -- Installing: /home/ugie_home/Wook/blog_ws/install/custom_interfaces/share/custom_interfaces/cmake/custom_interfaces__rosidl_typesupport_introspection_cExport-noconfig.cmake
[4.365s] -- Installing: /home/ugie_home/Wook/blog_ws/install/custom_interfaces/share/custom_interfaces/cmake/custom_interfaces__rosidl_typesupport_cExport.cmake
[4.365s] -- Installing: /home/ugie_home/Wook/blog_ws/install/custom_interfaces/share/custom_interfaces/cmake/custom_interfaces__rosidl_typesupport_cExport-noconfig.cmake
[4.365s] -- Installing: /home/ugie_home/Wook/blog_ws/install/custom_interfaces/share/custom_interfaces/cmake/export_custom_interfaces__rosidl_generator_cppExport.cmake
[4.365s] -- Installing: /home/ugie_home/Wook/blog_ws/install/custom_interfaces/share/custom_interfaces/cmake/export_custom_interfaces__rosidl_typesupport_fastrtps_cppExport.cmake
[4.365s] -- Installing: /home/ugie_home/Wook/blog_ws/install/custom_interfaces/share/custom_interfaces/cmake/export_custom_interfaces__rosidl_typesupport_fastrtps_cppExport-noconfig.cmake
[4.366s] -- Installing: /home/ugie_home/Wook/blog_ws/install/custom_interfaces/share/custom_interfaces/cmake/custom_interfaces__rosidl_typesupport_introspection_cppExport.cmake
[4.366s] -- Installing: /home/ugie_home/Wook/blog_ws/install/custom_interfaces/share/custom_interfaces/cmake/custom_interfaces__rosidl_typesupport_introspection_cppExport-noconfig.cmake
[4.366s] -- Installing: /home/ugie_home/Wook/blog_ws/install/custom_interfaces/share/custom_interfaces/cmake/custom_interfaces__rosidl_typesupport_cppExport.cmake
[4.366s] -- Installing: /home/ugie_home/Wook/blog_ws/install/custom_interfaces/share/custom_interfaces/cmake/custom_interfaces__rosidl_typesupport_cppExport-noconfig.cmake
[4.366s] -- Installing: /home/ugie_home/Wook/blog_ws/install/custom_interfaces/share/custom_interfaces/cmake/export_custom_interfaces__rosidl_generator_pyExport.cmake
[4.366s] -- Installing: /home/ugie_home/Wook/blog_ws/install/custom_interfaces/share/custom_interfaces/cmake/export_custom_interfaces__rosidl_generator_pyExport-noconfig.cmake
[4.369s] Invoked command in '/home/ugie_home/Wook/blog_ws/build/custom_interfaces' returned '0': CMAKE_PREFIX_PATH=${CMAKE_PREFIX_PATH}:/opt/ros/humble /usr/bin/cmake --install /home/ugie_home/Wook/blog_ws/build/custom_interfaces
