[0.074s] DEBUG:colcon:Command line arguments: ['/usr/bin/colcon', 'build', '--symlink-install']
[0.074s] DEBUG:colcon:Parsed command line arguments: Namespace(log_base=None, log_level=None, verb_name='build', build_base='build', install_base='install', merge_install=False, symlink_install=True, test_result_base=None, continue_on_error=False, executor='parallel', parallel_workers=12, event_handlers=None, ignore_user_meta=False, metas=['./colcon.meta'], base_paths=['.'], packages_ignore=None, packages_ignore_regex=None, paths=None, packages_up_to=None, packages_up_to_regex=None, packages_above=None, packages_above_and_dependencies=None, packages_above_depth=None, packages_select_by_dep=None, packages_skip_by_dep=None, packages_skip_up_to=None, packages_select_build_failed=False, packages_skip_build_finished=False, packages_select_test_failures=False, packages_skip_test_passed=False, packages_select=None, packages_skip=None, packages_select_regex=None, packages_skip_regex=None, packages_start=None, packages_end=None, allow_overriding=[], cmake_args=None, cmake_target=None, cmake_target_skip_unavailable=False, cmake_clean_cache=False, cmake_clean_first=False, cmake_force_configure=False, ament_cmake_args=None, catkin_cmake_args=None, catkin_skip_building_tests=False, mixin_files=None, mixin=None, verb_parser=<colcon_mixin.mixin.mixin_argument.MixinArgumentDecorator object at 0x737485e4ad70>, verb_extension=<colcon_core.verb.build.BuildVerb object at 0x737485f67ca0>, main=<bound method BuildVerb.main of <colcon_core.verb.build.BuildVerb object at 0x737485f67ca0>>, mixin_verb=('build',))
[0.212s] Level 1:colcon.colcon_core.package_discovery:discover_packages(colcon_meta) check parameters
[0.212s] Level 1:colcon.colcon_core.package_discovery:discover_packages(recursive) check parameters
[0.212s] Level 1:colcon.colcon_core.package_discovery:discover_packages(ignore) check parameters
[0.212s] Level 1:colcon.colcon_core.package_discovery:discover_packages(path) check parameters
[0.212s] Level 1:colcon.colcon_core.package_discovery:discover_packages(colcon_meta) discover
[0.212s] Level 1:colcon.colcon_core.package_discovery:discover_packages(recursive) discover
[0.212s] INFO:colcon.colcon_core.package_discovery:Crawling recursively for packages in '/home/ugie_home/Wook/blog_ws'
[0.212s] Level 1:colcon.colcon_core.package_identification:_identify(.) by extensions ['ignore', 'ignore_ament_install']
[0.212s] Level 1:colcon.colcon_core.package_identification:_identify(.) by extension 'ignore'
[0.213s] Level 1:colcon.colcon_core.package_identification:_identify(.) by extension 'ignore_ament_install'
[0.213s] Level 1:colcon.colcon_core.package_identification:_identify(.) by extensions ['colcon_pkg']
[0.213s] Level 1:colcon.colcon_core.package_identification:_identify(.) by extension 'colcon_pkg'
[0.213s] Level 1:colcon.colcon_core.package_identification:_identify(.) by extensions ['colcon_meta']
[0.213s] Level 1:colcon.colcon_core.package_identification:_identify(.) by extension 'colcon_meta'
[0.213s] Level 1:colcon.colcon_core.package_identification:_identify(.) by extensions ['ros']
[0.213s] Level 1:colcon.colcon_core.package_identification:_identify(.) by extension 'ros'
[0.220s] Level 1:colcon.colcon_core.package_identification:_identify(.) by extensions ['cmake', 'python']
[0.220s] Level 1:colcon.colcon_core.package_identification:_identify(.) by extension 'cmake'
[0.220s] Level 1:colcon.colcon_core.package_identification:_identify(.) by extension 'python'
[0.220s] Level 1:colcon.colcon_core.package_identification:_identify(.) by extensions ['python_setup_py']
[0.220s] Level 1:colcon.colcon_core.package_identification:_identify(.) by extension 'python_setup_py'
[0.220s] Level 1:colcon.colcon_core.package_identification:_identify(build) by extensions ['ignore', 'ignore_ament_install']
[0.220s] Level 1:colcon.colcon_core.package_identification:_identify(build) by extension 'ignore'
[0.220s] Level 1:colcon.colcon_core.package_identification:_identify(build) ignored
[0.220s] Level 1:colcon.colcon_core.package_identification:_identify(install) by extensions ['ignore', 'ignore_ament_install']
[0.220s] Level 1:colcon.colcon_core.package_identification:_identify(install) by extension 'ignore'
[0.220s] Level 1:colcon.colcon_core.package_identification:_identify(install) ignored
[0.221s] Level 1:colcon.colcon_core.package_identification:_identify(log) by extensions ['ignore', 'ignore_ament_install']
[0.221s] Level 1:colcon.colcon_core.package_identification:_identify(log) by extension 'ignore'
[0.221s] Level 1:colcon.colcon_core.package_identification:_identify(log) ignored
[0.221s] Level 1:colcon.colcon_core.package_identification:_identify(src) by extensions ['ignore', 'ignore_ament_install']
[0.221s] Level 1:colcon.colcon_core.package_identification:_identify(src) by extension 'ignore'
[0.221s] Level 1:colcon.colcon_core.package_identification:_identify(src) by extension 'ignore_ament_install'
[0.221s] Level 1:colcon.colcon_core.package_identification:_identify(src) by extensions ['colcon_pkg']
[0.221s] Level 1:colcon.colcon_core.package_identification:_identify(src) by extension 'colcon_pkg'
[0.221s] Level 1:colcon.colcon_core.package_identification:_identify(src) by extensions ['colcon_meta']
[0.221s] Level 1:colcon.colcon_core.package_identification:_identify(src) by extension 'colcon_meta'
[0.221s] Level 1:colcon.colcon_core.package_identification:_identify(src) by extensions ['ros']
[0.221s] Level 1:colcon.colcon_core.package_identification:_identify(src) by extension 'ros'
[0.221s] Level 1:colcon.colcon_core.package_identification:_identify(src) by extensions ['cmake', 'python']
[0.221s] Level 1:colcon.colcon_core.package_identification:_identify(src) by extension 'cmake'
[0.221s] Level 1:colcon.colcon_core.package_identification:_identify(src) by extension 'python'
[0.221s] Level 1:colcon.colcon_core.package_identification:_identify(src) by extensions ['python_setup_py']
[0.221s] Level 1:colcon.colcon_core.package_identification:_identify(src) by extension 'python_setup_py'
[0.221s] Level 1:colcon.colcon_core.package_identification:_identify(src/custom_interfaces) by extensions ['ignore', 'ignore_ament_install']
[0.221s] Level 1:colcon.colcon_core.package_identification:_identify(src/custom_interfaces) by extension 'ignore'
[0.221s] Level 1:colcon.colcon_core.package_identification:_identify(src/custom_interfaces) by extension 'ignore_ament_install'
[0.221s] Level 1:colcon.colcon_core.package_identification:_identify(src/custom_interfaces) by extensions ['colcon_pkg']
[0.221s] Level 1:colcon.colcon_core.package_identification:_identify(src/custom_interfaces) by extension 'colcon_pkg'
[0.221s] Level 1:colcon.colcon_core.package_identification:_identify(src/custom_interfaces) by extensions ['colcon_meta']
[0.221s] Level 1:colcon.colcon_core.package_identification:_identify(src/custom_interfaces) by extension 'colcon_meta'
[0.221s] Level 1:colcon.colcon_core.package_identification:_identify(src/custom_interfaces) by extensions ['ros']
[0.221s] Level 1:colcon.colcon_core.package_identification:_identify(src/custom_interfaces) by extension 'ros'
[0.224s] DEBUG:colcon.colcon_core.package_identification:Package 'src/custom_interfaces' with type 'ros.ament_cmake' and name 'custom_interfaces'
[0.224s] Level 1:colcon.colcon_core.package_identification:_identify(src/node_action) by extensions ['ignore', 'ignore_ament_install']
[0.224s] Level 1:colcon.colcon_core.package_identification:_identify(src/node_action) by extension 'ignore'
[0.224s] Level 1:colcon.colcon_core.package_identification:_identify(src/node_action) by extension 'ignore_ament_install'
[0.224s] Level 1:colcon.colcon_core.package_identification:_identify(src/node_action) by extensions ['colcon_pkg']
[0.224s] Level 1:colcon.colcon_core.package_identification:_identify(src/node_action) by extension 'colcon_pkg'
[0.224s] Level 1:colcon.colcon_core.package_identification:_identify(src/node_action) by extensions ['colcon_meta']
[0.224s] Level 1:colcon.colcon_core.package_identification:_identify(src/node_action) by extension 'colcon_meta'
[0.224s] Level 1:colcon.colcon_core.package_identification:_identify(src/node_action) by extensions ['ros']
[0.224s] Level 1:colcon.colcon_core.package_identification:_identify(src/node_action) by extension 'ros'
[0.224s] DEBUG:colcon.colcon_core.package_identification:Package 'src/node_action' with type 'ros.ament_cmake' and name 'node_action'
[0.225s] Level 1:colcon.colcon_core.package_identification:_identify(src/node_default) by extensions ['ignore', 'ignore_ament_install']
[0.225s] Level 1:colcon.colcon_core.package_identification:_identify(src/node_default) by extension 'ignore'
[0.225s] Level 1:colcon.colcon_core.package_identification:_identify(src/node_default) by extension 'ignore_ament_install'
[0.225s] Level 1:colcon.colcon_core.package_identification:_identify(src/node_default) by extensions ['colcon_pkg']
[0.225s] Level 1:colcon.colcon_core.package_identification:_identify(src/node_default) by extension 'colcon_pkg'
[0.225s] Level 1:colcon.colcon_core.package_identification:_identify(src/node_default) by extensions ['colcon_meta']
[0.225s] Level 1:colcon.colcon_core.package_identification:_identify(src/node_default) by extension 'colcon_meta'
[0.225s] Level 1:colcon.colcon_core.package_identification:_identify(src/node_default) by extensions ['ros']
[0.225s] Level 1:colcon.colcon_core.package_identification:_identify(src/node_default) by extension 'ros'
[0.225s] DEBUG:colcon.colcon_core.package_identification:Package 'src/node_default' with type 'ros.ament_cmake' and name 'node_default'
[0.225s] Level 1:colcon.colcon_core.package_identification:_identify(src/node_service) by extensions ['ignore', 'ignore_ament_install']
[0.225s] Level 1:colcon.colcon_core.package_identification:_identify(src/node_service) by extension 'ignore'
[0.225s] Level 1:colcon.colcon_core.package_identification:_identify(src/node_service) by extension 'ignore_ament_install'
[0.225s] Level 1:colcon.colcon_core.package_identification:_identify(src/node_service) by extensions ['colcon_pkg']
[0.225s] Level 1:colcon.colcon_core.package_identification:_identify(src/node_service) by extension 'colcon_pkg'
[0.225s] Level 1:colcon.colcon_core.package_identification:_identify(src/node_service) by extensions ['colcon_meta']
[0.225s] Level 1:colcon.colcon_core.package_identification:_identify(src/node_service) by extension 'colcon_meta'
[0.225s] Level 1:colcon.colcon_core.package_identification:_identify(src/node_service) by extensions ['ros']
[0.225s] Level 1:colcon.colcon_core.package_identification:_identify(src/node_service) by extension 'ros'
[0.226s] DEBUG:colcon.colcon_core.package_identification:Package 'src/node_service' with type 'ros.ament_cmake' and name 'node_service'
[0.226s] Level 1:colcon.colcon_core.package_identification:_identify(src/node_topic) by extensions ['ignore', 'ignore_ament_install']
[0.226s] Level 1:colcon.colcon_core.package_identification:_identify(src/node_topic) by extension 'ignore'
[0.226s] Level 1:colcon.colcon_core.package_identification:_identify(src/node_topic) by extension 'ignore_ament_install'
[0.226s] Level 1:colcon.colcon_core.package_identification:_identify(src/node_topic) by extensions ['colcon_pkg']
[0.226s] Level 1:colcon.colcon_core.package_identification:_identify(src/node_topic) by extension 'colcon_pkg'
[0.226s] Level 1:colcon.colcon_core.package_identification:_identify(src/node_topic) by extensions ['colcon_meta']
[0.226s] Level 1:colcon.colcon_core.package_identification:_identify(src/node_topic) by extension 'colcon_meta'
[0.226s] Level 1:colcon.colcon_core.package_identification:_identify(src/node_topic) by extensions ['ros']
[0.226s] Level 1:colcon.colcon_core.package_identification:_identify(src/node_topic) by extension 'ros'
[0.227s] DEBUG:colcon.colcon_core.package_identification:Package 'src/node_topic' with type 'ros.ament_cmake' and name 'node_topic'
[0.227s] Level 1:colcon.colcon_core.package_discovery:discover_packages(recursive) using defaults
[0.227s] Level 1:colcon.colcon_core.package_discovery:discover_packages(ignore) discover
[0.227s] Level 1:colcon.colcon_core.package_discovery:discover_packages(ignore) using defaults
[0.227s] Level 1:colcon.colcon_core.package_discovery:discover_packages(path) discover
[0.227s] Level 1:colcon.colcon_core.package_discovery:discover_packages(path) using defaults
[0.246s] Level 1:colcon.colcon_core.package_discovery:discover_packages(prefix_path) check parameters
[0.246s] Level 1:colcon.colcon_core.package_discovery:discover_packages(prefix_path) discover
[0.247s] DEBUG:colcon.colcon_installed_package_information.package_discovery:Found 5 installed packages in /home/ugie_home/Wook/blog_ws/install
[0.249s] DEBUG:colcon.colcon_installed_package_information.package_discovery:Found 420 installed packages in /opt/ros/humble
[0.250s] Level 1:colcon.colcon_core.package_discovery:discover_packages(prefix_path) using defaults
[0.286s] Level 5:colcon.colcon_core.verb:set package 'custom_interfaces' build argument 'cmake_args' from command line to 'None'
[0.286s] Level 5:colcon.colcon_core.verb:set package 'custom_interfaces' build argument 'cmake_target' from command line to 'None'
[0.286s] Level 5:colcon.colcon_core.verb:set package 'custom_interfaces' build argument 'cmake_target_skip_unavailable' from command line to 'False'
[0.286s] Level 5:colcon.colcon_core.verb:set package 'custom_interfaces' build argument 'cmake_clean_cache' from command line to 'False'
[0.286s] Level 5:colcon.colcon_core.verb:set package 'custom_interfaces' build argument 'cmake_clean_first' from command line to 'False'
[0.286s] Level 5:colcon.colcon_core.verb:set package 'custom_interfaces' build argument 'cmake_force_configure' from command line to 'False'
[0.286s] Level 5:colcon.colcon_core.verb:set package 'custom_interfaces' build argument 'ament_cmake_args' from command line to 'None'
[0.286s] Level 5:colcon.colcon_core.verb:set package 'custom_interfaces' build argument 'catkin_cmake_args' from command line to 'None'
[0.286s] Level 5:colcon.colcon_core.verb:set package 'custom_interfaces' build argument 'catkin_skip_building_tests' from command line to 'False'
[0.286s] DEBUG:colcon.colcon_core.verb:Building package 'custom_interfaces' with the following arguments: {'ament_cmake_args': None, 'build_base': '/home/ugie_home/Wook/blog_ws/build/custom_interfaces', 'catkin_cmake_args': None, 'catkin_skip_building_tests': False, 'cmake_args': None, 'cmake_clean_cache': False, 'cmake_clean_first': False, 'cmake_force_configure': False, 'cmake_target': None, 'cmake_target_skip_unavailable': False, 'install_base': '/home/ugie_home/Wook/blog_ws/install/custom_interfaces', 'merge_install': False, 'path': '/home/ugie_home/Wook/blog_ws/src/custom_interfaces', 'symlink_install': True, 'test_result_base': None}
[0.286s] Level 5:colcon.colcon_core.verb:set package 'node_default' build argument 'cmake_args' from command line to 'None'
[0.287s] Level 5:colcon.colcon_core.verb:set package 'node_default' build argument 'cmake_target' from command line to 'None'
[0.287s] Level 5:colcon.colcon_core.verb:set package 'node_default' build argument 'cmake_target_skip_unavailable' from command line to 'False'
[0.287s] Level 5:colcon.colcon_core.verb:set package 'node_default' build argument 'cmake_clean_cache' from command line to 'False'
[0.287s] Level 5:colcon.colcon_core.verb:set package 'node_default' build argument 'cmake_clean_first' from command line to 'False'
[0.287s] Level 5:colcon.colcon_core.verb:set package 'node_default' build argument 'cmake_force_configure' from command line to 'False'
[0.287s] Level 5:colcon.colcon_core.verb:set package 'node_default' build argument 'ament_cmake_args' from command line to 'None'
[0.287s] Level 5:colcon.colcon_core.verb:set package 'node_default' build argument 'catkin_cmake_args' from command line to 'None'
[0.287s] Level 5:colcon.colcon_core.verb:set package 'node_default' build argument 'catkin_skip_building_tests' from command line to 'False'
[0.287s] DEBUG:colcon.colcon_core.verb:Building package 'node_default' with the following arguments: {'ament_cmake_args': None, 'build_base': '/home/ugie_home/Wook/blog_ws/build/node_default', 'catkin_cmake_args': None, 'catkin_skip_building_tests': False, 'cmake_args': None, 'cmake_clean_cache': False, 'cmake_clean_first': False, 'cmake_force_configure': False, 'cmake_target': None, 'cmake_target_skip_unavailable': False, 'install_base': '/home/ugie_home/Wook/blog_ws/install/node_default', 'merge_install': False, 'path': '/home/ugie_home/Wook/blog_ws/src/node_default', 'symlink_install': True, 'test_result_base': None}
[0.287s] Level 5:colcon.colcon_core.verb:set package 'node_service' build argument 'cmake_args' from command line to 'None'
[0.287s] Level 5:colcon.colcon_core.verb:set package 'node_service' build argument 'cmake_target' from command line to 'None'
[0.287s] Level 5:colcon.colcon_core.verb:set package 'node_service' build argument 'cmake_target_skip_unavailable' from command line to 'False'
[0.287s] Level 5:colcon.colcon_core.verb:set package 'node_service' build argument 'cmake_clean_cache' from command line to 'False'
[0.287s] Level 5:colcon.colcon_core.verb:set package 'node_service' build argument 'cmake_clean_first' from command line to 'False'
[0.287s] Level 5:colcon.colcon_core.verb:set package 'node_service' build argument 'cmake_force_configure' from command line to 'False'
[0.287s] Level 5:colcon.colcon_core.verb:set package 'node_service' build argument 'ament_cmake_args' from command line to 'None'
[0.287s] Level 5:colcon.colcon_core.verb:set package 'node_service' build argument 'catkin_cmake_args' from command line to 'None'
[0.287s] Level 5:colcon.colcon_core.verb:set package 'node_service' build argument 'catkin_skip_building_tests' from command line to 'False'
[0.287s] DEBUG:colcon.colcon_core.verb:Building package 'node_service' with the following arguments: {'ament_cmake_args': None, 'build_base': '/home/ugie_home/Wook/blog_ws/build/node_service', 'catkin_cmake_args': None, 'catkin_skip_building_tests': False, 'cmake_args': None, 'cmake_clean_cache': False, 'cmake_clean_first': False, 'cmake_force_configure': False, 'cmake_target': None, 'cmake_target_skip_unavailable': False, 'install_base': '/home/ugie_home/Wook/blog_ws/install/node_service', 'merge_install': False, 'path': '/home/ugie_home/Wook/blog_ws/src/node_service', 'symlink_install': True, 'test_result_base': None}
[0.287s] Level 5:colcon.colcon_core.verb:set package 'node_topic' build argument 'cmake_args' from command line to 'None'
[0.287s] Level 5:colcon.colcon_core.verb:set package 'node_topic' build argument 'cmake_target' from command line to 'None'
[0.287s] Level 5:colcon.colcon_core.verb:set package 'node_topic' build argument 'cmake_target_skip_unavailable' from command line to 'False'
[0.287s] Level 5:colcon.colcon_core.verb:set package 'node_topic' build argument 'cmake_clean_cache' from command line to 'False'
[0.287s] Level 5:colcon.colcon_core.verb:set package 'node_topic' build argument 'cmake_clean_first' from command line to 'False'
[0.287s] Level 5:colcon.colcon_core.verb:set package 'node_topic' build argument 'cmake_force_configure' from command line to 'False'
[0.287s] Level 5:colcon.colcon_core.verb:set package 'node_topic' build argument 'ament_cmake_args' from command line to 'None'
[0.287s] Level 5:colcon.colcon_core.verb:set package 'node_topic' build argument 'catkin_cmake_args' from command line to 'None'
[0.287s] Level 5:colcon.colcon_core.verb:set package 'node_topic' build argument 'catkin_skip_building_tests' from command line to 'False'
[0.287s] DEBUG:colcon.colcon_core.verb:Building package 'node_topic' with the following arguments: {'ament_cmake_args': None, 'build_base': '/home/ugie_home/Wook/blog_ws/build/node_topic', 'catkin_cmake_args': None, 'catkin_skip_building_tests': False, 'cmake_args': None, 'cmake_clean_cache': False, 'cmake_clean_first': False, 'cmake_force_configure': False, 'cmake_target': None, 'cmake_target_skip_unavailable': False, 'install_base': '/home/ugie_home/Wook/blog_ws/install/node_topic', 'merge_install': False, 'path': '/home/ugie_home/Wook/blog_ws/src/node_topic', 'symlink_install': True, 'test_result_base': None}
[0.288s] Level 5:colcon.colcon_core.verb:set package 'node_action' build argument 'cmake_args' from command line to 'None'
[0.288s] Level 5:colcon.colcon_core.verb:set package 'node_action' build argument 'cmake_target' from command line to 'None'
[0.288s] Level 5:colcon.colcon_core.verb:set package 'node_action' build argument 'cmake_target_skip_unavailable' from command line to 'False'
[0.288s] Level 5:colcon.colcon_core.verb:set package 'node_action' build argument 'cmake_clean_cache' from command line to 'False'
[0.288s] Level 5:colcon.colcon_core.verb:set package 'node_action' build argument 'cmake_clean_first' from command line to 'False'
[0.288s] Level 5:colcon.colcon_core.verb:set package 'node_action' build argument 'cmake_force_configure' from command line to 'False'
[0.288s] Level 5:colcon.colcon_core.verb:set package 'node_action' build argument 'ament_cmake_args' from command line to 'None'
[0.288s] Level 5:colcon.colcon_core.verb:set package 'node_action' build argument 'catkin_cmake_args' from command line to 'None'
[0.288s] Level 5:colcon.colcon_core.verb:set package 'node_action' build argument 'catkin_skip_building_tests' from command line to 'False'
[0.288s] DEBUG:colcon.colcon_core.verb:Building package 'node_action' with the following arguments: {'ament_cmake_args': None, 'build_base': '/home/ugie_home/Wook/blog_ws/build/node_action', 'catkin_cmake_args': None, 'catkin_skip_building_tests': False, 'cmake_args': None, 'cmake_clean_cache': False, 'cmake_clean_first': False, 'cmake_force_configure': False, 'cmake_target': None, 'cmake_target_skip_unavailable': False, 'install_base': '/home/ugie_home/Wook/blog_ws/install/node_action', 'merge_install': False, 'path': '/home/ugie_home/Wook/blog_ws/src/node_action', 'symlink_install': True, 'test_result_base': None}
[0.288s] INFO:colcon.colcon_core.executor:Executing jobs using 'parallel' executor
[0.289s] DEBUG:colcon.colcon_parallel_executor.executor.parallel:run_until_complete
[0.289s] INFO:colcon.colcon_ros.task.ament_cmake.build:Building ROS package in '/home/ugie_home/Wook/blog_ws/src/custom_interfaces' with build type 'ament_cmake'
[0.289s] INFO:colcon.colcon_cmake.task.cmake.build:Building CMake package in '/home/ugie_home/Wook/blog_ws/src/custom_interfaces'
[0.290s] INFO:colcon.colcon_core.plugin_system:Skipping extension 'colcon_core.shell.bat': Not used on non-Windows systems
[0.290s] INFO:colcon.colcon_core.shell:Skip shell extension 'powershell' for command environment: Not usable outside of PowerShell
[0.290s] DEBUG:colcon.colcon_core.shell:Skip shell extension 'dsv' for command environment
[0.293s] INFO:colcon.colcon_ros.task.ament_cmake.build:Building ROS package in '/home/ugie_home/Wook/blog_ws/src/node_default' with build type 'ament_cmake'
[0.293s] INFO:colcon.colcon_cmake.task.cmake.build:Building CMake package in '/home/ugie_home/Wook/blog_ws/src/node_default'
[0.294s] INFO:colcon.colcon_core.shell:Skip shell extension 'powershell' for command environment: Not usable outside of PowerShell
[0.294s] DEBUG:colcon.colcon_core.shell:Skip shell extension 'dsv' for command environment
[0.296s] INFO:colcon.colcon_ros.task.ament_cmake.build:Building ROS package in '/home/ugie_home/Wook/blog_ws/src/node_service' with build type 'ament_cmake'
[0.296s] INFO:colcon.colcon_cmake.task.cmake.build:Building CMake package in '/home/ugie_home/Wook/blog_ws/src/node_service'
[0.296s] INFO:colcon.colcon_core.shell:Skip shell extension 'powershell' for command environment: Not usable outside of PowerShell
[0.296s] DEBUG:colcon.colcon_core.shell:Skip shell extension 'dsv' for command environment
[0.299s] INFO:colcon.colcon_ros.task.ament_cmake.build:Building ROS package in '/home/ugie_home/Wook/blog_ws/src/node_topic' with build type 'ament_cmake'
[0.299s] INFO:colcon.colcon_cmake.task.cmake.build:Building CMake package in '/home/ugie_home/Wook/blog_ws/src/node_topic'
[0.299s] INFO:colcon.colcon_core.shell:Skip shell extension 'powershell' for command environment: Not usable outside of PowerShell
[0.299s] DEBUG:colcon.colcon_core.shell:Skip shell extension 'dsv' for command environment
[0.305s] DEBUG:colcon.colcon_core.event_handler.log_command:Invoking command in '/home/ugie_home/Wook/blog_ws/build/custom_interfaces': CMAKE_PREFIX_PATH=${CMAKE_PREFIX_PATH}:/opt/ros/humble /usr/bin/cmake --build /home/ugie_home/Wook/blog_ws/build/custom_interfaces -- -j12 -l12
[0.307s] DEBUG:colcon.colcon_core.event_handler.log_command:Invoking command in '/home/ugie_home/Wook/blog_ws/build/node_default': CMAKE_PREFIX_PATH=${CMAKE_PREFIX_PATH}:/opt/ros/humble /usr/bin/cmake --build /home/ugie_home/Wook/blog_ws/build/node_default -- -j12 -l12
[0.309s] DEBUG:colcon.colcon_core.event_handler.log_command:Invoking command in '/home/ugie_home/Wook/blog_ws/build/node_service': CMAKE_PREFIX_PATH=${CMAKE_PREFIX_PATH}:/opt/ros/humble /usr/bin/cmake --build /home/ugie_home/Wook/blog_ws/build/node_service -- -j12 -l12
[0.312s] DEBUG:colcon.colcon_core.event_handler.log_command:Invoking command in '/home/ugie_home/Wook/blog_ws/build/node_topic': CMAKE_PREFIX_PATH=${CMAKE_PREFIX_PATH}:/opt/ros/humble /usr/bin/cmake --build /home/ugie_home/Wook/blog_ws/build/node_topic -- -j12 -l12
[0.368s] DEBUG:colcon.colcon_core.event_handler.log_command:Invoked command in '/home/ugie_home/Wook/blog_ws/build/node_default' returned '0': CMAKE_PREFIX_PATH=${CMAKE_PREFIX_PATH}:/opt/ros/humble /usr/bin/cmake --build /home/ugie_home/Wook/blog_ws/build/node_default -- -j12 -l12
[0.376s] DEBUG:colcon.colcon_core.event_handler.log_command:Invoking command in '/home/ugie_home/Wook/blog_ws/build/node_default': CMAKE_PREFIX_PATH=${CMAKE_PREFIX_PATH}:/opt/ros/humble /usr/bin/cmake --install /home/ugie_home/Wook/blog_ws/build/node_default
[0.377s] DEBUG:colcon.colcon_core.event_handler.log_command:Invoked command in '/home/ugie_home/Wook/blog_ws/build/node_service' returned '0': CMAKE_PREFIX_PATH=${CMAKE_PREFIX_PATH}:/opt/ros/humble /usr/bin/cmake --build /home/ugie_home/Wook/blog_ws/build/node_service -- -j12 -l12
[0.378s] DEBUG:colcon.colcon_core.event_handler.log_command:Invoking command in '/home/ugie_home/Wook/blog_ws/build/node_service': CMAKE_PREFIX_PATH=${CMAKE_PREFIX_PATH}:/opt/ros/humble /usr/bin/cmake --install /home/ugie_home/Wook/blog_ws/build/node_service
[0.379s] DEBUG:colcon.colcon_core.event_handler.log_command:Invoked command in '/home/ugie_home/Wook/blog_ws/build/node_topic' returned '0': CMAKE_PREFIX_PATH=${CMAKE_PREFIX_PATH}:/opt/ros/humble /usr/bin/cmake --build /home/ugie_home/Wook/blog_ws/build/node_topic -- -j12 -l12
[0.380s] DEBUG:colcon.colcon_core.event_handler.log_command:Invoking command in '/home/ugie_home/Wook/blog_ws/build/node_topic': CMAKE_PREFIX_PATH=${CMAKE_PREFIX_PATH}:/opt/ros/humble /usr/bin/cmake --install /home/ugie_home/Wook/blog_ws/build/node_topic
[0.392s] Level 1:colcon.colcon_core.environment:create_environment_scripts_only(node_default)
[0.394s] DEBUG:colcon.colcon_core.event_handler.log_command:Invoked command in '/home/ugie_home/Wook/blog_ws/build/node_default' returned '0': CMAKE_PREFIX_PATH=${CMAKE_PREFIX_PATH}:/opt/ros/humble /usr/bin/cmake --install /home/ugie_home/Wook/blog_ws/build/node_default
[0.396s] Level 1:colcon.colcon_core.environment:checking '/home/ugie_home/Wook/blog_ws/install/node_default' for CMake module files
[0.396s] Level 1:colcon.colcon_core.environment:checking '/home/ugie_home/Wook/blog_ws/install/node_default' for CMake config files
[0.396s] Level 1:colcon.colcon_core.shell:create_environment_hook('node_default', 'cmake_prefix_path')
[0.397s] INFO:colcon.colcon_core.shell:Creating environment hook '/home/ugie_home/Wook/blog_ws/install/node_default/share/node_default/hook/cmake_prefix_path.ps1'
[0.397s] INFO:colcon.colcon_core.shell:Creating environment descriptor '/home/ugie_home/Wook/blog_ws/install/node_default/share/node_default/hook/cmake_prefix_path.dsv'
[0.398s] INFO:colcon.colcon_core.shell:Creating environment hook '/home/ugie_home/Wook/blog_ws/install/node_default/share/node_default/hook/cmake_prefix_path.sh'
[0.399s] Level 1:colcon.colcon_core.environment:checking '/home/ugie_home/Wook/blog_ws/install/node_default/lib'
[0.399s] Level 1:colcon.colcon_core.environment:checking '/home/ugie_home/Wook/blog_ws/install/node_default/bin'
[0.399s] Level 1:colcon.colcon_core.environment:checking '/home/ugie_home/Wook/blog_ws/install/node_default/lib/pkgconfig/node_default.pc'
[0.399s] Level 1:colcon.colcon_core.environment:checking '/home/ugie_home/Wook/blog_ws/install/node_default/lib/python3.10/site-packages'
[0.399s] Level 1:colcon.colcon_core.environment:checking '/home/ugie_home/Wook/blog_ws/install/node_default/bin'
[0.400s] INFO:colcon.colcon_core.shell:Creating package script '/home/ugie_home/Wook/blog_ws/install/node_default/share/node_default/package.ps1'
[0.400s] INFO:colcon.colcon_core.shell:Creating package descriptor '/home/ugie_home/Wook/blog_ws/install/node_default/share/node_default/package.dsv'
[0.401s] INFO:colcon.colcon_core.shell:Creating package script '/home/ugie_home/Wook/blog_ws/install/node_default/share/node_default/package.sh'
[0.402s] INFO:colcon.colcon_core.shell:Creating package script '/home/ugie_home/Wook/blog_ws/install/node_default/share/node_default/package.bash'
[0.403s] INFO:colcon.colcon_core.shell:Creating package script '/home/ugie_home/Wook/blog_ws/install/node_default/share/node_default/package.zsh'
[0.403s] Level 1:colcon.colcon_core.environment:create_file_with_runtime_dependencies(/home/ugie_home/Wook/blog_ws/install/node_default/share/colcon-core/packages/node_default)
[0.404s] Level 1:colcon.colcon_core.environment:create_environment_scripts_only(node_default)
[0.404s] Level 1:colcon.colcon_core.environment:checking '/home/ugie_home/Wook/blog_ws/install/node_default' for CMake module files
[0.404s] Level 1:colcon.colcon_core.environment:checking '/home/ugie_home/Wook/blog_ws/install/node_default' for CMake config files
[0.404s] Level 1:colcon.colcon_core.shell:create_environment_hook('node_default', 'cmake_prefix_path')
[0.404s] INFO:colcon.colcon_core.shell:Creating environment hook '/home/ugie_home/Wook/blog_ws/install/node_default/share/node_default/hook/cmake_prefix_path.ps1'
[0.405s] INFO:colcon.colcon_core.shell:Creating environment descriptor '/home/ugie_home/Wook/blog_ws/install/node_default/share/node_default/hook/cmake_prefix_path.dsv'
[0.405s] INFO:colcon.colcon_core.shell:Creating environment hook '/home/ugie_home/Wook/blog_ws/install/node_default/share/node_default/hook/cmake_prefix_path.sh'
[0.405s] Level 1:colcon.colcon_core.environment:checking '/home/ugie_home/Wook/blog_ws/install/node_default/lib'
[0.405s] Level 1:colcon.colcon_core.environment:checking '/home/ugie_home/Wook/blog_ws/install/node_default/bin'
[0.405s] Level 1:colcon.colcon_core.environment:checking '/home/ugie_home/Wook/blog_ws/install/node_default/lib/pkgconfig/node_default.pc'
[0.406s] Level 1:colcon.colcon_core.environment:checking '/home/ugie_home/Wook/blog_ws/install/node_default/lib/python3.10/site-packages'
[0.406s] Level 1:colcon.colcon_core.environment:checking '/home/ugie_home/Wook/blog_ws/install/node_default/bin'
[0.406s] INFO:colcon.colcon_core.shell:Creating package script '/home/ugie_home/Wook/blog_ws/install/node_default/share/node_default/package.ps1'
[0.406s] INFO:colcon.colcon_core.shell:Creating package descriptor '/home/ugie_home/Wook/blog_ws/install/node_default/share/node_default/package.dsv'
[0.407s] INFO:colcon.colcon_core.shell:Creating package script '/home/ugie_home/Wook/blog_ws/install/node_default/share/node_default/package.sh'
[0.407s] INFO:colcon.colcon_core.shell:Creating package script '/home/ugie_home/Wook/blog_ws/install/node_default/share/node_default/package.bash'
[0.407s] INFO:colcon.colcon_core.shell:Creating package script '/home/ugie_home/Wook/blog_ws/install/node_default/share/node_default/package.zsh'
[0.407s] Level 1:colcon.colcon_core.environment:create_file_with_runtime_dependencies(/home/ugie_home/Wook/blog_ws/install/node_default/share/colcon-core/packages/node_default)
[0.408s] Level 1:colcon.colcon_core.environment:create_environment_scripts_only(node_topic)
[0.409s] Level 1:colcon.colcon_core.environment:checking '/home/ugie_home/Wook/blog_ws/install/node_topic' for CMake module files
[0.409s] DEBUG:colcon.colcon_core.event_handler.log_command:Invoked command in '/home/ugie_home/Wook/blog_ws/build/node_topic' returned '0': CMAKE_PREFIX_PATH=${CMAKE_PREFIX_PATH}:/opt/ros/humble /usr/bin/cmake --install /home/ugie_home/Wook/blog_ws/build/node_topic
[0.409s] Level 1:colcon.colcon_core.environment:checking '/home/ugie_home/Wook/blog_ws/install/node_topic' for CMake config files
[0.410s] Level 1:colcon.colcon_core.shell:create_environment_hook('node_topic', 'cmake_prefix_path')
[0.410s] INFO:colcon.colcon_core.shell:Creating environment hook '/home/ugie_home/Wook/blog_ws/install/node_topic/share/node_topic/hook/cmake_prefix_path.ps1'
[0.410s] INFO:colcon.colcon_core.shell:Creating environment descriptor '/home/ugie_home/Wook/blog_ws/install/node_topic/share/node_topic/hook/cmake_prefix_path.dsv'
[0.411s] INFO:colcon.colcon_core.shell:Creating environment hook '/home/ugie_home/Wook/blog_ws/install/node_topic/share/node_topic/hook/cmake_prefix_path.sh'
[0.411s] Level 1:colcon.colcon_core.environment:checking '/home/ugie_home/Wook/blog_ws/install/node_topic/lib'
[0.411s] Level 1:colcon.colcon_core.environment:checking '/home/ugie_home/Wook/blog_ws/install/node_topic/bin'
[0.411s] Level 1:colcon.colcon_core.environment:checking '/home/ugie_home/Wook/blog_ws/install/node_topic/lib/pkgconfig/node_topic.pc'
[0.411s] Level 1:colcon.colcon_core.environment:checking '/home/ugie_home/Wook/blog_ws/install/node_topic/lib/python3.10/site-packages'
[0.412s] Level 1:colcon.colcon_core.environment:checking '/home/ugie_home/Wook/blog_ws/install/node_topic/bin'
[0.412s] INFO:colcon.colcon_core.shell:Creating package script '/home/ugie_home/Wook/blog_ws/install/node_topic/share/node_topic/package.ps1'
[0.412s] INFO:colcon.colcon_core.shell:Creating package descriptor '/home/ugie_home/Wook/blog_ws/install/node_topic/share/node_topic/package.dsv'
[0.413s] INFO:colcon.colcon_core.shell:Creating package script '/home/ugie_home/Wook/blog_ws/install/node_topic/share/node_topic/package.sh'
[0.413s] INFO:colcon.colcon_core.shell:Creating package script '/home/ugie_home/Wook/blog_ws/install/node_topic/share/node_topic/package.bash'
[0.413s] INFO:colcon.colcon_core.shell:Creating package script '/home/ugie_home/Wook/blog_ws/install/node_topic/share/node_topic/package.zsh'
[0.414s] Level 1:colcon.colcon_core.environment:create_file_with_runtime_dependencies(/home/ugie_home/Wook/blog_ws/install/node_topic/share/colcon-core/packages/node_topic)
[0.414s] Level 1:colcon.colcon_core.environment:create_environment_scripts_only(node_topic)
[0.414s] Level 1:colcon.colcon_core.environment:checking '/home/ugie_home/Wook/blog_ws/install/node_topic' for CMake module files
[0.415s] Level 1:colcon.colcon_core.environment:checking '/home/ugie_home/Wook/blog_ws/install/node_topic' for CMake config files
[0.415s] Level 1:colcon.colcon_core.shell:create_environment_hook('node_topic', 'cmake_prefix_path')
[0.416s] INFO:colcon.colcon_core.shell:Creating environment hook '/home/ugie_home/Wook/blog_ws/install/node_topic/share/node_topic/hook/cmake_prefix_path.ps1'
[0.416s] INFO:colcon.colcon_core.shell:Creating environment descriptor '/home/ugie_home/Wook/blog_ws/install/node_topic/share/node_topic/hook/cmake_prefix_path.dsv'
[0.416s] INFO:colcon.colcon_core.shell:Creating environment hook '/home/ugie_home/Wook/blog_ws/install/node_topic/share/node_topic/hook/cmake_prefix_path.sh'
[0.417s] Level 1:colcon.colcon_core.environment:checking '/home/ugie_home/Wook/blog_ws/install/node_topic/lib'
[0.417s] Level 1:colcon.colcon_core.environment:checking '/home/ugie_home/Wook/blog_ws/install/node_topic/bin'
[0.417s] Level 1:colcon.colcon_core.environment:checking '/home/ugie_home/Wook/blog_ws/install/node_topic/lib/pkgconfig/node_topic.pc'
[0.417s] Level 1:colcon.colcon_core.environment:checking '/home/ugie_home/Wook/blog_ws/install/node_topic/lib/python3.10/site-packages'
[0.417s] Level 1:colcon.colcon_core.environment:checking '/home/ugie_home/Wook/blog_ws/install/node_topic/bin'
[0.418s] INFO:colcon.colcon_core.shell:Creating package script '/home/ugie_home/Wook/blog_ws/install/node_topic/share/node_topic/package.ps1'
[0.418s] INFO:colcon.colcon_core.shell:Creating package descriptor '/home/ugie_home/Wook/blog_ws/install/node_topic/share/node_topic/package.dsv'
[0.418s] INFO:colcon.colcon_core.shell:Creating package script '/home/ugie_home/Wook/blog_ws/install/node_topic/share/node_topic/package.sh'
[0.419s] INFO:colcon.colcon_core.shell:Creating package script '/home/ugie_home/Wook/blog_ws/install/node_topic/share/node_topic/package.bash'
[0.419s] INFO:colcon.colcon_core.shell:Creating package script '/home/ugie_home/Wook/blog_ws/install/node_topic/share/node_topic/package.zsh'
[0.420s] Level 1:colcon.colcon_core.environment:create_file_with_runtime_dependencies(/home/ugie_home/Wook/blog_ws/install/node_topic/share/colcon-core/packages/node_topic)
[0.420s] Level 1:colcon.colcon_core.environment:create_environment_scripts_only(node_service)
[0.420s] Level 1:colcon.colcon_core.environment:checking '/home/ugie_home/Wook/blog_ws/install/node_service' for CMake module files
[0.421s] DEBUG:colcon.colcon_core.event_handler.log_command:Invoked command in '/home/ugie_home/Wook/blog_ws/build/node_service' returned '0': CMAKE_PREFIX_PATH=${CMAKE_PREFIX_PATH}:/opt/ros/humble /usr/bin/cmake --install /home/ugie_home/Wook/blog_ws/build/node_service
[0.421s] Level 1:colcon.colcon_core.environment:checking '/home/ugie_home/Wook/blog_ws/install/node_service' for CMake config files
[0.421s] Level 1:colcon.colcon_core.shell:create_environment_hook('node_service', 'cmake_prefix_path')
[0.421s] INFO:colcon.colcon_core.shell:Creating environment hook '/home/ugie_home/Wook/blog_ws/install/node_service/share/node_service/hook/cmake_prefix_path.ps1'
[0.421s] INFO:colcon.colcon_core.shell:Creating environment descriptor '/home/ugie_home/Wook/blog_ws/install/node_service/share/node_service/hook/cmake_prefix_path.dsv'
[0.422s] INFO:colcon.colcon_core.shell:Creating environment hook '/home/ugie_home/Wook/blog_ws/install/node_service/share/node_service/hook/cmake_prefix_path.sh'
[0.422s] Level 1:colcon.colcon_core.environment:checking '/home/ugie_home/Wook/blog_ws/install/node_service/lib'
[0.422s] Level 1:colcon.colcon_core.environment:checking '/home/ugie_home/Wook/blog_ws/install/node_service/bin'
[0.422s] Level 1:colcon.colcon_core.environment:checking '/home/ugie_home/Wook/blog_ws/install/node_service/lib/pkgconfig/node_service.pc'
[0.422s] Level 1:colcon.colcon_core.environment:checking '/home/ugie_home/Wook/blog_ws/install/node_service/lib/python3.10/site-packages'
[0.422s] Level 1:colcon.colcon_core.environment:checking '/home/ugie_home/Wook/blog_ws/install/node_service/bin'
[0.423s] INFO:colcon.colcon_core.shell:Creating package script '/home/ugie_home/Wook/blog_ws/install/node_service/share/node_service/package.ps1'
[0.423s] INFO:colcon.colcon_core.shell:Creating package descriptor '/home/ugie_home/Wook/blog_ws/install/node_service/share/node_service/package.dsv'
[0.423s] INFO:colcon.colcon_core.shell:Creating package script '/home/ugie_home/Wook/blog_ws/install/node_service/share/node_service/package.sh'
[0.423s] INFO:colcon.colcon_core.shell:Creating package script '/home/ugie_home/Wook/blog_ws/install/node_service/share/node_service/package.bash'
[0.424s] INFO:colcon.colcon_core.shell:Creating package script '/home/ugie_home/Wook/blog_ws/install/node_service/share/node_service/package.zsh'
[0.424s] Level 1:colcon.colcon_core.environment:create_file_with_runtime_dependencies(/home/ugie_home/Wook/blog_ws/install/node_service/share/colcon-core/packages/node_service)
[0.424s] Level 1:colcon.colcon_core.environment:create_environment_scripts_only(node_service)
[0.424s] Level 1:colcon.colcon_core.environment:checking '/home/ugie_home/Wook/blog_ws/install/node_service' for CMake module files
[0.425s] Level 1:colcon.colcon_core.environment:checking '/home/ugie_home/Wook/blog_ws/install/node_service' for CMake config files
[0.425s] Level 1:colcon.colcon_core.shell:create_environment_hook('node_service', 'cmake_prefix_path')
[0.425s] INFO:colcon.colcon_core.shell:Creating environment hook '/home/ugie_home/Wook/blog_ws/install/node_service/share/node_service/hook/cmake_prefix_path.ps1'
[0.425s] INFO:colcon.colcon_core.shell:Creating environment descriptor '/home/ugie_home/Wook/blog_ws/install/node_service/share/node_service/hook/cmake_prefix_path.dsv'
[0.426s] INFO:colcon.colcon_core.shell:Creating environment hook '/home/ugie_home/Wook/blog_ws/install/node_service/share/node_service/hook/cmake_prefix_path.sh'
[0.426s] Level 1:colcon.colcon_core.environment:checking '/home/ugie_home/Wook/blog_ws/install/node_service/lib'
[0.426s] Level 1:colcon.colcon_core.environment:checking '/home/ugie_home/Wook/blog_ws/install/node_service/bin'
[0.426s] Level 1:colcon.colcon_core.environment:checking '/home/ugie_home/Wook/blog_ws/install/node_service/lib/pkgconfig/node_service.pc'
[0.426s] Level 1:colcon.colcon_core.environment:checking '/home/ugie_home/Wook/blog_ws/install/node_service/lib/python3.10/site-packages'
[0.426s] Level 1:colcon.colcon_core.environment:checking '/home/ugie_home/Wook/blog_ws/install/node_service/bin'
[0.427s] INFO:colcon.colcon_core.shell:Creating package script '/home/ugie_home/Wook/blog_ws/install/node_service/share/node_service/package.ps1'
[0.427s] INFO:colcon.colcon_core.shell:Creating package descriptor '/home/ugie_home/Wook/blog_ws/install/node_service/share/node_service/package.dsv'
[0.427s] INFO:colcon.colcon_core.shell:Creating package script '/home/ugie_home/Wook/blog_ws/install/node_service/share/node_service/package.sh'
[0.428s] INFO:colcon.colcon_core.shell:Creating package script '/home/ugie_home/Wook/blog_ws/install/node_service/share/node_service/package.bash'
[0.428s] INFO:colcon.colcon_core.shell:Creating package script '/home/ugie_home/Wook/blog_ws/install/node_service/share/node_service/package.zsh'
[0.428s] Level 1:colcon.colcon_core.environment:create_file_with_runtime_dependencies(/home/ugie_home/Wook/blog_ws/install/node_service/share/colcon-core/packages/node_service)
[0.577s] DEBUG:colcon.colcon_core.event_handler.log_command:Invoked command in '/home/ugie_home/Wook/blog_ws/build/custom_interfaces' returned '0': CMAKE_PREFIX_PATH=${CMAKE_PREFIX_PATH}:/opt/ros/humble /usr/bin/cmake --build /home/ugie_home/Wook/blog_ws/build/custom_interfaces -- -j12 -l12
[0.578s] DEBUG:colcon.colcon_core.event_handler.log_command:Invoking command in '/home/ugie_home/Wook/blog_ws/build/custom_interfaces': CMAKE_PREFIX_PATH=${CMAKE_PREFIX_PATH}:/opt/ros/humble /usr/bin/cmake --install /home/ugie_home/Wook/blog_ws/build/custom_interfaces
[0.630s] Level 1:colcon.colcon_core.environment:create_environment_scripts_only(custom_interfaces)
[0.630s] Level 1:colcon.colcon_core.environment:checking '/home/ugie_home/Wook/blog_ws/install/custom_interfaces' for CMake module files
[0.631s] DEBUG:colcon.colcon_core.event_handler.log_command:Invoked command in '/home/ugie_home/Wook/blog_ws/build/custom_interfaces' returned '0': CMAKE_PREFIX_PATH=${CMAKE_PREFIX_PATH}:/opt/ros/humble /usr/bin/cmake --install /home/ugie_home/Wook/blog_ws/build/custom_interfaces
[0.631s] Level 1:colcon.colcon_core.environment:checking '/home/ugie_home/Wook/blog_ws/install/custom_interfaces' for CMake config files
[0.632s] Level 1:colcon.colcon_core.shell:create_environment_hook('custom_interfaces', 'cmake_prefix_path')
[0.632s] INFO:colcon.colcon_core.shell:Creating environment hook '/home/ugie_home/Wook/blog_ws/install/custom_interfaces/share/custom_interfaces/hook/cmake_prefix_path.ps1'
[0.632s] INFO:colcon.colcon_core.shell:Creating environment descriptor '/home/ugie_home/Wook/blog_ws/install/custom_interfaces/share/custom_interfaces/hook/cmake_prefix_path.dsv'
[0.632s] INFO:colcon.colcon_core.shell:Creating environment hook '/home/ugie_home/Wook/blog_ws/install/custom_interfaces/share/custom_interfaces/hook/cmake_prefix_path.sh'
[0.633s] Level 1:colcon.colcon_core.environment:checking '/home/ugie_home/Wook/blog_ws/install/custom_interfaces/lib'
[0.633s] Level 1:colcon.colcon_core.shell:create_environment_hook('custom_interfaces', 'ld_library_path_lib')
[0.633s] INFO:colcon.colcon_core.shell:Creating environment hook '/home/ugie_home/Wook/blog_ws/install/custom_interfaces/share/custom_interfaces/hook/ld_library_path_lib.ps1'
[0.633s] INFO:colcon.colcon_core.shell:Creating environment descriptor '/home/ugie_home/Wook/blog_ws/install/custom_interfaces/share/custom_interfaces/hook/ld_library_path_lib.dsv'
[0.634s] INFO:colcon.colcon_core.shell:Creating environment hook '/home/ugie_home/Wook/blog_ws/install/custom_interfaces/share/custom_interfaces/hook/ld_library_path_lib.sh'
[0.634s] Level 1:colcon.colcon_core.environment:checking '/home/ugie_home/Wook/blog_ws/install/custom_interfaces/bin'
[0.634s] Level 1:colcon.colcon_core.environment:checking '/home/ugie_home/Wook/blog_ws/install/custom_interfaces/lib/pkgconfig/custom_interfaces.pc'
[0.634s] Level 1:colcon.colcon_core.environment:checking '/home/ugie_home/Wook/blog_ws/install/custom_interfaces/lib/python3.10/site-packages'
[0.635s] Level 1:colcon.colcon_core.environment:checking '/home/ugie_home/Wook/blog_ws/install/custom_interfaces/bin'
[0.635s] INFO:colcon.colcon_core.shell:Creating package script '/home/ugie_home/Wook/blog_ws/install/custom_interfaces/share/custom_interfaces/package.ps1'
[0.635s] INFO:colcon.colcon_core.shell:Creating package descriptor '/home/ugie_home/Wook/blog_ws/install/custom_interfaces/share/custom_interfaces/package.dsv'
[0.636s] INFO:colcon.colcon_core.shell:Creating package script '/home/ugie_home/Wook/blog_ws/install/custom_interfaces/share/custom_interfaces/package.sh'
[0.636s] INFO:colcon.colcon_core.shell:Creating package script '/home/ugie_home/Wook/blog_ws/install/custom_interfaces/share/custom_interfaces/package.bash'
[0.636s] INFO:colcon.colcon_core.shell:Creating package script '/home/ugie_home/Wook/blog_ws/install/custom_interfaces/share/custom_interfaces/package.zsh'
[0.637s] Level 1:colcon.colcon_core.environment:create_file_with_runtime_dependencies(/home/ugie_home/Wook/blog_ws/install/custom_interfaces/share/colcon-core/packages/custom_interfaces)
[0.637s] Level 1:colcon.colcon_core.environment:create_environment_scripts_only(custom_interfaces)
[0.637s] Level 1:colcon.colcon_core.environment:checking '/home/ugie_home/Wook/blog_ws/install/custom_interfaces' for CMake module files
[0.638s] Level 1:colcon.colcon_core.environment:checking '/home/ugie_home/Wook/blog_ws/install/custom_interfaces' for CMake config files
[0.638s] Level 1:colcon.colcon_core.shell:create_environment_hook('custom_interfaces', 'cmake_prefix_path')
[0.638s] INFO:colcon.colcon_core.shell:Creating environment hook '/home/ugie_home/Wook/blog_ws/install/custom_interfaces/share/custom_interfaces/hook/cmake_prefix_path.ps1'
[0.639s] INFO:colcon.colcon_core.shell:Creating environment descriptor '/home/ugie_home/Wook/blog_ws/install/custom_interfaces/share/custom_interfaces/hook/cmake_prefix_path.dsv'
[0.639s] INFO:colcon.colcon_core.shell:Creating environment hook '/home/ugie_home/Wook/blog_ws/install/custom_interfaces/share/custom_interfaces/hook/cmake_prefix_path.sh'
[0.640s] Level 1:colcon.colcon_core.environment:checking '/home/ugie_home/Wook/blog_ws/install/custom_interfaces/lib'
[0.640s] Level 1:colcon.colcon_core.shell:create_environment_hook('custom_interfaces', 'ld_library_path_lib')
[0.640s] INFO:colcon.colcon_core.shell:Creating environment hook '/home/ugie_home/Wook/blog_ws/install/custom_interfaces/share/custom_interfaces/hook/ld_library_path_lib.ps1'
[0.640s] INFO:colcon.colcon_core.shell:Creating environment descriptor '/home/ugie_home/Wook/blog_ws/install/custom_interfaces/share/custom_interfaces/hook/ld_library_path_lib.dsv'
[0.641s] INFO:colcon.colcon_core.shell:Creating environment hook '/home/ugie_home/Wook/blog_ws/install/custom_interfaces/share/custom_interfaces/hook/ld_library_path_lib.sh'
[0.641s] Level 1:colcon.colcon_core.environment:checking '/home/ugie_home/Wook/blog_ws/install/custom_interfaces/bin'
[0.641s] Level 1:colcon.colcon_core.environment:checking '/home/ugie_home/Wook/blog_ws/install/custom_interfaces/lib/pkgconfig/custom_interfaces.pc'
[0.641s] Level 1:colcon.colcon_core.environment:checking '/home/ugie_home/Wook/blog_ws/install/custom_interfaces/lib/python3.10/site-packages'
[0.641s] Level 1:colcon.colcon_core.environment:checking '/home/ugie_home/Wook/blog_ws/install/custom_interfaces/bin'
[0.642s] INFO:colcon.colcon_core.shell:Creating package script '/home/ugie_home/Wook/blog_ws/install/custom_interfaces/share/custom_interfaces/package.ps1'
[0.642s] INFO:colcon.colcon_core.shell:Creating package descriptor '/home/ugie_home/Wook/blog_ws/install/custom_interfaces/share/custom_interfaces/package.dsv'
[0.642s] INFO:colcon.colcon_core.shell:Creating package script '/home/ugie_home/Wook/blog_ws/install/custom_interfaces/share/custom_interfaces/package.sh'
[0.643s] INFO:colcon.colcon_core.shell:Creating package script '/home/ugie_home/Wook/blog_ws/install/custom_interfaces/share/custom_interfaces/package.bash'
[0.643s] INFO:colcon.colcon_core.shell:Creating package script '/home/ugie_home/Wook/blog_ws/install/custom_interfaces/share/custom_interfaces/package.zsh'
[0.643s] Level 1:colcon.colcon_core.environment:create_file_with_runtime_dependencies(/home/ugie_home/Wook/blog_ws/install/custom_interfaces/share/colcon-core/packages/custom_interfaces)
[0.644s] INFO:colcon.colcon_ros.task.ament_cmake.build:Building ROS package in '/home/ugie_home/Wook/blog_ws/src/node_action' with build type 'ament_cmake'
[0.644s] INFO:colcon.colcon_cmake.task.cmake.build:Building CMake package in '/home/ugie_home/Wook/blog_ws/src/node_action'
[0.644s] INFO:colcon.colcon_core.shell:Skip shell extension 'powershell' for command environment: Not usable outside of PowerShell
[0.644s] DEBUG:colcon.colcon_core.shell:Skip shell extension 'dsv' for command environment
[0.653s] DEBUG:colcon.colcon_core.event_handler.log_command:Invoking command in '/home/ugie_home/Wook/blog_ws/build/node_action': CMAKE_PREFIX_PATH=${CMAKE_PREFIX_PATH}:/opt/ros/humble /usr/bin/cmake --build /home/ugie_home/Wook/blog_ws/build/node_action -- -j12 -l12
[3.363s] DEBUG:colcon.colcon_core.event_handler.log_command:Invoked command in '/home/ugie_home/Wook/blog_ws/build/node_action' returned '0': CMAKE_PREFIX_PATH=${CMAKE_PREFIX_PATH}:/opt/ros/humble /usr/bin/cmake --build /home/ugie_home/Wook/blog_ws/build/node_action -- -j12 -l12
[3.364s] DEBUG:colcon.colcon_core.event_handler.log_command:Invoking command in '/home/ugie_home/Wook/blog_ws/build/node_action': CMAKE_PREFIX_PATH=${CMAKE_PREFIX_PATH}:/opt/ros/humble /usr/bin/cmake --install /home/ugie_home/Wook/blog_ws/build/node_action
[3.379s] Level 1:colcon.colcon_core.environment:create_environment_scripts_only(node_action)
[3.379s] Level 1:colcon.colcon_core.environment:checking '/home/ugie_home/Wook/blog_ws/install/node_action' for CMake module files
[3.380s] DEBUG:colcon.colcon_core.event_handler.log_command:Invoked command in '/home/ugie_home/Wook/blog_ws/build/node_action' returned '0': CMAKE_PREFIX_PATH=${CMAKE_PREFIX_PATH}:/opt/ros/humble /usr/bin/cmake --install /home/ugie_home/Wook/blog_ws/build/node_action
[3.380s] Level 1:colcon.colcon_core.environment:checking '/home/ugie_home/Wook/blog_ws/install/node_action' for CMake config files
[3.380s] Level 1:colcon.colcon_core.shell:create_environment_hook('node_action', 'cmake_prefix_path')
[3.380s] INFO:colcon.colcon_core.shell:Creating environment hook '/home/ugie_home/Wook/blog_ws/install/node_action/share/node_action/hook/cmake_prefix_path.ps1'
[3.380s] INFO:colcon.colcon_core.shell:Creating environment descriptor '/home/ugie_home/Wook/blog_ws/install/node_action/share/node_action/hook/cmake_prefix_path.dsv'
[3.381s] INFO:colcon.colcon_core.shell:Creating environment hook '/home/ugie_home/Wook/blog_ws/install/node_action/share/node_action/hook/cmake_prefix_path.sh'
[3.381s] Level 1:colcon.colcon_core.environment:checking '/home/ugie_home/Wook/blog_ws/install/node_action/lib'
[3.381s] Level 1:colcon.colcon_core.environment:checking '/home/ugie_home/Wook/blog_ws/install/node_action/bin'
[3.381s] Level 1:colcon.colcon_core.environment:checking '/home/ugie_home/Wook/blog_ws/install/node_action/lib/pkgconfig/node_action.pc'
[3.381s] Level 1:colcon.colcon_core.environment:checking '/home/ugie_home/Wook/blog_ws/install/node_action/lib/python3.10/site-packages'
[3.381s] Level 1:colcon.colcon_core.environment:checking '/home/ugie_home/Wook/blog_ws/install/node_action/bin'
[3.382s] INFO:colcon.colcon_core.shell:Creating package script '/home/ugie_home/Wook/blog_ws/install/node_action/share/node_action/package.ps1'
[3.382s] INFO:colcon.colcon_core.shell:Creating package descriptor '/home/ugie_home/Wook/blog_ws/install/node_action/share/node_action/package.dsv'
[3.382s] INFO:colcon.colcon_core.shell:Creating package script '/home/ugie_home/Wook/blog_ws/install/node_action/share/node_action/package.sh'
[3.382s] INFO:colcon.colcon_core.shell:Creating package script '/home/ugie_home/Wook/blog_ws/install/node_action/share/node_action/package.bash'
[3.383s] INFO:colcon.colcon_core.shell:Creating package script '/home/ugie_home/Wook/blog_ws/install/node_action/share/node_action/package.zsh'
[3.383s] Level 1:colcon.colcon_core.environment:create_file_with_runtime_dependencies(/home/ugie_home/Wook/blog_ws/install/node_action/share/colcon-core/packages/node_action)
[3.383s] Level 1:colcon.colcon_core.environment:create_environment_scripts_only(node_action)
[3.383s] Level 1:colcon.colcon_core.environment:checking '/home/ugie_home/Wook/blog_ws/install/node_action' for CMake module files
[3.384s] Level 1:colcon.colcon_core.environment:checking '/home/ugie_home/Wook/blog_ws/install/node_action' for CMake config files
[3.384s] Level 1:colcon.colcon_core.shell:create_environment_hook('node_action', 'cmake_prefix_path')
[3.384s] INFO:colcon.colcon_core.shell:Creating environment hook '/home/ugie_home/Wook/blog_ws/install/node_action/share/node_action/hook/cmake_prefix_path.ps1'
[3.384s] INFO:colcon.colcon_core.shell:Creating environment descriptor '/home/ugie_home/Wook/blog_ws/install/node_action/share/node_action/hook/cmake_prefix_path.dsv'
[3.384s] INFO:colcon.colcon_core.shell:Creating environment hook '/home/ugie_home/Wook/blog_ws/install/node_action/share/node_action/hook/cmake_prefix_path.sh'
[3.385s] Level 1:colcon.colcon_core.environment:checking '/home/ugie_home/Wook/blog_ws/install/node_action/lib'
[3.385s] Level 1:colcon.colcon_core.environment:checking '/home/ugie_home/Wook/blog_ws/install/node_action/bin'
[3.385s] Level 1:colcon.colcon_core.environment:checking '/home/ugie_home/Wook/blog_ws/install/node_action/lib/pkgconfig/node_action.pc'
[3.385s] Level 1:colcon.colcon_core.environment:checking '/home/ugie_home/Wook/blog_ws/install/node_action/lib/python3.10/site-packages'
[3.385s] Level 1:colcon.colcon_core.environment:checking '/home/ugie_home/Wook/blog_ws/install/node_action/bin'
[3.385s] INFO:colcon.colcon_core.shell:Creating package script '/home/ugie_home/Wook/blog_ws/install/node_action/share/node_action/package.ps1'
[3.386s] INFO:colcon.colcon_core.shell:Creating package descriptor '/home/ugie_home/Wook/blog_ws/install/node_action/share/node_action/package.dsv'
[3.386s] INFO:colcon.colcon_core.shell:Creating package script '/home/ugie_home/Wook/blog_ws/install/node_action/share/node_action/package.sh'
[3.386s] INFO:colcon.colcon_core.shell:Creating package script '/home/ugie_home/Wook/blog_ws/install/node_action/share/node_action/package.bash'
[3.386s] INFO:colcon.colcon_core.shell:Creating package script '/home/ugie_home/Wook/blog_ws/install/node_action/share/node_action/package.zsh'
[3.387s] Level 1:colcon.colcon_core.environment:create_file_with_runtime_dependencies(/home/ugie_home/Wook/blog_ws/install/node_action/share/colcon-core/packages/node_action)
[3.387s] DEBUG:colcon.colcon_parallel_executor.executor.parallel:closing loop
[3.387s] DEBUG:colcon.colcon_parallel_executor.executor.parallel:loop closed
[3.387s] DEBUG:colcon.colcon_parallel_executor.executor.parallel:run_until_complete finished with '0'
[3.387s] DEBUG:colcon.colcon_core.event_reactor:joining thread
[3.392s] INFO:colcon.colcon_core.plugin_system:Skipping extension 'colcon_notification.desktop_notification.terminal_notifier': Not used on non-Darwin systems
[3.392s] INFO:colcon.colcon_core.plugin_system:Skipping extension 'colcon_notification.desktop_notification.win32': Not used on non-Windows systems
[3.392s] INFO:colcon.colcon_notification.desktop_notification:Sending desktop notification using 'notify2'
[3.400s] DEBUG:colcon.colcon_core.event_reactor:joined thread
[3.400s] INFO:colcon.colcon_core.shell:Creating prefix script '/home/ugie_home/Wook/blog_ws/install/local_setup.ps1'
[3.401s] INFO:colcon.colcon_core.shell:Creating prefix util module '/home/ugie_home/Wook/blog_ws/install/_local_setup_util_ps1.py'
[3.402s] INFO:colcon.colcon_core.shell:Creating prefix chain script '/home/ugie_home/Wook/blog_ws/install/setup.ps1'
[3.403s] INFO:colcon.colcon_core.shell:Creating prefix script '/home/ugie_home/Wook/blog_ws/install/local_setup.sh'
[3.403s] INFO:colcon.colcon_core.shell:Creating prefix util module '/home/ugie_home/Wook/blog_ws/install/_local_setup_util_sh.py'
[3.404s] INFO:colcon.colcon_core.shell:Creating prefix chain script '/home/ugie_home/Wook/blog_ws/install/setup.sh'
[3.405s] INFO:colcon.colcon_core.shell:Creating prefix script '/home/ugie_home/Wook/blog_ws/install/local_setup.bash'
[3.405s] INFO:colcon.colcon_core.shell:Creating prefix chain script '/home/ugie_home/Wook/blog_ws/install/setup.bash'
[3.406s] INFO:colcon.colcon_core.shell:Creating prefix script '/home/ugie_home/Wook/blog_ws/install/local_setup.zsh'
[3.406s] INFO:colcon.colcon_core.shell:Creating prefix chain script '/home/ugie_home/Wook/blog_ws/install/setup.zsh'
