[0.013s] Invoking command in '/home/ugie_home/Wook/blog_ws/build/node_default': CMAKE_PREFIX_PATH=${CMAKE_PREFIX_PATH}:/opt/ros/humble /usr/bin/cmake --build /home/ugie_home/Wook/blog_ws/build/node_default -- -j12 -l12
[0.041s] [35m[1mConsolidate compiler generated dependencies of target node_2[0m
[0.041s] [35m[1mConsolidate compiler generated dependencies of target node_1[0m
[0.063s] [ 50%] Built target node_1
[0.066s] [100%] Built target node_2
[0.078s] Invoked command in '/home/ugie_home/Wook/blog_ws/build/node_default' returned '0': CMAKE_PREFIX_PATH=${CMAKE_PREFIX_PATH}:/opt/ros/humble /usr/bin/cmake --build /home/ugie_home/Wook/blog_ws/build/node_default -- -j12 -l12
[0.085s] Invoking command in '/home/ugie_home/Wook/blog_ws/build/node_default': CMAKE_PREFIX_PATH=${CMAKE_PREFIX_PATH}:/opt/ros/humble /usr/bin/cmake --install /home/ugie_home/Wook/blog_ws/build/node_default
[0.090s] -- Install configuration: ""
[0.090s] -- Execute custom install script
[0.091s] -- Up-to-date symlink: /home/ugie_home/Wook/blog_ws/install/node_default/lib/node_default/node_1
[0.091s] -- Up-to-date symlink: /home/ugie_home/Wook/blog_ws/install/node_default/lib/node_default/node_2
[0.091s] -- Up-to-date symlink: /home/ugie_home/Wook/blog_ws/install/node_default/share/ament_index/resource_index/package_run_dependencies/node_default
[0.091s] -- Up-to-date symlink: /home/ugie_home/Wook/blog_ws/install/node_default/share/ament_index/resource_index/parent_prefix_path/node_default
[0.091s] -- Up-to-date symlink: /home/ugie_home/Wook/blog_ws/install/node_default/share/node_default/environment/ament_prefix_path.sh
[0.091s] -- Up-to-date symlink: /home/ugie_home/Wook/blog_ws/install/node_default/share/node_default/environment/ament_prefix_path.dsv
[0.091s] -- Up-to-date symlink: /home/ugie_home/Wook/blog_ws/install/node_default/share/node_default/environment/path.sh
[0.091s] -- Up-to-date symlink: /home/ugie_home/Wook/blog_ws/install/node_default/share/node_default/environment/path.dsv
[0.092s] -- Up-to-date symlink: /home/ugie_home/Wook/blog_ws/install/node_default/share/node_default/local_setup.bash
[0.092s] -- Up-to-date symlink: /home/ugie_home/Wook/blog_ws/install/node_default/share/node_default/local_setup.sh
[0.092s] -- Up-to-date symlink: /home/ugie_home/Wook/blog_ws/install/node_default/share/node_default/local_setup.zsh
[0.092s] -- Up-to-date symlink: /home/ugie_home/Wook/blog_ws/install/node_default/share/node_default/local_setup.dsv
[0.092s] -- Symlinking: /home/ugie_home/Wook/blog_ws/install/node_default/share/node_default/package.dsv
[0.099s] -- Up-to-date symlink: /home/ugie_home/Wook/blog_ws/install/node_default/share/ament_index/resource_index/packages/node_default
[0.099s] -- Up-to-date symlink: /home/ugie_home/Wook/blog_ws/install/node_default/share/node_default/cmake/node_defaultConfig.cmake
[0.099s] -- Up-to-date symlink: /home/ugie_home/Wook/blog_ws/install/node_default/share/node_default/cmake/node_defaultConfig-version.cmake
[0.099s] -- Up-to-date symlink: /home/ugie_home/Wook/blog_ws/install/node_default/share/node_default/package.xml
[0.101s] Invoked command in '/home/ugie_home/Wook/blog_ws/build/node_default' returned '0': CMAKE_PREFIX_PATH=${CMAKE_PREFIX_PATH}:/opt/ros/humble /usr/bin/cmake --install /home/ugie_home/Wook/blog_ws/build/node_default
