[35m[1mConsolidate compiler generated dependencies of target action_client[0m
[35m[1mConsolidate compiler generated dependencies of target action_server[0m
[ 75%] [32mBuilding CXX object CMakeFiles/action_client.dir/src/action_client.cpp.o[0m
[ 75%] Built target action_server
In file included from [01m[K/opt/ros/humble/include/rclcpp/rclcpp/logging.hpp:24[m[K,
                 from [01m[K/opt/ros/humble/include/rclcpp/rclcpp/client.hpp:40[m[K,
                 from [01m[K/opt/ros/humble/include/rclcpp/rclcpp/callback_group.hpp:24[m[K,
                 from [01m[K/opt/ros/humble/include/rclcpp/rclcpp/any_executable.hpp:20[m[K,
                 from [01m[K/opt/ros/humble/include/rclcpp/rclcpp/memory_strategy.hpp:25[m[K,
                 from [01m[K/opt/ros/humble/include/rclcpp/rclcpp/memory_strategies.hpp:18[m[K,
                 from [01m[K/opt/ros/humble/include/rclcpp/rclcpp/executor_options.hpp:20[m[K,
                 from [01m[K/opt/ros/humble/include/rclcpp/rclcpp/executor.hpp:37[m[K,
                 from [01m[K/opt/ros/humble/include/rclcpp/rclcpp/executors/multi_threaded_executor.hpp:25[m[K,
                 from [01m[K/opt/ros/humble/include/rclcpp/rclcpp/executors.hpp:21[m[K,
                 from [01m[K/opt/ros/humble/include/rclcpp/rclcpp/rclcpp.hpp:155[m[K,
                 from [01m[K/home/ugie_home/Wook/blog_ws/src/node_action/src/action_client.cpp:1[m[K:
[01m[K/home/ugie_home/Wook/blog_ws/src/node_action/src/action_client.cpp:[m[K In lambda function:
[01m[K/home/ugie_home/Wook/blog_ws/src/node_action/src/action_client.cpp:26:43:[m[K [01;35m[Kwarning: [m[Kformat ‘[01m[K%ld[m[K’ expects argument of type ‘[01m[Klong int[m[K’, but argument 5 has type ‘[01m[Kint[m[K’ [[01;35m[K]8;;https://gcc.gnu.org/onlinedocs/gcc/Warning-Options.html#index-Wformat=-Wformat=]8;;[m[K]
   26 |                 RCLCPP_INFO(get_logger(), [01;35m[K"Next number: %ld"[m[K, [32m[Kfeedback->partial.back()[m[K);
      |                                           [01;35m[K^~~~~~~~~~~~~~~~~~[m[K  [32m[K~~~~~~~~~~~~~~~~~~~~~~~~[m[K
      |                                                                                     [32m[K|[m[K
      |                                                                                     [32m[Kint[m[K
[01m[K/home/ugie_home/Wook/blog_ws/src/node_action/src/action_client.cpp:26:59:[m[K [01;36m[Knote: [m[Kformat string is defined here
   26 |                 RCLCPP_INFO(get_logger(), "Next number: [01;36m[K%ld[m[K", feedback->partial.back());
      |                                                         [01;36m[K~~^[m[K
      |                                                           [01;36m[K|[m[K
      |                                                           [01;36m[Klong int[m[K
      |                                                         [32m[K%d[m[K
In file included from [01m[K/opt/ros/humble/include/rclcpp/rclcpp/logging.hpp:24[m[K,
                 from [01m[K/opt/ros/humble/include/rclcpp/rclcpp/client.hpp:40[m[K,
                 from [01m[K/opt/ros/humble/include/rclcpp/rclcpp/callback_group.hpp:24[m[K,
                 from [01m[K/opt/ros/humble/include/rclcpp/rclcpp/any_executable.hpp:20[m[K,
                 from [01m[K/opt/ros/humble/include/rclcpp/rclcpp/memory_strategy.hpp:25[m[K,
                 from [01m[K/opt/ros/humble/include/rclcpp/rclcpp/memory_strategies.hpp:18[m[K,
                 from [01m[K/opt/ros/humble/include/rclcpp/rclcpp/executor_options.hpp:20[m[K,
                 from [01m[K/opt/ros/humble/include/rclcpp/rclcpp/executor.hpp:37[m[K,
                 from [01m[K/opt/ros/humble/include/rclcpp/rclcpp/executors/multi_threaded_executor.hpp:25[m[K,
                 from [01m[K/opt/ros/humble/include/rclcpp/rclcpp/executors.hpp:21[m[K,
                 from [01m[K/opt/ros/humble/include/rclcpp/rclcpp/rclcpp.hpp:155[m[K,
                 from [01m[K/home/ugie_home/Wook/blog_ws/src/node_action/src/action_client.cpp:1[m[K:
[01m[K/home/ugie_home/Wook/blog_ws/src/node_action/src/action_client.cpp:[m[K In lambda function:
[01m[K/home/ugie_home/Wook/blog_ws/src/node_action/src/action_client.cpp:33:51:[m[K [01;35m[Kwarning: [m[Kformat ‘[01m[K%ld[m[K’ expects argument of type ‘[01m[Klong int[m[K’, but argument 5 has type ‘[01m[Kint[m[K’ [[01;35m[K]8;;https://gcc.gnu.org/onlinedocs/gcc/Warning-Options.html#index-Wformat=-Wformat=]8;;[m[K]
   33 |                         RCLCPP_INFO(get_logger(), [01;35m[K"%ld"[m[K, [32m[Knum[m[K);
      |                                                   [01;35m[K^~~~~[m[K  [32m[K~~~[m[K
      |                                                          [32m[K|[m[K
      |                                                          [32m[Kint[m[K
[01m[K/home/ugie_home/Wook/blog_ws/src/node_action/src/action_client.cpp:33:54:[m[K [01;36m[Knote: [m[Kformat string is defined here
   33 |                         RCLCPP_INFO(get_logger(), "[01;36m[K%ld[m[K", num);
      |                                                    [01;36m[K~~^[m[K
      |                                                      [01;36m[K|[m[K
      |                                                      [01;36m[Klong int[m[K
      |                                                    [32m[K%d[m[K
[100%] [32m[1mLinking CXX executable action_client[0m
[100%] Built target action_client
-- Install configuration: ""
-- Execute custom install script
-- Up-to-date symlink: /home/ugie_home/Wook/blog_ws/install/node_action/lib/node_action/action_client
-- Up-to-date symlink: /home/ugie_home/Wook/blog_ws/install/node_action/lib/node_action/action_server
-- Up-to-date symlink: /home/ugie_home/Wook/blog_ws/install/node_action/share/ament_index/resource_index/package_run_dependencies/node_action
-- Up-to-date symlink: /home/ugie_home/Wook/blog_ws/install/node_action/share/ament_index/resource_index/parent_prefix_path/node_action
-- Up-to-date symlink: /home/ugie_home/Wook/blog_ws/install/node_action/share/node_action/environment/ament_prefix_path.sh
-- Up-to-date symlink: /home/ugie_home/Wook/blog_ws/install/node_action/share/node_action/environment/ament_prefix_path.dsv
-- Up-to-date symlink: /home/ugie_home/Wook/blog_ws/install/node_action/share/node_action/environment/path.sh
-- Up-to-date symlink: /home/ugie_home/Wook/blog_ws/install/node_action/share/node_action/environment/path.dsv
-- Up-to-date symlink: /home/ugie_home/Wook/blog_ws/install/node_action/share/node_action/local_setup.bash
-- Up-to-date symlink: /home/ugie_home/Wook/blog_ws/install/node_action/share/node_action/local_setup.sh
-- Up-to-date symlink: /home/ugie_home/Wook/blog_ws/install/node_action/share/node_action/local_setup.zsh
-- Up-to-date symlink: /home/ugie_home/Wook/blog_ws/install/node_action/share/node_action/local_setup.dsv
-- Symlinking: /home/ugie_home/Wook/blog_ws/install/node_action/share/node_action/package.dsv
-- Up-to-date symlink: /home/ugie_home/Wook/blog_ws/install/node_action/share/ament_index/resource_index/packages/node_action
-- Up-to-date symlink: /home/ugie_home/Wook/blog_ws/install/node_action/share/node_action/cmake/node_actionConfig.cmake
-- Up-to-date symlink: /home/ugie_home/Wook/blog_ws/install/node_action/share/node_action/cmake/node_actionConfig-version.cmake
-- Up-to-date symlink: /home/ugie_home/Wook/blog_ws/install/node_action/share/node_action/package.xml
